#
# There is insufficient memory for the Java Runtime Environment to continue.
# Native memory allocation (mmap) failed to map 12582912 bytes. Error detail: G1 virtual space
# Possible reasons:
#   The system is out of physical RAM or swap space
#   This process is running with CompressedOops enabled, and the Java Heap may be blocking the growth of the native heap
# Possible solutions:
#   Reduce memory load on the system
#   Increase physical memory or swap space
#   Check if swap backing store is full
#   Decrease Java heap size (-Xmx/-Xms)
#   Decrease number of Java threads
#   Decrease Java thread stack sizes (-Xss)
#   Set larger code cache with -XX:ReservedCodeCacheSize=
#   JVM is running with Unscaled Compressed Oops mode in which the Java heap is
#     placed in the first 4GB address space. The Java Heap base address is the
#     maximum limit for the native heap growth. Please use -XX:HeapBaseMinAddress
#     to set the Java Heap base and to place the Java Heap above 4GB virtual address.
# This output file may be truncated or incomplete.
#
#  Out of Memory Error (os_windows.cpp:3898), pid=15304, tid=2000
#
# JRE version: OpenJDK Runtime Environment (21.0.7) (build 21.0.7+-13880790-b1038.58)
# Java VM: OpenJDK 64-Bit Server VM (21.0.7+-13880790-b1038.58, mixed mode, tiered, compressed oops, compressed class ptrs, g1 gc, windows-amd64)
# No core dump will be written. Minidumps are not enabled by default on client versions of Windows
#

---------------  S U M M A R Y ------------

Command Line: org.jetbrains.kotlin.cli.jvm.K2JVMCompiler @D:\Download\Study-S\app\build\20251025_9278045249160036965.compiler.options

Host: 11th Gen Intel(R) Core(TM) i3-1115G4 @ 3.00GHz, 4 cores, 7G,  Windows 11 , 64 bit Build 22621 (10.0.22621.5415)
Time: Sat Oct 25 20:54:56 2025 SE Asia Standard Time elapsed time: 3.687147 seconds (0d 0h 0m 3s)

---------------  T H R E A D  ---------------

Current thread (0x000002837e70c6b0):  VMThread "VM Thread"          [id=2000, stack(0x0000008503500000,0x0000008503600000) (1024K)]

Stack: [0x0000008503500000,0x0000008503600000]
Native frames: (J=compiled Java code, j=interpreted, Vv=VM code, C=native code)
V  [jvm.dll+0x6d25c9]
V  [jvm.dll+0x860923]
V  [jvm.dll+0x862e7e]
V  [jvm.dll+0x863563]
V  [jvm.dll+0x27f156]
V  [jvm.dll+0x6ceee5]
V  [jvm.dll+0x6c29aa]
V  [jvm.dll+0x355ebb]
V  [jvm.dll+0x35db16]
V  [jvm.dll+0x3afb16]
V  [jvm.dll+0x3afde8]
V  [jvm.dll+0x32855c]
V  [jvm.dll+0x3285e7]
V  [jvm.dll+0x36e47c]
V  [jvm.dll+0x36cc2e]
V  [jvm.dll+0x327cb1]
V  [jvm.dll+0x36c330]
V  [jvm.dll+0x8692e8]
V  [jvm.dll+0x86a664]
V  [jvm.dll+0x86aba0]
V  [jvm.dll+0x86ae33]
V  [jvm.dll+0x808d08]
V  [jvm.dll+0x6d0e1d]
C  [ucrtbase.dll+0x29333]
C  [KERNEL32.DLL+0x1259d]
C  [ntdll.dll+0x5af78]

VM_Operation (0x0000008502efcc20): G1CollectForAllocation, mode: safepoint, requested by thread 0x00000283766cf670


---------------  P R O C E S S  ---------------

Threads class SMR info:
_java_thread_list=0x00000283155fe170, length=12, elements={
0x00000283766cf670, 0x000002837e886e50, 0x000002837e89fa90, 0x000002837e8a0100,
0x000002837e8aa260, 0x000002837e8abcd0, 0x000002837e8ad740, 0x000002837e8b01b0,
0x000002837e8b1470, 0x000002837e8e0c20, 0x000002837ea739a0, 0x000002837e98eab0
}

Java Threads: ( => current thread )
  0x00000283766cf670 JavaThread "main"                              [_thread_blocked, id=2012, stack(0x0000008502e00000,0x0000008502f00000) (1024K)]
  0x000002837e886e50 JavaThread "Common-Cleaner"             daemon [_thread_blocked, id=13680, stack(0x0000008503600000,0x0000008503700000) (1024K)]
  0x000002837e89fa90 JavaThread "Reference Handler"          daemon [_thread_blocked, id=14288, stack(0x0000008503700000,0x0000008503800000) (1024K)]
  0x000002837e8a0100 JavaThread "Finalizer"                  daemon [_thread_blocked, id=13472, stack(0x0000008503800000,0x0000008503900000) (1024K)]
  0x000002837e8aa260 JavaThread "Signal Dispatcher"          daemon [_thread_blocked, id=13420, stack(0x0000008503900000,0x0000008503a00000) (1024K)]
  0x000002837e8abcd0 JavaThread "Attach Listener"            daemon [_thread_blocked, id=7240, stack(0x0000008503a00000,0x0000008503b00000) (1024K)]
  0x000002837e8ad740 JavaThread "Service Thread"             daemon [_thread_blocked, id=13388, stack(0x0000008503b00000,0x0000008503c00000) (1024K)]
  0x000002837e8b01b0 JavaThread "Monitor Deflation Thread"   daemon [_thread_blocked, id=8036, stack(0x0000008503c00000,0x0000008503d00000) (1024K)]
  0x000002837e8b1470 JavaThread "C2 CompilerThread0"         daemon [_thread_in_native, id=15232, stack(0x0000008503d00000,0x0000008503e00000) (1024K)]
  0x000002837e8e0c20 JavaThread "C1 CompilerThread0"         daemon [_thread_blocked, id=1536, stack(0x0000008503e00000,0x0000008503f00000) (1024K)]
  0x000002837ea739a0 JavaThread "Notification Thread"        daemon [_thread_blocked, id=3924, stack(0x0000008503f00000,0x0000008504000000) (1024K)]
  0x000002837e98eab0 JavaThread "C2 CompilerThread1"         daemon [_thread_blocked, id=9620, stack(0x0000008504000000,0x0000008504100000) (1024K)]
Total: 12

Other Threads:
=>0x000002837e70c6b0 VMThread "VM Thread"                           [id=2000, stack(0x0000008503500000,0x0000008503600000) (1024K)]
  0x000002837e67c310 WatcherThread "VM Periodic Task Thread"        [id=2520, stack(0x0000008503400000,0x0000008503500000) (1024K)]
  0x0000028378a5b900 WorkerThread "GC Thread#0"                     [id=9848, stack(0x0000008502f00000,0x0000008503000000) (1024K)]
  0x000002837f063c70 WorkerThread "GC Thread#1"                     [id=12092, stack(0x0000008504100000,0x0000008504200000) (1024K)]
  0x000002837f08bf00 WorkerThread "GC Thread#2"                     [id=3840, stack(0x0000008504200000,0x0000008504300000) (1024K)]
  0x000002837f062900 WorkerThread "GC Thread#3"                     [id=5720, stack(0x0000008504300000,0x0000008504400000) (1024K)]
  0x0000028378a6c770 ConcurrentGCThread "G1 Main Marker"            [id=14344, stack(0x0000008503000000,0x0000008503100000) (1024K)]
  0x0000028378a6d3e0 WorkerThread "G1 Conc#0"                       [id=7720, stack(0x0000008503100000,0x0000008503200000) (1024K)]
  0x0000028378ace4f0 ConcurrentGCThread "G1 Refine#0"               [id=5928, stack(0x0000008503200000,0x0000008503300000) (1024K)]
  0x000002837e547240 ConcurrentGCThread "G1 Service"                [id=6484, stack(0x0000008503300000,0x0000008503400000) (1024K)]
Total: 10

Threads with active compile tasks:
C2 CompilerThread0  3702 3024   !   4       jdk.internal.loader.BuiltinClassLoader::loadClassOrNull (143 bytes)
C1 CompilerThread0  3703 3512       3       org.jetbrains.kotlin.fir.java.declarations.FirJavaValueParameterBuilder::build (68 bytes)
C2 CompilerThread1  3703 3499       4       org.jetbrains.kotlin.load.java.structure.impl.classFiles.BinaryClassSignatureParser::parseParameterizedClassRefSignature (257 bytes)
Total: 3

VM state: at safepoint (normal execution)

VM Mutex/Monitor currently owned by a thread:  ([mutex/lock_event])
[0x00007ffea0b71468] Threads_lock - owner thread: 0x000002837e70c6b0
[0x00007ffea0b71568] Heap_lock - owner thread: 0x00000283766cf670

Heap address: 0x0000000084c00000, size: 1972 MB, Compressed Oops mode: 32-bit

CDS archive(s) not mapped
Compressed class space mapped at: 0x0000000100000000-0x0000000140000000, reserved size: 1073741824
Narrow klass base: 0x0000000000000000, Narrow klass shift: 3, Narrow klass range: 0x140000000

GC Precious Log:
 CardTable entry size: 512
 Card Set container configuration: InlinePtr #cards 5 size 8 Array Of Cards #cards 12 size 40 Howl #buckets 4 coarsen threshold 1843 Howl Bitmap #cards 512 size 80 coarsen threshold 460 Card regions per heap region 1 cards per card region 2048
 CPUs: 4 total, 4 available
 Memory: 7886M
 Large Page Support: Disabled
 NUMA Support: Disabled
 Compressed Oops: Enabled (32-bit)
 Heap Region Size: 1M
 Heap Min Capacity: 8M
 Heap Initial Capacity: 124M
 Heap Max Capacity: 1972M
 Pre-touch: Disabled
 Parallel Workers: 4
 Concurrent Workers: 1
 Concurrent Refinement Workers: 4
 Periodic GC: Disabled

Heap:
 garbage-first heap   total 58368K, used 31578K [0x0000000084c00000, 0x0000000100000000)
  region size 1024K, 3 young (3072K), 3 survivors (3072K)
 Metaspace       used 48883K, committed 49088K, reserved 1114112K
  class space    used 5653K, committed 5760K, reserved 1048576K

Heap Regions: E=young(eden), S=young(survivor), O=old, HS=humongous(starts), HC=humongous(continues), CS=collection set, F=free, TAMS=top-at-mark-start, PB=parsable bottom
|   0|0x0000000084c00000, 0x0000000084d00000, 0x0000000084d00000|100%|HS|  |TAMS 0x0000000084c00000| PB 0x0000000084c00000| Complete 
|   1|0x0000000084d00000, 0x0000000084e00000, 0x0000000084e00000|100%|HC|  |TAMS 0x0000000084d00000| PB 0x0000000084d00000| Complete 
|   2|0x0000000084e00000, 0x0000000084f00000, 0x0000000084f00000|100%|HC|  |TAMS 0x0000000084e00000| PB 0x0000000084e00000| Complete 
|   3|0x0000000084f00000, 0x0000000085000000, 0x0000000085000000|100%| O|  |TAMS 0x0000000084f00000| PB 0x0000000084f00000| Untracked 
|   4|0x0000000085000000, 0x0000000085100000, 0x0000000085100000|100%| O|  |TAMS 0x0000000085000000| PB 0x0000000085000000| Untracked 
|   5|0x0000000085100000, 0x0000000085200000, 0x0000000085200000|100%| O|  |TAMS 0x0000000085100000| PB 0x0000000085100000| Untracked 
|   6|0x0000000085200000, 0x0000000085300000, 0x0000000085300000|100%| O|  |TAMS 0x0000000085200000| PB 0x0000000085200000| Untracked 
|   7|0x0000000085300000, 0x0000000085400000, 0x0000000085400000|100%| O|  |TAMS 0x0000000085300000| PB 0x0000000085300000| Untracked 
|   8|0x0000000085400000, 0x0000000085500000, 0x0000000085500000|100%| O|  |TAMS 0x0000000085400000| PB 0x0000000085400000| Untracked 
|   9|0x0000000085500000, 0x0000000085600000, 0x0000000085600000|100%| O|  |TAMS 0x0000000085500000| PB 0x0000000085500000| Untracked 
|  10|0x0000000085600000, 0x0000000085700000, 0x0000000085700000|100%| O|  |TAMS 0x0000000085600000| PB 0x0000000085600000| Untracked 
|  11|0x0000000085700000, 0x0000000085800000, 0x0000000085800000|100%| O|  |TAMS 0x0000000085700000| PB 0x0000000085700000| Untracked 
|  12|0x0000000085800000, 0x0000000085900000, 0x0000000085900000|100%| O|  |TAMS 0x0000000085800000| PB 0x0000000085800000| Untracked 
|  13|0x0000000085900000, 0x0000000085a00000, 0x0000000085a00000|100%| O|  |TAMS 0x0000000085900000| PB 0x0000000085900000| Untracked 
|  14|0x0000000085a00000, 0x0000000085b00000, 0x0000000085b00000|100%| O|  |TAMS 0x0000000085a00000| PB 0x0000000085a00000| Untracked 
|  15|0x0000000085b00000, 0x0000000085c00000, 0x0000000085c00000|100%| O|  |TAMS 0x0000000085b00000| PB 0x0000000085b00000| Untracked 
|  16|0x0000000085c00000, 0x0000000085d00000, 0x0000000085d00000|100%| O|  |TAMS 0x0000000085c00000| PB 0x0000000085c00000| Untracked 
|  17|0x0000000085d00000, 0x0000000085e00000, 0x0000000085e00000|100%| O|  |TAMS 0x0000000085d00000| PB 0x0000000085d00000| Untracked 
|  18|0x0000000085e00000, 0x0000000085f00000, 0x0000000085f00000|100%| O|  |TAMS 0x0000000085e00000| PB 0x0000000085e00000| Untracked 
|  19|0x0000000085f00000, 0x0000000086000000, 0x0000000086000000|100%| O|  |TAMS 0x0000000085f00000| PB 0x0000000085f00000| Untracked 
|  20|0x0000000086000000, 0x0000000086100000, 0x0000000086100000|100%| O|  |TAMS 0x0000000086000000| PB 0x0000000086000000| Untracked 
|  21|0x0000000086100000, 0x0000000086200000, 0x0000000086200000|100%| O|  |TAMS 0x0000000086100000| PB 0x0000000086100000| Untracked 
|  22|0x0000000086200000, 0x0000000086300000, 0x0000000086300000|100%| O|  |TAMS 0x0000000086200000| PB 0x0000000086200000| Untracked 
|  23|0x0000000086300000, 0x0000000086400000, 0x0000000086400000|100%| O|  |TAMS 0x0000000086300000| PB 0x0000000086300000| Untracked 
|  24|0x0000000086400000, 0x0000000086500000, 0x0000000086500000|100%| O|  |TAMS 0x0000000086400000| PB 0x0000000086400000| Untracked 
|  25|0x0000000086500000, 0x0000000086500000, 0x0000000086600000|  0%| F|  |TAMS 0x0000000086500000| PB 0x0000000086500000| Untracked 
|  26|0x0000000086600000, 0x0000000086600000, 0x0000000086700000|  0%| F|  |TAMS 0x0000000086600000| PB 0x0000000086600000| Untracked 
|  27|0x0000000086700000, 0x0000000086700000, 0x0000000086800000|  0%| F|  |TAMS 0x0000000086700000| PB 0x0000000086700000| Untracked 
|  28|0x0000000086800000, 0x00000000868d6a60, 0x0000000086900000| 83%| O|  |TAMS 0x0000000086800000| PB 0x0000000086800000| Untracked 
|  29|0x0000000086900000, 0x0000000086900000, 0x0000000086a00000|  0%| F|  |TAMS 0x0000000086900000| PB 0x0000000086900000| Untracked 
|  30|0x0000000086a00000, 0x0000000086a00000, 0x0000000086b00000|  0%| F|  |TAMS 0x0000000086a00000| PB 0x0000000086a00000| Untracked 
|  31|0x0000000086b00000, 0x0000000086b00000, 0x0000000086c00000|  0%| F|  |TAMS 0x0000000086b00000| PB 0x0000000086b00000| Untracked 
|  32|0x0000000086c00000, 0x0000000086d00000, 0x0000000086d00000|100%| S|CS|TAMS 0x0000000086c00000| PB 0x0000000086c00000| Complete 
|  33|0x0000000086d00000, 0x0000000086e00000, 0x0000000086e00000|100%| S|CS|TAMS 0x0000000086d00000| PB 0x0000000086d00000| Complete 
|  34|0x0000000086e00000, 0x0000000086f00000, 0x0000000086f00000|100%| S|CS|TAMS 0x0000000086e00000| PB 0x0000000086e00000| Complete 
|  35|0x0000000086f00000, 0x0000000086f00000, 0x0000000087000000|  0%| F|  |TAMS 0x0000000086f00000| PB 0x0000000086f00000| Untracked 
|  36|0x0000000087000000, 0x0000000087000000, 0x0000000087100000|  0%| F|  |TAMS 0x0000000087000000| PB 0x0000000087000000| Untracked 
|  37|0x0000000087100000, 0x0000000087100000, 0x0000000087200000|  0%| F|  |TAMS 0x0000000087100000| PB 0x0000000087100000| Untracked 
|  38|0x0000000087200000, 0x0000000087200000, 0x0000000087300000|  0%| F|  |TAMS 0x0000000087200000| PB 0x0000000087200000| Untracked 
|  39|0x0000000087300000, 0x0000000087300000, 0x0000000087400000|  0%| F|  |TAMS 0x0000000087300000| PB 0x0000000087300000| Untracked 
|  40|0x0000000087400000, 0x0000000087400000, 0x0000000087500000|  0%| F|  |TAMS 0x0000000087400000| PB 0x0000000087400000| Untracked 
|  41|0x0000000087500000, 0x0000000087500000, 0x0000000087600000|  0%| F|  |TAMS 0x0000000087500000| PB 0x0000000087500000| Untracked 
|  42|0x0000000087600000, 0x0000000087600000, 0x0000000087700000|  0%| F|  |TAMS 0x0000000087600000| PB 0x0000000087600000| Untracked 
|  43|0x0000000087700000, 0x0000000087700000, 0x0000000087800000|  0%| F|  |TAMS 0x0000000087700000| PB 0x0000000087700000| Untracked 
|  44|0x0000000087800000, 0x0000000087800000, 0x0000000087900000|  0%| F|  |TAMS 0x0000000087800000| PB 0x0000000087800000| Untracked 
|  45|0x0000000087900000, 0x0000000087900000, 0x0000000087a00000|  0%| F|  |TAMS 0x0000000087900000| PB 0x0000000087900000| Untracked 
|  46|0x0000000087a00000, 0x0000000087a00000, 0x0000000087b00000|  0%| F|  |TAMS 0x0000000087a00000| PB 0x0000000087a00000| Untracked 
|  47|0x0000000087b00000, 0x0000000087b00000, 0x0000000087c00000|  0%| F|  |TAMS 0x0000000087b00000| PB 0x0000000087b00000| Untracked 
|  48|0x0000000087c00000, 0x0000000087c00000, 0x0000000087d00000|  0%| F|  |TAMS 0x0000000087c00000| PB 0x0000000087c00000| Untracked 
|  49|0x0000000087d00000, 0x0000000087d00000, 0x0000000087e00000|  0%| F|  |TAMS 0x0000000087d00000| PB 0x0000000087d00000| Untracked 
|  50|0x0000000087e00000, 0x0000000087e00000, 0x0000000087f00000|  0%| F|  |TAMS 0x0000000087e00000| PB 0x0000000087e00000| Untracked 
|  51|0x0000000087f00000, 0x0000000087f00000, 0x0000000088000000|  0%| F|  |TAMS 0x0000000087f00000| PB 0x0000000087f00000| Untracked 
| 110|0x000000008ba00000, 0x000000008ba00000, 0x000000008bb00000|  0%| F|  |TAMS 0x000000008ba00000| PB 0x000000008ba00000| Untracked 
| 111|0x000000008bb00000, 0x000000008bb00000, 0x000000008bc00000|  0%| F|  |TAMS 0x000000008bb00000| PB 0x000000008bb00000| Untracked 
| 123|0x000000008c700000, 0x000000008c700000, 0x000000008c800000|  0%| F|  |TAMS 0x000000008c700000| PB 0x000000008c700000| Untracked 
|1970|0x00000000ffe00000, 0x00000000fff00000, 0x00000000fff00000|100%| O|  |TAMS 0x00000000ffe00000| PB 0x00000000ffe00000| Untracked 
|1971|0x00000000fff00000, 0x0000000100000000, 0x0000000100000000|100%| O|  |TAMS 0x00000000fff00000| PB 0x00000000fff00000| Untracked 

Card table byte_map: [0x000002837bf40000,0x000002837c320000] _byte_map_base: 0x000002837bb1a000

Marking Bits: (CMBitMap*) 0x0000028378a5c000
 Bits: [0x000002837c320000, 0x000002837e1f0000)

Polling page: 0x0000028376a00000

Metaspace:

Usage:
  Non-class:     42.22 MB used.
      Class:      5.52 MB used.
       Both:     47.74 MB used.

Virtual space:
  Non-class space:       64.00 MB reserved,      42.31 MB ( 66%) committed,  1 nodes.
      Class space:        1.00 GB reserved,       5.62 MB ( <1%) committed,  1 nodes.
             Both:        1.06 GB reserved,      47.94 MB (  4%) committed. 

Chunk freelists:
   Non-Class:  4.75 MB
       Class:  10.34 MB
        Both:  15.09 MB

MaxMetaspaceSize: unlimited
CompressedClassSpaceSize: 1.00 GB
Initial GC threshold: 21.00 MB
Current GC threshold: 59.62 MB
CDS: off
 - commit_granule_bytes: 65536.
 - commit_granule_words: 8192.
 - virtual_space_node_default_size: 8388608.
 - enlarge_chunks_in_place: 1.
 - use_allocation_guard: 0.


Internal statistics:

num_allocs_failed_limit: 9.
num_arena_births: 198.
num_arena_deaths: 0.
num_vsnodes_births: 2.
num_vsnodes_deaths: 0.
num_space_committed: 765.
num_space_uncommitted: 0.
num_chunks_returned_to_freelist: 9.
num_chunks_taken_from_freelist: 1570.
num_chunk_merges: 9.
num_chunk_splits: 1338.
num_chunks_enlarged: 1223.
num_inconsistent_stats: 0.

CodeHeap 'non-profiled nmethods': size=120000Kb used=1783Kb max_used=1783Kb free=118216Kb
 bounds [0x0000028307ad0000, 0x0000028307d40000, 0x000002830f000000]
CodeHeap 'profiled nmethods': size=120000Kb used=7226Kb max_used=7226Kb free=112773Kb
 bounds [0x0000028300000000, 0x0000028300710000, 0x0000028307530000]
CodeHeap 'non-nmethods': size=5760Kb used=1737Kb max_used=1759Kb free=4023Kb
 bounds [0x0000028307530000, 0x00000283077a0000, 0x0000028307ad0000]
 total_blobs=4015 nmethods=3381 adapters=538
 compilation: enabled
              stopped_count=0, restarted_count=0
 full_count=0

Compilation events (20 events):
Event: 3.666 Thread 0x000002837e8e0c20 nmethod 3474 0x0000028300706210 code [0x00000283007064c0, 0x0000028300707458]
Event: 3.666 Thread 0x000002837e8e0c20 3475       3       org.jetbrains.kotlin.fir.declarations.builder.FirFieldBuilder::setModuleData (12 bytes)
Event: 3.666 Thread 0x000002837e8e0c20 nmethod 3475 0x0000028300707890 code [0x0000028300707ac0, 0x00000283007080a0]
Event: 3.666 Thread 0x000002837e8e0c20 3467       1       org.jetbrains.kotlin.com.intellij.util.containers.LinkedCustomHashMap$Entry::access$100 (5 bytes)
Event: 3.666 Thread 0x000002837e8e0c20 nmethod 3467 0x0000028307c8d810 code [0x0000028307c8d9a0, 0x0000028307c8da50]
Event: 3.666 Thread 0x000002837e8e0c20 3497       1       org.jetbrains.kotlin.com.intellij.util.pico.DefaultPicoContainer$InstanceComponentAdapter::getComponentInstance (5 bytes)
Event: 3.666 Thread 0x000002837e8e0c20 nmethod 3497 0x0000028307c8db10 code [0x0000028307c8dca0, 0x0000028307c8dd68]
Event: 3.668 Thread 0x000002837e8e0c20 3504       3       org.jetbrains.kotlin.load.java.structure.impl.classFiles.AnnotationsAndParameterCollectorMethodVisitor::visitParameterAnnotation (83 bytes)
Event: 3.669 Thread 0x000002837e8e0c20 nmethod 3504 0x0000028300708310 code [0x0000028300708580, 0x0000028300708e48]
Event: 3.669 Thread 0x000002837e8e0c20 3505       3       org.jetbrains.kotlin.it.unimi.dsi.fastutil.objects.ObjectOpenHashSet::rehash (133 bytes)
Event: 3.670 Thread 0x000002837e8e0c20 nmethod 3505 0x0000028300709190 code [0x00000283007093c0, 0x0000028300709dc0]
Event: 3.670 Thread 0x000002837e8e0c20 3507       3       org.jetbrains.kotlin.load.java.structure.impl.classFiles.BinaryJavaAnnotation::<init> (10 bytes)
Event: 3.670 Thread 0x000002837e8e0c20 nmethod 3507 0x000002830070a210 code [0x000002830070a3c0, 0x000002830070a4f8]
Event: 3.670 Thread 0x000002837e8e0c20 3508       3       org.jetbrains.kotlin.load.java.structure.impl.classFiles.BinaryJavaAnnotation::<init> (38 bytes)
Event: 3.670 Thread 0x000002837e8e0c20 nmethod 3508 0x000002830070a590 code [0x000002830070a7c0, 0x000002830070af50]
Event: 3.670 Thread 0x000002837e8e0c20 3506       3       org.jetbrains.kotlin.load.java.structure.impl.classFiles.BinaryJavaAnnotation$Companion::createAnnotationAndVisitor (69 bytes)
Event: 3.671 Thread 0x000002837e8e0c20 nmethod 3506 0x000002830070b210 code [0x000002830070b6e0, 0x000002830070d878]
Event: 3.671 Thread 0x000002837e8e0c20 3509       3       org.jetbrains.kotlin.load.java.structure.impl.classFiles.BinaryJavaAnnotation$$Lambda/0x00000001005947e0::<init> (15 bytes)
Event: 3.672 Thread 0x000002837e8e0c20 nmethod 3509 0x000002830070e510 code [0x000002830070e6c0, 0x000002830070e8e0]
Event: 3.672 Thread 0x000002837e8e0c20 3512       3       org.jetbrains.kotlin.fir.java.declarations.FirJavaValueParameterBuilder::build (68 bytes)

GC Heap History (20 events):
Event: 0.589 GC heap after
{Heap after GC invocations=1 (full 0):
 garbage-first heap   total 126976K, used 5296K [0x0000000084c00000, 0x0000000100000000)
  region size 1024K, 2 young (2048K), 2 survivors (2048K)
 Metaspace       used 11265K, committed 11456K, reserved 1114112K
  class space    used 964K, committed 1088K, reserved 1048576K
}
Event: 0.871 GC heap before
{Heap before GC invocations=1 (full 0):
 garbage-first heap   total 126976K, used 24752K [0x0000000084c00000, 0x0000000100000000)
  region size 1024K, 22 young (22528K), 2 survivors (2048K)
 Metaspace       used 17167K, committed 17344K, reserved 1114112K
  class space    used 1697K, committed 1792K, reserved 1048576K
}
Event: 0.876 GC heap after
{Heap after GC invocations=2 (full 0):
 garbage-first heap   total 126976K, used 6871K [0x0000000084c00000, 0x0000000100000000)
  region size 1024K, 2 young (2048K), 2 survivors (2048K)
 Metaspace       used 17167K, committed 17344K, reserved 1114112K
  class space    used 1697K, committed 1792K, reserved 1048576K
}
Event: 1.034 GC heap before
{Heap before GC invocations=2 (full 0):
 garbage-first heap   total 126976K, used 18135K [0x0000000084c00000, 0x0000000100000000)
  region size 1024K, 14 young (14336K), 2 survivors (2048K)
 Metaspace       used 21285K, committed 21504K, reserved 1114112K
  class space    used 2201K, committed 2304K, reserved 1048576K
}
Event: 1.037 GC heap after
{Heap after GC invocations=3 (full 0):
 garbage-first heap   total 126976K, used 7419K [0x0000000084c00000, 0x0000000100000000)
  region size 1024K, 2 young (2048K), 2 survivors (2048K)
 Metaspace       used 21285K, committed 21504K, reserved 1114112K
  class space    used 2201K, committed 2304K, reserved 1048576K
}
Event: 1.351 GC heap before
{Heap before GC invocations=4 (full 0):
 garbage-first heap   total 27648K, used 26875K [0x0000000084c00000, 0x0000000100000000)
  region size 1024K, 21 young (21504K), 2 survivors (2048K)
 Metaspace       used 25315K, committed 25536K, reserved 1114112K
  class space    used 2702K, committed 2816K, reserved 1048576K
}
Event: 1.360 GC heap after
{Heap after GC invocations=5 (full 0):
 garbage-first heap   total 34816K, used 11871K [0x0000000084c00000, 0x0000000100000000)
  region size 1024K, 7 young (7168K), 7 survivors (7168K)
 Metaspace       used 25315K, committed 25536K, reserved 1114112K
  class space    used 2702K, committed 2816K, reserved 1048576K
}
Event: 1.434 GC heap before
{Heap before GC invocations=5 (full 0):
 garbage-first heap   total 34816K, used 23135K [0x0000000084c00000, 0x0000000100000000)
  region size 1024K, 18 young (18432K), 7 survivors (7168K)
 Metaspace       used 25330K, committed 25536K, reserved 1114112K
  class space    used 2702K, committed 2816K, reserved 1048576K
}
Event: 1.448 GC heap after
{Heap after GC invocations=6 (full 0):
 garbage-first heap   total 36864K, used 17103K [0x0000000084c00000, 0x0000000100000000)
  region size 1024K, 3 young (3072K), 3 survivors (3072K)
 Metaspace       used 25330K, committed 25536K, reserved 1114112K
  class space    used 2702K, committed 2816K, reserved 1048576K
}
Event: 1.605 GC heap before
{Heap before GC invocations=6 (full 0):
 garbage-first heap   total 36864K, used 26319K [0x0000000084c00000, 0x0000000100000000)
  region size 1024K, 12 young (12288K), 3 survivors (3072K)
 Metaspace       used 27731K, committed 27968K, reserved 1114112K
  class space    used 2996K, committed 3136K, reserved 1048576K
}
Event: 1.611 GC heap after
{Heap after GC invocations=7 (full 0):
 garbage-first heap   total 58368K, used 18789K [0x0000000084c00000, 0x0000000100000000)
  region size 1024K, 2 young (2048K), 2 survivors (2048K)
 Metaspace       used 27731K, committed 27968K, reserved 1114112K
  class space    used 2996K, committed 3136K, reserved 1048576K
}
Event: 2.008 GC heap before
{Heap before GC invocations=7 (full 0):
 garbage-first heap   total 58368K, used 41317K [0x0000000084c00000, 0x0000000100000000)
  region size 1024K, 25 young (25600K), 2 survivors (2048K)
 Metaspace       used 33001K, committed 33216K, reserved 1114112K
  class space    used 4057K, committed 4160K, reserved 1048576K
}
Event: 2.013 GC heap after
{Heap after GC invocations=8 (full 0):
 garbage-first heap   total 58368K, used 21504K [0x0000000084c00000, 0x0000000100000000)
  region size 1024K, 4 young (4096K), 4 survivors (4096K)
 Metaspace       used 33001K, committed 33216K, reserved 1114112K
  class space    used 4057K, committed 4160K, reserved 1048576K
}
Event: 2.296 GC heap before
{Heap before GC invocations=8 (full 0):
 garbage-first heap   total 58368K, used 32768K [0x0000000084c00000, 0x0000000100000000)
  region size 1024K, 17 young (17408K), 4 survivors (4096K)
 Metaspace       used 35859K, committed 36096K, reserved 1114112K
  class space    used 4356K, committed 4480K, reserved 1048576K
}
Event: 2.302 GC heap after
{Heap after GC invocations=9 (full 0):
 garbage-first heap   total 58368K, used 22807K [0x0000000084c00000, 0x0000000100000000)
  region size 1024K, 2 young (2048K), 2 survivors (2048K)
 Metaspace       used 35859K, committed 36096K, reserved 1114112K
  class space    used 4356K, committed 4480K, reserved 1048576K
}
Event: 2.704 GC heap before
{Heap before GC invocations=10 (full 0):
 garbage-first heap   total 58368K, used 44311K [0x0000000084c00000, 0x0000000100000000)
  region size 1024K, 24 young (24576K), 2 survivors (2048K)
 Metaspace       used 41748K, committed 41984K, reserved 1114112K
  class space    used 4928K, committed 5056K, reserved 1048576K
}
Event: 2.709 GC heap after
{Heap after GC invocations=11 (full 0):
 garbage-first heap   total 58368K, used 24008K [0x0000000084c00000, 0x0000000100000000)
  region size 1024K, 3 young (3072K), 3 survivors (3072K)
 Metaspace       used 41748K, committed 41984K, reserved 1114112K
  class space    used 4928K, committed 5056K, reserved 1048576K
}
Event: 3.167 GC heap before
{Heap before GC invocations=11 (full 0):
 garbage-first heap   total 58368K, used 46536K [0x0000000084c00000, 0x0000000100000000)
  region size 1024K, 26 young (26624K), 3 survivors (3072K)
 Metaspace       used 45562K, committed 45760K, reserved 1114112K
  class space    used 5329K, committed 5440K, reserved 1048576K
}
Event: 3.176 GC heap after
{Heap after GC invocations=12 (full 0):
 garbage-first heap   total 58368K, used 27389K [0x0000000084c00000, 0x0000000100000000)
  region size 1024K, 4 young (4096K), 4 survivors (4096K)
 Metaspace       used 45562K, committed 45760K, reserved 1114112K
  class space    used 5329K, committed 5440K, reserved 1048576K
}
Event: 3.673 GC heap before
{Heap before GC invocations=12 (full 0):
 garbage-first heap   total 58368K, used 46845K [0x0000000084c00000, 0x0000000100000000)
  region size 1024K, 24 young (24576K), 4 survivors (4096K)
 Metaspace       used 48883K, committed 49088K, reserved 1114112K
  class space    used 5653K, committed 5760K, reserved 1048576K
}

Dll operation events (3 events):
Event: 0.006 Loaded shared library D:\android\jbr\bin\java.dll
Event: 0.011 Loaded shared library D:\android\jbr\bin\zip.dll
Event: 1.223 Loaded shared library D:\android\jbr\bin\verify.dll

Deoptimization events (20 events):
Event: 3.470 Thread 0x00000283766cf670 DEOPT PACKING pc=0x0000028307bb5fd8 sp=0x0000008502ef74c0
Event: 3.470 Thread 0x00000283766cf670 DEOPT UNPACKING pc=0x0000028307587da2 sp=0x0000008502ef7280 mode 2
Event: 3.470 Thread 0x00000283766cf670 Uncommon trap: trap_request=0xffffff45 fr.pc=0x0000028307bbe624 relative=0x0000000000000984
Event: 3.470 Thread 0x00000283766cf670 Uncommon trap: reason=unstable_if action=reinterpret pc=0x0000028307bbe624 method=sun.net.www.ParseUtil.firstEncodeIndex(Ljava/lang/String;)I @ 27 c2
Event: 3.470 Thread 0x00000283766cf670 DEOPT PACKING pc=0x0000028307bbe624 sp=0x0000008502ef7560
Event: 3.470 Thread 0x00000283766cf670 DEOPT UNPACKING pc=0x0000028307587da2 sp=0x0000008502ef73d8 mode 2
Event: 3.470 Thread 0x00000283766cf670 Uncommon trap: trap_request=0xffffff45 fr.pc=0x0000028307bcd364 relative=0x00000000000001c4
Event: 3.470 Thread 0x00000283766cf670 Uncommon trap: reason=unstable_if action=reinterpret pc=0x0000028307bcd364 method=java.lang.String.indexOf(II)I @ 4 c2
Event: 3.470 Thread 0x00000283766cf670 DEOPT PACKING pc=0x0000028307bcd364 sp=0x0000008502ef7240
Event: 3.470 Thread 0x00000283766cf670 DEOPT UNPACKING pc=0x0000028307587da2 sp=0x0000008502ef7170 mode 2
Event: 3.470 Thread 0x00000283766cf670 Uncommon trap: trap_request=0xffffff45 fr.pc=0x0000028307b9101c relative=0x000000000000025c
Event: 3.470 Thread 0x00000283766cf670 Uncommon trap: reason=unstable_if action=reinterpret pc=0x0000028307b9101c method=java.lang.String.startsWith(Ljava/lang/String;I)Z @ 50 c2
Event: 3.470 Thread 0x00000283766cf670 DEOPT PACKING pc=0x0000028307b9101c sp=0x0000008502ef7290
Event: 3.470 Thread 0x00000283766cf670 DEOPT UNPACKING pc=0x0000028307587da2 sp=0x0000008502ef7218 mode 2
Event: 3.470 Thread 0x00000283766cf670 Uncommon trap: trap_request=0xffffff45 fr.pc=0x0000028307af059c relative=0x000000000000071c
Event: 3.470 Thread 0x00000283766cf670 Uncommon trap: reason=unstable_if action=reinterpret pc=0x0000028307af059c method=java.lang.String.lastIndexOf(II)I @ 4 c2
Event: 3.470 Thread 0x00000283766cf670 DEOPT PACKING pc=0x0000028307af059c sp=0x0000008502ef72f0
Event: 3.470 Thread 0x00000283766cf670 DEOPT UNPACKING pc=0x0000028307587da2 sp=0x0000008502ef71f0 mode 2
Event: 3.498 Thread 0x00000283766cf670 DEOPT PACKING pc=0x00000283006106d4 sp=0x0000008502efd440
Event: 3.498 Thread 0x00000283766cf670 DEOPT UNPACKING pc=0x00000283075888e2 sp=0x0000008502efca80 mode 0

Classes loaded (20 events):
Event: 2.460 Loading class java/util/function/IntUnaryOperator
Event: 2.460 Loading class java/util/function/IntUnaryOperator done
Event: 2.571 Loading class java/util/ArrayList$ListItr
Event: 2.572 Loading class java/util/ArrayList$ListItr done
Event: 2.703 Loading class java/math/RoundingMode
Event: 2.703 Loading class java/math/RoundingMode done
Event: 3.055 Loading class java/util/PriorityQueue
Event: 3.056 Loading class java/util/PriorityQueue done
Event: 3.252 Loading class java/security/AccessControlException
Event: 3.252 Loading class java/security/AccessControlException done
Event: 3.262 Loading class java/lang/annotation/ElementType
Event: 3.262 Loading class java/lang/annotation/ElementType done
Event: 3.262 Loading class java/lang/Deprecated
Event: 3.262 Loading class java/lang/Deprecated done
Event: 3.262 Loading class java/lang/Override
Event: 3.262 Loading class java/lang/Override done
Event: 3.492 Loading class java/text/StringCharacterIterator
Event: 3.492 Loading class java/text/CharacterIterator
Event: 3.492 Loading class java/text/CharacterIterator done
Event: 3.492 Loading class java/text/StringCharacterIterator done

Classes unloaded (0 events):
No events

Classes redefined (0 events):
No events

Internal exceptions (20 events):
Event: 2.437 Thread 0x00000283766cf670 Exception <a 'java/lang/NoSuchMethodError'{0x0000000087889830}: 'java.lang.Object java.lang.invoke.DirectMethodHandle$Holder.invokeVirtual(java.lang.Object, java.lang.Object, java.lang.Object)'> (0x0000000087889830) 
thrown [s\src\hotspot\share\interpreter\linkResolver.cpp, line 784]
Event: 2.461 Thread 0x00000283766cf670 Exception <a 'java/lang/NoSuchMethodError'{0x0000000087605bf8}: 'java.lang.Object java.lang.invoke.DirectMethodHandle$Holder.newInvokeSpecial(java.lang.Object, java.lang.Object, int)'> (0x0000000087605bf8) 
thrown [s\src\hotspot\share\interpreter\linkResolver.cpp, line 784]
Event: 2.972 Thread 0x00000283766cf670 Implicit null exception at 0x0000028307bf5e28 to 0x0000028307bf6a68
Event: 2.973 Thread 0x00000283766cf670 Implicit null exception at 0x0000028307bbaa63 to 0x0000028307bbaaf5
Event: 2.973 Thread 0x00000283766cf670 Implicit null exception at 0x0000028307c0d3ce to 0x0000028307c101d0
Event: 2.973 Thread 0x00000283766cf670 Implicit null exception at 0x0000028307c0d3ce to 0x0000028307c101d0
Event: 2.973 Thread 0x00000283766cf670 Implicit null exception at 0x0000028307c0d3ce to 0x0000028307c101d0
Event: 2.973 Thread 0x00000283766cf670 Implicit null exception at 0x0000028307c0d3ce to 0x0000028307c101d0
Event: 2.973 Thread 0x00000283766cf670 Implicit null exception at 0x0000028307c0d3ce to 0x0000028307c101d0
Event: 2.973 Thread 0x00000283766cf670 Implicit null exception at 0x0000028307c0d3ce to 0x0000028307c101d0
Event: 2.973 Thread 0x00000283766cf670 Implicit null exception at 0x0000028307c0d3ce to 0x0000028307c101d0
Event: 2.973 Thread 0x00000283766cf670 Implicit null exception at 0x0000028307c0d3ce to 0x0000028307c101d0
Event: 2.973 Thread 0x00000283766cf670 Implicit null exception at 0x0000028307c0d3ce to 0x0000028307c101d0
Event: 2.973 Thread 0x00000283766cf670 Implicit null exception at 0x0000028307c0d3ce to 0x0000028307c101d0
Event: 2.973 Thread 0x00000283766cf670 Implicit null exception at 0x0000028307c0d3ce to 0x0000028307c101d0
Event: 2.973 Thread 0x00000283766cf670 Implicit null exception at 0x0000028307c059c0 to 0x0000028307c086f8
Event: 2.973 Thread 0x00000283766cf670 Implicit null exception at 0x0000028307bfcbbc to 0x0000028307bfd36c
Event: 3.233 Thread 0x00000283766cf670 Exception <a 'java/lang/NoSuchMethodError'{0x000000008bbf5ee0}: 'java.lang.Object java.lang.invoke.DirectMethodHandle$Holder.newInvokeSpecial(java.lang.Object, java.lang.Object, java.lang.Object, int, java.lang.Object)'> (0x000000008bbf5ee0) 
thrown [s\src\hotspot\share\interpreter\linkResolver.cpp, line 784]
Event: 3.352 Thread 0x00000283766cf670 Implicit null exception at 0x0000028307c5ad09 to 0x0000028307c5b590
Event: 3.352 Thread 0x00000283766cf670 Implicit null exception at 0x0000028307c4939e to 0x0000028307c495c0

ZGC Phase Switch (0 events):
No events

VM Operations (20 events):
Event: 2.572 Executing VM operation: HandshakeAllThreads (Deoptimize) done
Event: 2.704 Executing VM operation: G1CollectForAllocation (G1 Evacuation Pause)
Event: 2.709 Executing VM operation: G1CollectForAllocation (G1 Evacuation Pause) done
Event: 2.803 Executing VM operation: HandshakeAllThreads (Deoptimize)
Event: 2.803 Executing VM operation: HandshakeAllThreads (Deoptimize) done
Event: 2.807 Executing VM operation: HandshakeAllThreads (Deoptimize)
Event: 2.807 Executing VM operation: HandshakeAllThreads (Deoptimize) done
Event: 2.942 Executing VM operation: HandshakeAllThreads (Deoptimize)
Event: 2.942 Executing VM operation: HandshakeAllThreads (Deoptimize) done
Event: 3.167 Executing VM operation: G1CollectForAllocation (G1 Evacuation Pause)
Event: 3.176 Executing VM operation: G1CollectForAllocation (G1 Evacuation Pause) done
Event: 3.253 Executing VM operation: HandshakeAllThreads (Deoptimize)
Event: 3.253 Executing VM operation: HandshakeAllThreads (Deoptimize) done
Event: 3.386 Executing VM operation: HandshakeAllThreads (Deoptimize)
Event: 3.386 Executing VM operation: HandshakeAllThreads (Deoptimize) done
Event: 3.457 Executing VM operation: ICBufferFull
Event: 3.457 Executing VM operation: ICBufferFull done
Event: 3.498 Executing VM operation: HandshakeAllThreads (Deoptimize)
Event: 3.498 Executing VM operation: HandshakeAllThreads (Deoptimize) done
Event: 3.673 Executing VM operation: G1CollectForAllocation (G1 Evacuation Pause)

Memory protections (0 events):
No events

Nmethod flushes (20 events):
Event: 2.326 Thread 0x000002837e70c6b0 flushing  nmethod 0x0000028300059b10
Event: 2.326 Thread 0x000002837e70c6b0 flushing  nmethod 0x000002830005a290
Event: 2.326 Thread 0x000002837e70c6b0 flushing  nmethod 0x000002830005bb10
Event: 2.326 Thread 0x000002837e70c6b0 flushing  nmethod 0x0000028300063810
Event: 2.326 Thread 0x000002837e70c6b0 flushing  nmethod 0x0000028300074a90
Event: 2.326 Thread 0x000002837e70c6b0 flushing  nmethod 0x0000028300074e90
Event: 2.326 Thread 0x000002837e70c6b0 flushing  nmethod 0x0000028300076490
Event: 2.326 Thread 0x000002837e70c6b0 flushing  nmethod 0x0000028300079090
Event: 2.326 Thread 0x000002837e70c6b0 flushing  nmethod 0x0000028300096010
Event: 2.326 Thread 0x000002837e70c6b0 flushing  nmethod 0x0000028300096c10
Event: 2.326 Thread 0x000002837e70c6b0 flushing  nmethod 0x0000028300097110
Event: 2.326 Thread 0x000002837e70c6b0 flushing  nmethod 0x0000028300099590
Event: 2.326 Thread 0x000002837e70c6b0 flushing  nmethod 0x000002830009b310
Event: 2.326 Thread 0x000002837e70c6b0 flushing  nmethod 0x000002830009b610
Event: 2.326 Thread 0x000002837e70c6b0 flushing  nmethod 0x000002830009c610
Event: 2.326 Thread 0x000002837e70c6b0 flushing  nmethod 0x000002830009d390
Event: 2.326 Thread 0x000002837e70c6b0 flushing  nmethod 0x00000283000a1c90
Event: 2.326 Thread 0x000002837e70c6b0 flushing  nmethod 0x00000283000da390
Event: 2.326 Thread 0x000002837e70c6b0 flushing  nmethod 0x00000283000df990
Event: 2.326 Thread 0x000002837e70c6b0 flushing  nmethod 0x000002830011b790

Events (18 events):
Event: 0.010 Thread 0x00000283766cf670 Thread added: 0x00000283766cf670
Event: 0.067 Thread 0x00000283766cf670 Thread added: 0x000002837e886e50
Event: 0.074 Thread 0x00000283766cf670 Thread added: 0x000002837e89fa90
Event: 0.074 Thread 0x00000283766cf670 Thread added: 0x000002837e8a0100
Event: 0.075 Thread 0x00000283766cf670 Thread added: 0x000002837e8aa260
Event: 0.075 Thread 0x00000283766cf670 Thread added: 0x000002837e8abcd0
Event: 0.075 Thread 0x00000283766cf670 Thread added: 0x000002837e8ad740
Event: 0.075 Thread 0x00000283766cf670 Thread added: 0x000002837e8b01b0
Event: 0.075 Thread 0x00000283766cf670 Thread added: 0x000002837e8b1470
Event: 0.075 Thread 0x00000283766cf670 Thread added: 0x000002837e8e0c20
Event: 0.108 Thread 0x00000283766cf670 Thread added: 0x000002837ea739a0
Event: 0.119 Loaded shared library D:\android\jbr\bin\net.dll
Event: 0.120 Loaded shared library D:\android\jbr\bin\nio.dll
Event: 0.131 Thread 0x000002837e8b1470 Thread added: 0x000002837e98ff20
Event: 0.151 Loaded shared library D:\android\jbr\bin\zip.dll
Event: 0.187 Loaded shared library D:\android\jbr\bin\jimage.dll
Event: 1.877 Thread 0x000002837e98ff20 Thread exited: 0x000002837e98ff20
Event: 2.115 Thread 0x000002837e8e0c20 Thread added: 0x000002837e98eab0


Dynamic libraries:
0x00007ff65a4d0000 - 0x00007ff65a4da000 	D:\android\jbr\bin\java.exe
0x00007ffef73d0000 - 0x00007ffef75e7000 	C:\Windows\SYSTEM32\ntdll.dll
0x00007ffef5ce0000 - 0x00007ffef5da4000 	C:\Windows\System32\KERNEL32.DLL
0x00007ffef4960000 - 0x00007ffef4d30000 	C:\Windows\System32\KERNELBASE.dll
0x00007ffef4e10000 - 0x00007ffef4f21000 	C:\Windows\System32\ucrtbase.dll
0x00007ffef04f0000 - 0x00007ffef0508000 	D:\android\jbr\bin\jli.dll
0x00007ffef0450000 - 0x00007ffef046b000 	D:\android\jbr\bin\VCRUNTIME140.dll
0x00007ffef5f10000 - 0x00007ffef60c1000 	C:\Windows\System32\USER32.dll
0x00007ffedc020000 - 0x00007ffedc2bc000 	C:\Windows\WinSxS\amd64_microsoft.windows.common-controls_6595b64144ccf1df_6.0.22621.5840_none_2710ea077384a4fe\COMCTL32.dll
0x00007ffef60d0000 - 0x00007ffef6177000 	C:\Windows\System32\msvcrt.dll
0x00007ffef62c0000 - 0x00007ffef62e9000 	C:\Windows\System32\GDI32.dll
0x00007ffef4f30000 - 0x00007ffef5053000 	C:\Windows\System32\gdi32full.dll
0x00007ffef44d0000 - 0x00007ffef456a000 	C:\Windows\System32\msvcp_win.dll
0x00007ffef4de0000 - 0x00007ffef4e06000 	C:\Windows\System32\win32u.dll
0x00007ffef6820000 - 0x00007ffef6851000 	C:\Windows\System32\IMM32.DLL
0x00007ffef0440000 - 0x00007ffef044c000 	D:\android\jbr\bin\vcruntime140_1.dll
0x00007ffebac10000 - 0x00007ffebac9d000 	D:\android\jbr\bin\msvcp140.dll
0x00007ffe9ffc0000 - 0x00007ffea0c4e000 	D:\android\jbr\bin\server\jvm.dll
0x00007ffef6200000 - 0x00007ffef62b1000 	C:\Windows\System32\ADVAPI32.dll
0x00007ffef6860000 - 0x00007ffef6908000 	C:\Windows\System32\sechost.dll
0x00007ffef4db0000 - 0x00007ffef4dd8000 	C:\Windows\System32\bcrypt.dll
0x00007ffef6d90000 - 0x00007ffef6ea8000 	C:\Windows\System32\RPCRT4.dll
0x00007ffef6910000 - 0x00007ffef6981000 	C:\Windows\System32\WS2_32.dll
0x00007ffef3d70000 - 0x00007ffef3dbd000 	C:\Windows\SYSTEM32\POWRPROF.dll
0x00007ffeed740000 - 0x00007ffeed774000 	C:\Windows\SYSTEM32\WINMM.dll
0x00007ffeed730000 - 0x00007ffeed73a000 	C:\Windows\SYSTEM32\VERSION.dll
0x00007ffef3d50000 - 0x00007ffef3d63000 	C:\Windows\SYSTEM32\UMPDC.dll
0x00007ffef34a0000 - 0x00007ffef34b8000 	C:\Windows\SYSTEM32\kernel.appcore.dll
0x00007ffee5550000 - 0x00007ffee555a000 	D:\android\jbr\bin\jimage.dll
0x00007ffef1d70000 - 0x00007ffef1fa3000 	C:\Windows\SYSTEM32\DBGHELP.DLL
0x00007ffef6400000 - 0x00007ffef6791000 	C:\Windows\System32\combase.dll
0x00007ffef6c90000 - 0x00007ffef6d68000 	C:\Windows\System32\OLEAUT32.dll
0x00007ffed7130000 - 0x00007ffed7162000 	C:\Windows\SYSTEM32\dbgcore.DLL
0x00007ffef4570000 - 0x00007ffef45eb000 	C:\Windows\System32\bcryptPrimitives.dll
0x00007ffeddc20000 - 0x00007ffeddc40000 	D:\android\jbr\bin\java.dll
0x00007ffed4f70000 - 0x00007ffed4f88000 	D:\android\jbr\bin\zip.dll
0x00007ffef5340000 - 0x00007ffef5be1000 	C:\Windows\System32\SHELL32.dll
0x00007ffef46b0000 - 0x00007ffef47ef000 	C:\Windows\System32\wintypes.dll
0x00007ffef2360000 - 0x00007ffef2c7a000 	C:\Windows\SYSTEM32\windows.storage.dll
0x00007ffef62f0000 - 0x00007ffef63fa000 	C:\Windows\System32\SHCORE.dll
0x00007ffef5c70000 - 0x00007ffef5cd9000 	C:\Windows\System32\shlwapi.dll
0x00007ffef4400000 - 0x00007ffef4425000 	C:\Windows\SYSTEM32\profapi.dll
0x00007ffedf210000 - 0x00007ffedf220000 	D:\android\jbr\bin\net.dll
0x00007ffeeede0000 - 0x00007ffeeef0c000 	C:\Windows\SYSTEM32\WINHTTP.dll
0x00007ffef3980000 - 0x00007ffef39e9000 	C:\Windows\system32\mswsock.dll
0x00007ffed48c0000 - 0x00007ffed48d6000 	D:\android\jbr\bin\nio.dll
0x00007ffed9140000 - 0x00007ffed9150000 	D:\android\jbr\bin\verify.dll

dbghelp: loaded successfully - version: 4.0.5 - missing functions: none
symbol engine: initialized successfully - sym options: 0x614 - pdb path: .;D:\android\jbr\bin;C:\Windows\SYSTEM32;C:\Windows\WinSxS\amd64_microsoft.windows.common-controls_6595b64144ccf1df_6.0.22621.5840_none_2710ea077384a4fe;D:\android\jbr\bin\server

VM Arguments:
java_command: org.jetbrains.kotlin.cli.jvm.K2JVMCompiler @D:\Download\Study-S\app\build\20251025_9278045249160036965.compiler.options
java_class_path (initial): C:\Users\MY DUYEN\.gradle\caches\modules-2\files-2.1\org.jetbrains.kotlin\kotlin-compiler-embeddable\2.0.21\79346ed53db48b18312a472602eb5c057070c54d\kotlin-compiler-embeddable-2.0.21.jar;C:\Users\MY DUYEN\.gradle\caches\modules-2\files-2.1\org.jetbrains.kotlin\kotlin-stdlib\2.0.21\618b539767b4899b4660a83006e052b63f1db551\kotlin-stdlib-2.0.21.jar;C:\Users\MY DUYEN\.gradle\caches\modules-2\files-2.1\org.jetbrains.kotlin\kotlin-script-runtime\2.0.21\c9b044380ad41f89aa89aa896c2d32a8c0b2129d\kotlin-script-runtime-2.0.21.jar;C:\Users\MY DUYEN\.gradle\caches\modules-2\files-2.1\org.jetbrains.kotlin\kotlin-reflect\1.6.10\1cbe9c92c12a94eea200d23c2bbaedaf3daf5132\kotlin-reflect-1.6.10.jar;C:\Users\MY DUYEN\.gradle\caches\modules-2\files-2.1\org.jetbrains.kotlin\kotlin-daemon-embeddable\2.0.21\c9e933b23287de9b5a17e2116b4657bb91aea72c\kotlin-daemon-embeddable-2.0.21.jar;C:\Users\MY DUYEN\.gradle\caches\modules-2\files-2.1\org.jetbrains.intellij.deps\trove4j\1.0.20200330\3afb14d5f9ceb459d724e907a21145e8ff394f02\trove4j-1.0.20200330.jar;C:\Users\MY DUYEN\.gradle\caches\modules-2\files-2.1\org.jetbrains.kotlinx\kotlinx-coroutines-core-jvm\1.6.4\2c997cd1c0ef33f3e751d3831929aeff1390cb30\kotlinx-coroutines-core-jvm-1.6.4.jar;C:\Users\MY DUYEN\.gradle\caches\modules-2\files-2.1\org.jetbrains\annotations\13.0\919f0dfe192fb4e063e7dacadee7f8bb9a2672a9\annotations-13.0.jar
Launcher Type: SUN_STANDARD

[Global flags]
     intx CICompilerCount                          = 3                                         {product} {ergonomic}
     uint ConcGCThreads                            = 1                                         {product} {ergonomic}
     uint G1ConcRefinementThreads                  = 4                                         {product} {ergonomic}
   size_t G1HeapRegionSize                         = 1048576                                   {product} {ergonomic}
    uintx GCDrainStackTargetSize                   = 64                                        {product} {ergonomic}
   size_t InitialHeapSize                          = 130023424                                 {product} {ergonomic}
   size_t MarkStackSize                            = 4194304                                   {product} {ergonomic}
   size_t MaxHeapSize                              = 2067791872                                {product} {ergonomic}
   size_t MaxNewSize                               = 1240465408                                {product} {ergonomic}
   size_t MinHeapDeltaBytes                        = 1048576                                   {product} {ergonomic}
   size_t MinHeapSize                              = 8388608                                   {product} {ergonomic}
    uintx NonNMethodCodeHeapSize                   = 5832780                                {pd product} {ergonomic}
    uintx NonProfiledCodeHeapSize                  = 122912730                              {pd product} {ergonomic}
    uintx ProfiledCodeHeapSize                     = 122912730                              {pd product} {ergonomic}
    uintx ReservedCodeCacheSize                    = 251658240                              {pd product} {ergonomic}
     bool SegmentedCodeCache                       = true                                      {product} {ergonomic}
   size_t SoftMaxHeapSize                          = 2067791872                             {manageable} {ergonomic}
     bool UseCompressedOops                        = true                           {product lp64_product} {ergonomic}
     bool UseG1GC                                  = true                                      {product} {ergonomic}
     bool UseLargePagesIndividualAllocation        = false                                  {pd product} {ergonomic}

Logging:
Log output configuration:
 #0: stdout all=warning uptime,level,tags foldmultilines=false
 #1: stderr all=off uptime,level,tags foldmultilines=false

Environment Variables:
PATH=C:\Windows\system32;C:\Windows;C:\Windows\System32\Wbem;C:\Windows\System32\WindowsPowerShell\v1.0\;C:\Windows\System32\OpenSSH\;C:\Program Files\Microsoft SQL Server\150\Tools\Binn\;C:\Program Files (x86)\Windows Kits\10\Windows Performance Toolkit\;C:\Program Files (x86)\Git\cmd;C:\Program Files\GitHub CLI\;C:\Program Files\Docker\Docker\resources\bin;C:\Program Files (x86)\Eclipse\Sumo\bin\;C:\Program Files (x86)\Eclipse\Sumo\tools\;D:\Git\cmd;D:\Downloads\flutter_windows_3.35.5-stable\flutter\bin;C:\Users\MY DUYEN\Downloads\python-3.13.2-amd64.exe;C:\Users\MY DUYEN\AppData\Local\Programs\Python\Python313\;C:\Users\MY DUYEN\AppData\Local\Programs\Python\Launcher\;C:\Users\MY DUYEN\AppData\Local\Microsoft\WindowsApps;C:\Users\MY DUYEN\AppData\Local\Programs\Microsoft VS Code\bin;C:\sumo\bin;
USERNAME=MY DUYEN
OS=Windows_NT
PROCESSOR_IDENTIFIER=Intel64 Family 6 Model 140 Stepping 1, GenuineIntel
TMP=C:\Users\MYDUYE~1\AppData\Local\Temp
TEMP=C:\Users\MYDUYE~1\AppData\Local\Temp




Periodic native trim disabled

JNI global refs:
JNI global refs: 11, weak refs: 11

JNI global refs memory usage: 835, weak refs: 833

Process memory usage:
Resident Set Size: 214200K (2% of 8075976K total physical memory with 771232K free physical memory)

OOME stack traces (most recent first):
Classloader memory used:
Loader jdk.internal.loader.ClassLoaders$AppClassLoader                                 : 38150K
Loader bootstrap                                                                       : 10473K
Loader java.net.URLClassLoader                                                         : 259K

---------------  S Y S T E M  ---------------

OS:
 Windows 11 , 64 bit Build 22621 (10.0.22621.5415)
OS uptime: 0 days 3:45 hours
Hyper-V role detected

CPU: total 4 (initial active 4) (2 cores per cpu, 2 threads per core) family 6 model 140 stepping 1 microcode 0xa4, cx8, cmov, fxsr, ht, mmx, 3dnowpref, sse, sse2, sse3, ssse3, sse4.1, sse4.2, popcnt, lzcnt, tsc, tscinvbit, avx, avx2, aes, erms, clmul, bmi1, bmi2, adx, avx512f, avx512dq, avx512cd, avx512bw, avx512vl, sha, fma, vzeroupper, avx512_vpopcntdq, avx512_vpclmulqdq, avx512_vaes, avx512_vnni, clflush, clflushopt, clwb, avx512_vbmi2, avx512_vbmi, hv, rdtscp, rdpid, fsrm, gfni, avx512_bitalg, f16c, cet_ibt, cet_ss, avx512_ifma
Processor Information for the first 4 processors :
  Max Mhz: 2995, Current Mhz: 2995, Mhz Limit: 2995

Memory: 4k page, system-wide physical 7886M (753M free)
TotalPageFile size 18574M (AvailPageFile size 14M)
current process WorkingSet (physical memory assigned to process): 211M, peak: 211M
current process commit charge ("private bytes"): 237M, peak: 246M

vm_info: OpenJDK 64-Bit Server VM (21.0.7+-13880790-b1038.58) for windows-amd64 JRE (21.0.7+-13880790-b1038.58), built on 2025-08-04T20:56:21Z by "builder" with MS VC++ 16.10 / 16.11 (VS2019)

END.
