#
# There is insufficient memory for the Java Runtime Environment to continue.
# Native memory allocation (mmap) failed to map 31457280 bytes. Error detail: G1 virtual space
# Possible reasons:
#   The system is out of physical RAM or swap space
#   This process is running with CompressedOops enabled, and the Java Heap may be blocking the growth of the native heap
# Possible solutions:
#   Reduce memory load on the system
#   Increase physical memory or swap space
#   Check if swap backing store is full
#   Decrease Java heap size (-Xmx/-Xms)
#   Decrease number of Java threads
#   Decrease Java thread stack sizes (-Xss)
#   Set larger code cache with -XX:ReservedCodeCacheSize=
#   JVM is running with Unscaled Compressed Oops mode in which the Java heap is
#     placed in the first 4GB address space. The Java Heap base address is the
#     maximum limit for the native heap growth. Please use -XX:HeapBaseMinAddress
#     to set the Java Heap base and to place the Java Heap above 4GB virtual address.
# This output file may be truncated or incomplete.
#
#  Out of Memory Error (os_windows.cpp:3898), pid=7944, tid=4760
#
# JRE version: OpenJDK Runtime Environment (21.0.7) (build 21.0.7+-13880790-b1038.58)
# Java VM: OpenJDK 64-Bit Server VM (21.0.7+-13880790-b1038.58, mixed mode, tiered, compressed oops, compressed class ptrs, g1 gc, windows-amd64)
# No core dump will be written. Minidumps are not enabled by default on client versions of Windows
#

---------------  S U M M A R Y ------------

Command Line: org.jetbrains.kotlin.cli.jvm.K2JVMCompiler @D:\Download\Study-S\app\build\20251025_14931783328696319295.compiler.options

Host: 11th Gen Intel(R) Core(TM) i3-1115G4 @ 3.00GHz, 4 cores, 7G,  Windows 11 , 64 bit Build 22621 (10.0.22621.5415)
Time: Sat Oct 25 20:54:38 2025 SE Asia Standard Time elapsed time: 5.691913 seconds (0d 0h 0m 5s)

---------------  T H R E A D  ---------------

Current thread (0x00000177d191d570):  VMThread "VM Thread"          [id=4760, stack(0x0000002393f00000,0x0000002394000000) (1024K)]

Stack: [0x0000002393f00000,0x0000002394000000]
Native frames: (J=compiled Java code, j=interpreted, Vv=VM code, C=native code)
V  [jvm.dll+0x6d25c9]
V  [jvm.dll+0x860923]
V  [jvm.dll+0x862e7e]
V  [jvm.dll+0x863563]
V  [jvm.dll+0x27f156]
V  [jvm.dll+0x6ceee5]
V  [jvm.dll+0x6c29aa]
V  [jvm.dll+0x355ebb]
V  [jvm.dll+0x35db16]
V  [jvm.dll+0x3afb16]
V  [jvm.dll+0x3afde8]
V  [jvm.dll+0x32855c]
V  [jvm.dll+0x3285e7]
V  [jvm.dll+0x36e47c]
V  [jvm.dll+0x36cc2e]
V  [jvm.dll+0x327cb1]
V  [jvm.dll+0x36c330]
V  [jvm.dll+0x8692e8]
V  [jvm.dll+0x86a664]
V  [jvm.dll+0x86aba0]
V  [jvm.dll+0x86ae33]
V  [jvm.dll+0x808d08]
V  [jvm.dll+0x6d0e1d]
C  [ucrtbase.dll+0x29333]
C  [KERNEL32.DLL+0x1259d]
C  [ntdll.dll+0x5af78]

VM_Operation (0x00000023938fb390): G1CollectForAllocation, mode: safepoint, requested by thread 0x00000177b89dda90


---------------  P R O C E S S  ---------------

Threads class SMR info:
_java_thread_list=0x00000177d8218ca0, length=12, elements={
0x00000177b89dda90, 0x00000177d1acc440, 0x00000177d1af2f80, 0x00000177d1af39e0,
0x00000177d1afcb20, 0x00000177d1b053e0, 0x00000177d1b0a120, 0x00000177d1b0ab80,
0x00000177d1b0cd20, 0x00000177d1b177e0, 0x00000177d1ca5800, 0x00000177d84018b0
}

Java Threads: ( => current thread )
  0x00000177b89dda90 JavaThread "main"                              [_thread_blocked, id=6248, stack(0x0000002393800000,0x0000002393900000) (1024K)]
  0x00000177d1acc440 JavaThread "Common-Cleaner"             daemon [_thread_blocked, id=11304, stack(0x0000002394000000,0x0000002394100000) (1024K)]
  0x00000177d1af2f80 JavaThread "Reference Handler"          daemon [_thread_blocked, id=6848, stack(0x0000002394100000,0x0000002394200000) (1024K)]
  0x00000177d1af39e0 JavaThread "Finalizer"                  daemon [_thread_blocked, id=14628, stack(0x0000002394200000,0x0000002394300000) (1024K)]
  0x00000177d1afcb20 JavaThread "Signal Dispatcher"          daemon [_thread_blocked, id=13704, stack(0x0000002394300000,0x0000002394400000) (1024K)]
  0x00000177d1b053e0 JavaThread "Attach Listener"            daemon [_thread_blocked, id=8372, stack(0x0000002394400000,0x0000002394500000) (1024K)]
  0x00000177d1b0a120 JavaThread "Service Thread"             daemon [_thread_blocked, id=6112, stack(0x0000002394500000,0x0000002394600000) (1024K)]
  0x00000177d1b0ab80 JavaThread "Monitor Deflation Thread"   daemon [_thread_blocked, id=14612, stack(0x0000002394600000,0x0000002394700000) (1024K)]
  0x00000177d1b0cd20 JavaThread "C2 CompilerThread0"         daemon [_thread_blocked, id=3988, stack(0x0000002394700000,0x0000002394800000) (1024K)]
  0x00000177d1b177e0 JavaThread "C1 CompilerThread0"         daemon [_thread_blocked, id=14036, stack(0x0000002394800000,0x0000002394900000) (1024K)]
  0x00000177d1ca5800 JavaThread "Notification Thread"        daemon [_thread_blocked, id=11320, stack(0x0000002394900000,0x0000002394a00000) (1024K)]
  0x00000177d84018b0 JavaThread "C2 CompilerThread1"         daemon [_thread_blocked, id=12228, stack(0x0000002394a00000,0x0000002394b00000) (1024K)]
Total: 12

Other Threads:
=>0x00000177d191d570 VMThread "VM Thread"                           [id=4760, stack(0x0000002393f00000,0x0000002394000000) (1024K)]
  0x00000177d18ba8f0 WatcherThread "VM Periodic Task Thread"        [id=9412, stack(0x0000002393e00000,0x0000002393f00000) (1024K)]
  0x00000177bac9baf0 WorkerThread "GC Thread#0"                     [id=15032, stack(0x0000002393900000,0x0000002393a00000) (1024K)]
  0x00000177d60ad100 WorkerThread "GC Thread#1"                     [id=2776, stack(0x0000002394b00000,0x0000002394c00000) (1024K)]
  0x00000177d62281c0 WorkerThread "GC Thread#2"                     [id=1716, stack(0x0000002394c00000,0x0000002394d00000) (1024K)]
  0x00000177d6389ed0 WorkerThread "GC Thread#3"                     [id=1144, stack(0x0000002394d00000,0x0000002394e00000) (1024K)]
  0x00000177bacad160 ConcurrentGCThread "G1 Main Marker"            [id=14620, stack(0x0000002393a00000,0x0000002393b00000) (1024K)]
  0x00000177bacaddd0 WorkerThread "G1 Conc#0"                       [id=10704, stack(0x0000002393b00000,0x0000002393c00000) (1024K)]
  0x00000177bad0e720 ConcurrentGCThread "G1 Refine#0"               [id=284, stack(0x0000002393c00000,0x0000002393d00000) (1024K)]
  0x00000177d178b460 ConcurrentGCThread "G1 Service"                [id=11924, stack(0x0000002393d00000,0x0000002393e00000) (1024K)]
Total: 10

Threads with active compile tasks:
C2 CompilerThread0  5766 4412       4       java.lang.StringBuilder::append (10 bytes)
C2 CompilerThread1  5766 4398       4       org.jetbrains.org.objectweb.asm.ClassReader::<init> (339 bytes)
Total: 2

VM state: at safepoint (normal execution)

VM Mutex/Monitor currently owned by a thread:  ([mutex/lock_event])
[0x00007ffea0b71468] Threads_lock - owner thread: 0x00000177d191d570
[0x00007ffea0b71568] Heap_lock - owner thread: 0x00000177b89dda90

Heap address: 0x0000000084c00000, size: 1972 MB, Compressed Oops mode: 32-bit

CDS archive(s) not mapped
Compressed class space mapped at: 0x0000000100000000-0x0000000140000000, reserved size: 1073741824
Narrow klass base: 0x0000000000000000, Narrow klass shift: 3, Narrow klass range: 0x140000000

GC Precious Log:
 CardTable entry size: 512
 Card Set container configuration: InlinePtr #cards 5 size 8 Array Of Cards #cards 12 size 40 Howl #buckets 4 coarsen threshold 1843 Howl Bitmap #cards 512 size 80 coarsen threshold 460 Card regions per heap region 1 cards per card region 2048
 CPUs: 4 total, 4 available
 Memory: 7886M
 Large Page Support: Disabled
 NUMA Support: Disabled
 Compressed Oops: Enabled (32-bit)
 Heap Region Size: 1M
 Heap Min Capacity: 8M
 Heap Initial Capacity: 124M
 Heap Max Capacity: 1972M
 Pre-touch: Disabled
 Parallel Workers: 4
 Concurrent Workers: 1
 Concurrent Refinement Workers: 4
 Periodic GC: Disabled

Heap:
 garbage-first heap   total 129024K, used 55080K [0x0000000084c00000, 0x0000000100000000)
  region size 1024K, 2 young (2048K), 2 survivors (2048K)
 Metaspace       used 50281K, committed 50560K, reserved 1114112K
  class space    used 5755K, committed 5888K, reserved 1048576K

Heap Regions: E=young(eden), S=young(survivor), O=old, HS=humongous(starts), HC=humongous(continues), CS=collection set, F=free, TAMS=top-at-mark-start, PB=parsable bottom
|   0|0x0000000084c00000, 0x0000000084d00000, 0x0000000084d00000|100%|HS|  |TAMS 0x0000000084d00000| PB 0x0000000084c00000| Complete 
|   1|0x0000000084d00000, 0x0000000084e00000, 0x0000000084e00000|100%|HC|  |TAMS 0x0000000084e00000| PB 0x0000000084d00000| Complete 
|   2|0x0000000084e00000, 0x0000000084f00000, 0x0000000084f00000|100%|HC|  |TAMS 0x0000000084f00000| PB 0x0000000084e00000| Complete 
|   3|0x0000000084f00000, 0x0000000085000000, 0x0000000085000000|100%| O|  |TAMS 0x0000000085000000| PB 0x0000000084f00000| Untracked 
|   4|0x0000000085000000, 0x0000000085100000, 0x0000000085100000|100%| O|  |TAMS 0x0000000085100000| PB 0x0000000085000000| Untracked 
|   5|0x0000000085100000, 0x0000000085200000, 0x0000000085200000|100%| O|  |TAMS 0x0000000085200000| PB 0x0000000085100000| Untracked 
|   6|0x0000000085200000, 0x0000000085300000, 0x0000000085300000|100%| O|  |TAMS 0x0000000085300000| PB 0x0000000085200000| Untracked 
|   7|0x0000000085300000, 0x0000000085400000, 0x0000000085400000|100%| O|  |TAMS 0x0000000085400000| PB 0x0000000085300000| Untracked 
|   8|0x0000000085400000, 0x0000000085500000, 0x0000000085500000|100%| O|  |TAMS 0x0000000085500000| PB 0x0000000085400000| Untracked 
|   9|0x0000000085500000, 0x0000000085600000, 0x0000000085600000|100%| O|  |TAMS 0x0000000085600000| PB 0x0000000085500000| Untracked 
|  10|0x0000000085600000, 0x0000000085700000, 0x0000000085700000|100%| O|  |TAMS 0x0000000085700000| PB 0x0000000085600000| Untracked 
|  11|0x0000000085700000, 0x0000000085800000, 0x0000000085800000|100%| O|  |TAMS 0x0000000085800000| PB 0x0000000085700000| Untracked 
|  12|0x0000000085800000, 0x0000000085900000, 0x0000000085900000|100%| O|  |TAMS 0x0000000085900000| PB 0x0000000085800000| Untracked 
|  13|0x0000000085900000, 0x0000000085a00000, 0x0000000085a00000|100%| O|  |TAMS 0x0000000085a00000| PB 0x0000000085900000| Untracked 
|  14|0x0000000085a00000, 0x0000000085b00000, 0x0000000085b00000|100%| O|  |TAMS 0x0000000085b00000| PB 0x0000000085a00000| Untracked 
|  15|0x0000000085b00000, 0x0000000085c00000, 0x0000000085c00000|100%| O|  |TAMS 0x0000000085c00000| PB 0x0000000085b00000| Untracked 
|  16|0x0000000085c00000, 0x0000000085d00000, 0x0000000085d00000|100%| O|  |TAMS 0x0000000085d00000| PB 0x0000000085c00000| Untracked 
|  17|0x0000000085d00000, 0x0000000085e00000, 0x0000000085e00000|100%| O|  |TAMS 0x0000000085e00000| PB 0x0000000085d00000| Untracked 
|  18|0x0000000085e00000, 0x0000000085f00000, 0x0000000085f00000|100%| O|  |TAMS 0x0000000085f00000| PB 0x0000000085e00000| Untracked 
|  19|0x0000000085f00000, 0x0000000086000000, 0x0000000086000000|100%| O|  |TAMS 0x0000000086000000| PB 0x0000000085f00000| Untracked 
|  20|0x0000000086000000, 0x0000000086100000, 0x0000000086100000|100%| O|  |TAMS 0x0000000086100000| PB 0x0000000086000000| Untracked 
|  21|0x0000000086100000, 0x0000000086200000, 0x0000000086200000|100%| O|  |TAMS 0x0000000086200000| PB 0x0000000086100000| Untracked 
|  22|0x0000000086200000, 0x0000000086300000, 0x0000000086300000|100%| O|  |TAMS 0x0000000086300000| PB 0x0000000086200000| Untracked 
|  23|0x0000000086300000, 0x0000000086400000, 0x0000000086400000|100%| O|  |TAMS 0x0000000086400000| PB 0x0000000086300000| Untracked 
|  24|0x0000000086400000, 0x0000000086500000, 0x0000000086500000|100%| O|  |TAMS 0x0000000086500000| PB 0x0000000086400000| Untracked 
|  25|0x0000000086500000, 0x0000000086600000, 0x0000000086600000|100%| O|  |TAMS 0x0000000086600000| PB 0x0000000086500000| Untracked 
|  26|0x0000000086600000, 0x0000000086700000, 0x0000000086700000|100%| O|  |TAMS 0x0000000086700000| PB 0x0000000086600000| Untracked 
|  27|0x0000000086700000, 0x0000000086800000, 0x0000000086800000|100%| O|  |TAMS 0x0000000086800000| PB 0x0000000086700000| Untracked 
|  28|0x0000000086800000, 0x0000000086900000, 0x0000000086900000|100%| O|  |TAMS 0x0000000086900000| PB 0x0000000086800000| Untracked 
|  29|0x0000000086900000, 0x0000000086a00000, 0x0000000086a00000|100%| O|  |TAMS 0x0000000086a00000| PB 0x0000000086900000| Untracked 
|  30|0x0000000086a00000, 0x0000000086b00000, 0x0000000086b00000|100%| O|  |TAMS 0x0000000086b00000| PB 0x0000000086a00000| Untracked 
|  31|0x0000000086b00000, 0x0000000086c00000, 0x0000000086c00000|100%| O|  |TAMS 0x0000000086c00000| PB 0x0000000086b00000| Untracked 
|  32|0x0000000086c00000, 0x0000000086d00000, 0x0000000086d00000|100%| O|  |TAMS 0x0000000086d00000| PB 0x0000000086c00000| Untracked 
|  33|0x0000000086d00000, 0x0000000086e00000, 0x0000000086e00000|100%| O|  |TAMS 0x0000000086e00000| PB 0x0000000086d00000| Untracked 
|  34|0x0000000086e00000, 0x0000000086f00000, 0x0000000086f00000|100%| O|  |TAMS 0x0000000086f00000| PB 0x0000000086e00000| Untracked 
|  35|0x0000000086f00000, 0x0000000087000000, 0x0000000087000000|100%| O|  |TAMS 0x0000000086f00000| PB 0x0000000086f00000| Untracked 
|  36|0x0000000087000000, 0x0000000087100000, 0x0000000087100000|100%| O|  |TAMS 0x0000000087100000| PB 0x0000000087000000| Untracked 
|  37|0x0000000087100000, 0x0000000087200000, 0x0000000087200000|100%|HS|  |TAMS 0x0000000087200000| PB 0x0000000087100000| Complete 
|  38|0x0000000087200000, 0x0000000087300000, 0x0000000087300000|100%| O|  |TAMS 0x0000000087300000| PB 0x0000000087200000| Untracked 
|  39|0x0000000087300000, 0x0000000087400000, 0x0000000087400000|100%| O|  |TAMS 0x0000000087400000| PB 0x0000000087300000| Untracked 
|  40|0x0000000087400000, 0x0000000087500000, 0x0000000087500000|100%| O|  |TAMS 0x0000000087500000| PB 0x0000000087400000| Untracked 
|  41|0x0000000087500000, 0x0000000087600000, 0x0000000087600000|100%| O|  |TAMS 0x0000000087600000| PB 0x0000000087500000| Untracked 
|  42|0x0000000087600000, 0x0000000087700000, 0x0000000087700000|100%| O|  |TAMS 0x0000000087700000| PB 0x0000000087600000| Untracked 
|  43|0x0000000087700000, 0x0000000087800000, 0x0000000087800000|100%| O|  |TAMS 0x0000000087800000| PB 0x0000000087700000| Untracked 
|  44|0x0000000087800000, 0x0000000087900000, 0x0000000087900000|100%| O|  |TAMS 0x0000000087900000| PB 0x0000000087800000| Untracked 
|  45|0x0000000087900000, 0x0000000087a00000, 0x0000000087a00000|100%| O|  |TAMS 0x0000000087a00000| PB 0x0000000087900000| Untracked 
|  46|0x0000000087a00000, 0x0000000087b00000, 0x0000000087b00000|100%| O|  |TAMS 0x0000000087b00000| PB 0x0000000087a00000| Untracked 
|  47|0x0000000087b00000, 0x0000000087c00000, 0x0000000087c00000|100%| O|  |TAMS 0x0000000087b00000| PB 0x0000000087b00000| Untracked 
|  48|0x0000000087c00000, 0x0000000087cca280, 0x0000000087d00000| 78%| O|  |TAMS 0x0000000087c00000| PB 0x0000000087c00000| Untracked 
|  49|0x0000000087d00000, 0x0000000087d00000, 0x0000000087e00000|  0%| F|  |TAMS 0x0000000087d00000| PB 0x0000000087d00000| Untracked 
|  50|0x0000000087e00000, 0x0000000087f00000, 0x0000000087f00000|100%| O|  |TAMS 0x0000000087ed8240| PB 0x0000000087e00000| Untracked 
|  51|0x0000000087f00000, 0x0000000087f00000, 0x0000000088000000|  0%| F|  |TAMS 0x0000000087f00000| PB 0x0000000087f00000| Untracked 
|  52|0x0000000088000000, 0x0000000088000000, 0x0000000088100000|  0%| F|  |TAMS 0x0000000088000000| PB 0x0000000088000000| Untracked 
|  53|0x0000000088100000, 0x0000000088100000, 0x0000000088200000|  0%| F|  |TAMS 0x0000000088100000| PB 0x0000000088100000| Untracked 
|  54|0x0000000088200000, 0x0000000088300000, 0x0000000088300000|100%| S|CS|TAMS 0x0000000088200000| PB 0x0000000088200000| Complete 
|  55|0x0000000088300000, 0x0000000088300000, 0x0000000088400000|  0%| F|  |TAMS 0x0000000088300000| PB 0x0000000088300000| Untracked 
|  56|0x0000000088400000, 0x0000000088400000, 0x0000000088500000|  0%| F|  |TAMS 0x0000000088400000| PB 0x0000000088400000| Untracked 
|  57|0x0000000088500000, 0x0000000088600000, 0x0000000088600000|100%| S|CS|TAMS 0x0000000088500000| PB 0x0000000088500000| Complete 
|  58|0x0000000088600000, 0x0000000088600000, 0x0000000088700000|  0%| F|  |TAMS 0x0000000088600000| PB 0x0000000088600000| Untracked 
|  59|0x0000000088700000, 0x0000000088700000, 0x0000000088800000|  0%| F|  |TAMS 0x0000000088700000| PB 0x0000000088700000| Untracked 
|  60|0x0000000088800000, 0x0000000088800000, 0x0000000088900000|  0%| F|  |TAMS 0x0000000088800000| PB 0x0000000088800000| Untracked 
|  61|0x0000000088900000, 0x0000000088900000, 0x0000000088a00000|  0%| F|  |TAMS 0x0000000088900000| PB 0x0000000088900000| Untracked 
|  62|0x0000000088a00000, 0x0000000088a00000, 0x0000000088b00000|  0%| F|  |TAMS 0x0000000088a00000| PB 0x0000000088a00000| Untracked 
|  63|0x0000000088b00000, 0x0000000088b00000, 0x0000000088c00000|  0%| F|  |TAMS 0x0000000088b00000| PB 0x0000000088b00000| Untracked 
|  64|0x0000000088c00000, 0x0000000088c00000, 0x0000000088d00000|  0%| F|  |TAMS 0x0000000088c00000| PB 0x0000000088c00000| Untracked 
|  65|0x0000000088d00000, 0x0000000088d00000, 0x0000000088e00000|  0%| F|  |TAMS 0x0000000088d00000| PB 0x0000000088d00000| Untracked 
|  66|0x0000000088e00000, 0x0000000088e00000, 0x0000000088f00000|  0%| F|  |TAMS 0x0000000088e00000| PB 0x0000000088e00000| Untracked 
|  67|0x0000000088f00000, 0x0000000088f00000, 0x0000000089000000|  0%| F|  |TAMS 0x0000000088f00000| PB 0x0000000088f00000| Untracked 
|  68|0x0000000089000000, 0x0000000089000000, 0x0000000089100000|  0%| F|  |TAMS 0x0000000089000000| PB 0x0000000089000000| Untracked 
|  69|0x0000000089100000, 0x0000000089100000, 0x0000000089200000|  0%| F|  |TAMS 0x0000000089100000| PB 0x0000000089100000| Untracked 
|  70|0x0000000089200000, 0x0000000089200000, 0x0000000089300000|  0%| F|  |TAMS 0x0000000089200000| PB 0x0000000089200000| Untracked 
|  71|0x0000000089300000, 0x0000000089300000, 0x0000000089400000|  0%| F|  |TAMS 0x0000000089300000| PB 0x0000000089300000| Untracked 
|  72|0x0000000089400000, 0x0000000089400000, 0x0000000089500000|  0%| F|  |TAMS 0x0000000089400000| PB 0x0000000089400000| Untracked 
|  73|0x0000000089500000, 0x0000000089500000, 0x0000000089600000|  0%| F|  |TAMS 0x0000000089500000| PB 0x0000000089500000| Untracked 
|  74|0x0000000089600000, 0x0000000089600000, 0x0000000089700000|  0%| F|  |TAMS 0x0000000089600000| PB 0x0000000089600000| Untracked 
|  75|0x0000000089700000, 0x0000000089700000, 0x0000000089800000|  0%| F|  |TAMS 0x0000000089700000| PB 0x0000000089700000| Untracked 
|  76|0x0000000089800000, 0x0000000089800000, 0x0000000089900000|  0%| F|  |TAMS 0x0000000089800000| PB 0x0000000089800000| Untracked 
|  77|0x0000000089900000, 0x0000000089900000, 0x0000000089a00000|  0%| F|  |TAMS 0x0000000089900000| PB 0x0000000089900000| Untracked 
|  78|0x0000000089a00000, 0x0000000089a00000, 0x0000000089b00000|  0%| F|  |TAMS 0x0000000089a00000| PB 0x0000000089a00000| Untracked 
|  79|0x0000000089b00000, 0x0000000089b00000, 0x0000000089c00000|  0%| F|  |TAMS 0x0000000089b00000| PB 0x0000000089b00000| Untracked 
|  80|0x0000000089c00000, 0x0000000089c00000, 0x0000000089d00000|  0%| F|  |TAMS 0x0000000089c00000| PB 0x0000000089c00000| Untracked 
|  81|0x0000000089d00000, 0x0000000089d00000, 0x0000000089e00000|  0%| F|  |TAMS 0x0000000089d00000| PB 0x0000000089d00000| Untracked 
|  82|0x0000000089e00000, 0x0000000089e00000, 0x0000000089f00000|  0%| F|  |TAMS 0x0000000089e00000| PB 0x0000000089e00000| Untracked 
|  83|0x0000000089f00000, 0x0000000089f00000, 0x000000008a000000|  0%| F|  |TAMS 0x0000000089f00000| PB 0x0000000089f00000| Untracked 
|  84|0x000000008a000000, 0x000000008a000000, 0x000000008a100000|  0%| F|  |TAMS 0x000000008a000000| PB 0x000000008a000000| Untracked 
|  85|0x000000008a100000, 0x000000008a100000, 0x000000008a200000|  0%| F|  |TAMS 0x000000008a100000| PB 0x000000008a100000| Untracked 
|  86|0x000000008a200000, 0x000000008a200000, 0x000000008a300000|  0%| F|  |TAMS 0x000000008a200000| PB 0x000000008a200000| Untracked 
|  87|0x000000008a300000, 0x000000008a300000, 0x000000008a400000|  0%| F|  |TAMS 0x000000008a300000| PB 0x000000008a300000| Untracked 
|  88|0x000000008a400000, 0x000000008a400000, 0x000000008a500000|  0%| F|  |TAMS 0x000000008a400000| PB 0x000000008a400000| Untracked 
|  89|0x000000008a500000, 0x000000008a500000, 0x000000008a600000|  0%| F|  |TAMS 0x000000008a500000| PB 0x000000008a500000| Untracked 
|  90|0x000000008a600000, 0x000000008a600000, 0x000000008a700000|  0%| F|  |TAMS 0x000000008a600000| PB 0x000000008a600000| Untracked 
|  91|0x000000008a700000, 0x000000008a700000, 0x000000008a800000|  0%| F|  |TAMS 0x000000008a700000| PB 0x000000008a700000| Untracked 
|  92|0x000000008a800000, 0x000000008a800000, 0x000000008a900000|  0%| F|  |TAMS 0x000000008a800000| PB 0x000000008a800000| Untracked 
|  93|0x000000008a900000, 0x000000008a900000, 0x000000008aa00000|  0%| F|  |TAMS 0x000000008a900000| PB 0x000000008a900000| Untracked 
|  94|0x000000008aa00000, 0x000000008aa00000, 0x000000008ab00000|  0%| F|  |TAMS 0x000000008aa00000| PB 0x000000008aa00000| Untracked 
|  95|0x000000008ab00000, 0x000000008ab00000, 0x000000008ac00000|  0%| F|  |TAMS 0x000000008ab00000| PB 0x000000008ab00000| Untracked 
|  96|0x000000008ac00000, 0x000000008ac00000, 0x000000008ad00000|  0%| F|  |TAMS 0x000000008ac00000| PB 0x000000008ac00000| Untracked 
|  97|0x000000008ad00000, 0x000000008ad00000, 0x000000008ae00000|  0%| F|  |TAMS 0x000000008ad00000| PB 0x000000008ad00000| Untracked 
|  98|0x000000008ae00000, 0x000000008ae00000, 0x000000008af00000|  0%| F|  |TAMS 0x000000008ae00000| PB 0x000000008ae00000| Untracked 
|  99|0x000000008af00000, 0x000000008af00000, 0x000000008b000000|  0%| F|  |TAMS 0x000000008af00000| PB 0x000000008af00000| Untracked 
| 100|0x000000008b000000, 0x000000008b000000, 0x000000008b100000|  0%| F|  |TAMS 0x000000008b000000| PB 0x000000008b000000| Untracked 
| 101|0x000000008b100000, 0x000000008b100000, 0x000000008b200000|  0%| F|  |TAMS 0x000000008b100000| PB 0x000000008b100000| Untracked 
| 102|0x000000008b200000, 0x000000008b200000, 0x000000008b300000|  0%| F|  |TAMS 0x000000008b200000| PB 0x000000008b200000| Untracked 
| 103|0x000000008b300000, 0x000000008b300000, 0x000000008b400000|  0%| F|  |TAMS 0x000000008b300000| PB 0x000000008b300000| Untracked 
| 104|0x000000008b400000, 0x000000008b400000, 0x000000008b500000|  0%| F|  |TAMS 0x000000008b400000| PB 0x000000008b400000| Untracked 
| 105|0x000000008b500000, 0x000000008b500000, 0x000000008b600000|  0%| F|  |TAMS 0x000000008b500000| PB 0x000000008b500000| Untracked 
| 106|0x000000008b600000, 0x000000008b600000, 0x000000008b700000|  0%| F|  |TAMS 0x000000008b600000| PB 0x000000008b600000| Untracked 
| 107|0x000000008b700000, 0x000000008b700000, 0x000000008b800000|  0%| F|  |TAMS 0x000000008b700000| PB 0x000000008b700000| Untracked 
| 108|0x000000008b800000, 0x000000008b800000, 0x000000008b900000|  0%| F|  |TAMS 0x000000008b800000| PB 0x000000008b800000| Untracked 
| 109|0x000000008b900000, 0x000000008b900000, 0x000000008ba00000|  0%| F|  |TAMS 0x000000008b900000| PB 0x000000008b900000| Untracked 
| 110|0x000000008ba00000, 0x000000008ba00000, 0x000000008bb00000|  0%| F|  |TAMS 0x000000008ba00000| PB 0x000000008ba00000| Untracked 
| 111|0x000000008bb00000, 0x000000008bb00000, 0x000000008bc00000|  0%| F|  |TAMS 0x000000008bb00000| PB 0x000000008bb00000| Untracked 
| 112|0x000000008bc00000, 0x000000008bc00000, 0x000000008bd00000|  0%| F|  |TAMS 0x000000008bc00000| PB 0x000000008bc00000| Untracked 
| 113|0x000000008bd00000, 0x000000008bd00000, 0x000000008be00000|  0%| F|  |TAMS 0x000000008bd00000| PB 0x000000008bd00000| Untracked 
| 114|0x000000008be00000, 0x000000008be00000, 0x000000008bf00000|  0%| F|  |TAMS 0x000000008be00000| PB 0x000000008be00000| Untracked 
| 115|0x000000008bf00000, 0x000000008bf00000, 0x000000008c000000|  0%| F|  |TAMS 0x000000008bf00000| PB 0x000000008bf00000| Untracked 
| 116|0x000000008c000000, 0x000000008c000000, 0x000000008c100000|  0%| F|  |TAMS 0x000000008c000000| PB 0x000000008c000000| Untracked 
| 117|0x000000008c100000, 0x000000008c100000, 0x000000008c200000|  0%| F|  |TAMS 0x000000008c100000| PB 0x000000008c100000| Untracked 
| 118|0x000000008c200000, 0x000000008c200000, 0x000000008c300000|  0%| F|  |TAMS 0x000000008c200000| PB 0x000000008c200000| Untracked 
| 119|0x000000008c300000, 0x000000008c300000, 0x000000008c400000|  0%| F|  |TAMS 0x000000008c300000| PB 0x000000008c300000| Untracked 
| 120|0x000000008c400000, 0x000000008c400000, 0x000000008c500000|  0%| F|  |TAMS 0x000000008c400000| PB 0x000000008c400000| Untracked 
| 121|0x000000008c500000, 0x000000008c500000, 0x000000008c600000|  0%| F|  |TAMS 0x000000008c500000| PB 0x000000008c500000| Untracked 
| 122|0x000000008c600000, 0x000000008c600000, 0x000000008c700000|  0%| F|  |TAMS 0x000000008c600000| PB 0x000000008c600000| Untracked 
| 123|0x000000008c700000, 0x000000008c700000, 0x000000008c800000|  0%| F|  |TAMS 0x000000008c700000| PB 0x000000008c700000| Untracked 
|1970|0x00000000ffe00000, 0x00000000fff00000, 0x00000000fff00000|100%| O|  |TAMS 0x00000000fff00000| PB 0x00000000ffe00000| Untracked 
|1971|0x00000000fff00000, 0x0000000100000000, 0x0000000100000000|100%| O|  |TAMS 0x0000000100000000| PB 0x00000000fff00000| Untracked 

Card table byte_map: [0x00000177cd180000,0x00000177cd560000] _byte_map_base: 0x00000177ccd5a000

Marking Bits: (CMBitMap*) 0x00000177bac9c1f0
 Bits: [0x00000177cd560000, 0x00000177cf430000)

Polling page: 0x00000177ba410000

Metaspace:

Usage:
  Non-class:     43.48 MB used.
      Class:      5.62 MB used.
       Both:     49.10 MB used.

Virtual space:
  Non-class space:       64.00 MB reserved,      43.62 MB ( 68%) committed,  1 nodes.
      Class space:        1.00 GB reserved,       5.75 MB ( <1%) committed,  1 nodes.
             Both:        1.06 GB reserved,      49.38 MB (  5%) committed. 

Chunk freelists:
   Non-Class:  4.06 MB
       Class:  10.23 MB
        Both:  14.30 MB

MaxMetaspaceSize: unlimited
CompressedClassSpaceSize: 1.00 GB
Initial GC threshold: 21.00 MB
Current GC threshold: 82.12 MB
CDS: off
 - commit_granule_bytes: 65536.
 - commit_granule_words: 8192.
 - virtual_space_node_default_size: 8388608.
 - enlarge_chunks_in_place: 1.
 - use_allocation_guard: 0.


Internal statistics:

num_allocs_failed_limit: 9.
num_arena_births: 198.
num_arena_deaths: 0.
num_vsnodes_births: 2.
num_vsnodes_deaths: 0.
num_space_committed: 788.
num_space_uncommitted: 0.
num_chunks_returned_to_freelist: 9.
num_chunks_taken_from_freelist: 1603.
num_chunk_merges: 9.
num_chunk_splits: 1383.
num_chunks_enlarged: 1276.
num_inconsistent_stats: 0.

CodeHeap 'non-profiled nmethods': size=120000Kb used=2397Kb max_used=2397Kb free=117602Kb
 bounds [0x00000177c5870000, 0x00000177c5ae0000, 0x00000177ccda0000]
CodeHeap 'profiled nmethods': size=120000Kb used=9498Kb max_used=9498Kb free=110501Kb
 bounds [0x00000177bdda0000, 0x00000177be6f0000, 0x00000177c52d0000]
CodeHeap 'non-nmethods': size=5760Kb used=1747Kb max_used=1808Kb free=4012Kb
 bounds [0x00000177c52d0000, 0x00000177c5540000, 0x00000177c5870000]
 total_blobs=4724 nmethods=4084 adapters=544
 compilation: enabled
              stopped_count=0, restarted_count=0
 full_count=0

Compilation events (20 events):
Event: 5.644 Thread 0x00000177d1b177e0 4404       3       org.jetbrains.kotlin.load.kotlin.header.ReadKotlinClassHeaderAnnotationVisitor::<init> (50 bytes)
Event: 5.644 Thread 0x00000177d1b177e0 nmethod 4404 0x00000177be6e1690 code [0x00000177be6e1840, 0x00000177be6e1b28]
Event: 5.644 Thread 0x00000177d1b177e0 4405       3       org.jetbrains.kotlin.load.kotlin.FileBasedKotlinClass$InnerClassesInfo::<init> (10 bytes)
Event: 5.644 Thread 0x00000177d1b177e0 nmethod 4405 0x00000177be6e1c10 code [0x00000177be6e1dc0, 0x00000177be6e1f50]
Event: 5.644 Thread 0x00000177d1b177e0 4406       3       org.jetbrains.kotlin.load.kotlin.FileBasedKotlinClass$1::<init> (28 bytes)
Event: 5.644 Thread 0x00000177d1b177e0 nmethod 4406 0x00000177be6e2010 code [0x00000177be6e21e0, 0x00000177be6e24f8]
Event: 5.644 Thread 0x00000177d1b177e0 4407       3       org.jetbrains.kotlin.load.kotlin.FileBasedKotlinClass$1::visit (28 bytes)
Event: 5.644 Thread 0x00000177d1b177e0 nmethod 4407 0x00000177be6e2610 code [0x00000177be6e2800, 0x00000177be6e2cd8]
Event: 5.644 Thread 0x00000177d1b177e0 4408       3       org.jetbrains.kotlin.load.kotlin.FileBasedKotlinClass$1::visitEnd (8 bytes)
Event: 5.644 Thread 0x00000177d1b177e0 nmethod 4408 0x00000177be6e2f10 code [0x00000177be6e30c0, 0x00000177be6e3230]
Event: 5.644 Thread 0x00000177d1b177e0 4409       3       org.jetbrains.kotlin.load.kotlin.header.ReadKotlinClassHeaderAnnotationVisitor::visitEnd (1 bytes)
Event: 5.644 Thread 0x00000177d1b177e0 nmethod 4409 0x00000177bddf6610 code [0x00000177bddf67a0, 0x00000177bddf68a8]
Event: 5.644 Thread 0x00000177d1b177e0 4410       3       org.jetbrains.kotlin.load.kotlin.header.ReadKotlinClassHeaderAnnotationVisitor::createHeader (138 bytes)
Event: 5.645 Thread 0x00000177d1b177e0 nmethod 4410 0x00000177be6e3310 code [0x00000177be6e35c0, 0x00000177be6e4130]
Event: 5.645 Thread 0x00000177d1b177e0 4411       3       org.jetbrains.kotlin.load.kotlin.JvmPackagePartSource::<init> (125 bytes)
Event: 5.646 Thread 0x00000177d1b0cd20 nmethod 4399 0x00000177c5ac6c10 code [0x00000177c5ac6dc0, 0x00000177c5ac7408]
Event: 5.646 Thread 0x00000177d1b0cd20 4412       4       java.lang.StringBuilder::append (10 bytes)
Event: 5.647 Thread 0x00000177d1b177e0 nmethod 4411 0x00000177be6e4510 code [0x00000177be6e49e0, 0x00000177be6e6a50]
Event: 5.647 Thread 0x00000177d1b177e0 4414       2       java.util.ArrayList::toArray (57 bytes)
Event: 5.648 Thread 0x00000177d1b177e0 nmethod 4414 0x00000177be6e7690 code [0x00000177be6e7860, 0x00000177be6e7bb8]

GC Heap History (20 events):
Event: 2.349 GC heap after
{Heap after GC invocations=7 (full 0):
 garbage-first heap   total 55296K, used 20480K [0x0000000084c00000, 0x0000000100000000)
  region size 1024K, 2 young (2048K), 2 survivors (2048K)
 Metaspace       used 27773K, committed 28032K, reserved 1114112K
  class space    used 2997K, committed 3136K, reserved 1048576K
}
Event: 2.759 GC heap before
{Heap before GC invocations=7 (full 0):
 garbage-first heap   total 55296K, used 43008K [0x0000000084c00000, 0x0000000100000000)
  region size 1024K, 25 young (25600K), 2 survivors (2048K)
 Metaspace       used 34408K, committed 34688K, reserved 1114112K
  class space    used 4202K, committed 4352K, reserved 1048576K
}
Event: 2.774 GC heap after
{Heap after GC invocations=8 (full 0):
 garbage-first heap   total 55296K, used 22528K [0x0000000084c00000, 0x0000000100000000)
  region size 1024K, 4 young (4096K), 4 survivors (4096K)
 Metaspace       used 34408K, committed 34688K, reserved 1114112K
  class space    used 4202K, committed 4352K, reserved 1048576K
}
Event: 2.954 GC heap before
{Heap before GC invocations=8 (full 0):
 garbage-first heap   total 55296K, used 27648K [0x0000000084c00000, 0x0000000100000000)
  region size 1024K, 10 young (10240K), 4 survivors (4096K)
 Metaspace       used 35753K, committed 35968K, reserved 1114112K
  class space    used 4351K, committed 4480K, reserved 1048576K
}
Event: 2.959 GC heap after
{Heap after GC invocations=9 (full 0):
 garbage-first heap   total 55296K, used 23235K [0x0000000084c00000, 0x0000000100000000)
  region size 1024K, 1 young (1024K), 1 survivors (1024K)
 Metaspace       used 35753K, committed 35968K, reserved 1114112K
  class space    used 4351K, committed 4480K, reserved 1048576K
}
Event: 3.327 GC heap before
{Heap before GC invocations=10 (full 0):
 garbage-first heap   total 55296K, used 44739K [0x0000000084c00000, 0x0000000100000000)
  region size 1024K, 23 young (23552K), 1 survivors (1024K)
 Metaspace       used 41594K, committed 41856K, reserved 1114112K
  class space    used 4913K, committed 4992K, reserved 1048576K
}
Event: 3.331 GC heap after
{Heap after GC invocations=11 (full 0):
 garbage-first heap   total 55296K, used 24095K [0x0000000084c00000, 0x0000000100000000)
  region size 1024K, 2 young (2048K), 2 survivors (2048K)
 Metaspace       used 41594K, committed 41856K, reserved 1114112K
  class space    used 4913K, committed 4992K, reserved 1048576K
}
Event: 3.952 GC heap before
{Heap before GC invocations=11 (full 0):
 garbage-first heap   total 55296K, used 45599K [0x0000000084c00000, 0x0000000100000000)
  region size 1024K, 24 young (24576K), 2 survivors (2048K)
 Metaspace       used 45367K, committed 45632K, reserved 1114112K
  class space    used 5299K, committed 5376K, reserved 1048576K
}
Event: 3.960 GC heap after
{Heap after GC invocations=12 (full 0):
 garbage-first heap   total 55296K, used 26490K [0x0000000084c00000, 0x0000000100000000)
  region size 1024K, 3 young (3072K), 3 survivors (3072K)
 Metaspace       used 45367K, committed 45632K, reserved 1114112K
  class space    used 5299K, committed 5376K, reserved 1048576K
}
Event: 4.846 GC heap before
{Heap before GC invocations=12 (full 0):
 garbage-first heap   total 55296K, used 46970K [0x0000000084c00000, 0x0000000100000000)
  region size 1024K, 23 young (23552K), 3 survivors (3072K)
 Metaspace       used 48884K, committed 49088K, reserved 1114112K
  class space    used 5652K, committed 5760K, reserved 1048576K
}
Event: 4.858 GC heap after
{Heap after GC invocations=13 (full 0):
 garbage-first heap   total 72704K, used 30285K [0x0000000084c00000, 0x0000000100000000)
  region size 1024K, 3 young (3072K), 3 survivors (3072K)
 Metaspace       used 48884K, committed 49088K, reserved 1114112K
  class space    used 5652K, committed 5760K, reserved 1048576K
}
Event: 5.195 GC heap before
{Heap before GC invocations=13 (full 0):
 garbage-first heap   total 72704K, used 57933K [0x0000000084c00000, 0x0000000100000000)
  region size 1024K, 31 young (31744K), 3 survivors (3072K)
 Metaspace       used 49824K, committed 50048K, reserved 1114112K
  class space    used 5722K, committed 5824K, reserved 1048576K
}
Event: 5.207 GC heap after
{Heap after GC invocations=14 (full 0):
 garbage-first heap   total 72704K, used 39424K [0x0000000084c00000, 0x0000000100000000)
  region size 1024K, 4 young (4096K), 4 survivors (4096K)
 Metaspace       used 49824K, committed 50048K, reserved 1114112K
  class space    used 5722K, committed 5824K, reserved 1048576K
}
Event: 5.317 GC heap before
{Heap before GC invocations=14 (full 0):
 garbage-first heap   total 72704K, used 43520K [0x0000000084c00000, 0x0000000100000000)
  region size 1024K, 9 young (9216K), 4 survivors (4096K)
 Metaspace       used 50181K, committed 50368K, reserved 1114112K
  class space    used 5749K, committed 5824K, reserved 1048576K
}
Event: 5.323 GC heap after
{Heap after GC invocations=15 (full 0):
 garbage-first heap   total 72704K, used 41688K [0x0000000084c00000, 0x0000000100000000)
  region size 1024K, 2 young (2048K), 2 survivors (2048K)
 Metaspace       used 50181K, committed 50368K, reserved 1114112K
  class space    used 5749K, committed 5824K, reserved 1048576K
}
Event: 5.417 GC heap before
{Heap before GC invocations=16 (full 0):
 garbage-first heap   total 72704K, used 59096K [0x0000000084c00000, 0x0000000100000000)
  region size 1024K, 19 young (19456K), 2 survivors (2048K)
 Metaspace       used 50209K, committed 50432K, reserved 1114112K
  class space    used 5750K, committed 5824K, reserved 1048576K
}
Event: 5.425 GC heap after
{Heap after GC invocations=17 (full 0):
 garbage-first heap   total 72704K, used 49026K [0x0000000084c00000, 0x0000000100000000)
  region size 1024K, 3 young (3072K), 3 survivors (3072K)
 Metaspace       used 50209K, committed 50432K, reserved 1114112K
  class space    used 5750K, committed 5824K, reserved 1048576K
}
Event: 5.620 GC heap before
{Heap before GC invocations=17 (full 0):
 garbage-first heap   total 72704K, used 61314K [0x0000000084c00000, 0x0000000100000000)
  region size 1024K, 15 young (15360K), 3 survivors (3072K)
 Metaspace       used 50269K, committed 50560K, reserved 1114112K
  class space    used 5755K, committed 5888K, reserved 1048576K
}
Event: 5.626 GC heap after
{Heap after GC invocations=18 (full 0):
 garbage-first heap   total 72704K, used 52064K [0x0000000084c00000, 0x0000000100000000)
  region size 1024K, 2 young (2048K), 2 survivors (2048K)
 Metaspace       used 50269K, committed 50560K, reserved 1114112K
  class space    used 5755K, committed 5888K, reserved 1048576K
}
Event: 5.649 GC heap before
{Heap before GC invocations=18 (full 0):
 garbage-first heap   total 72704K, used 63328K [0x0000000084c00000, 0x0000000100000000)
  region size 1024K, 13 young (13312K), 2 survivors (2048K)
 Metaspace       used 50281K, committed 50560K, reserved 1114112K
  class space    used 5755K, committed 5888K, reserved 1048576K
}

Dll operation events (3 events):
Event: 0.028 Loaded shared library D:\android\jbr\bin\java.dll
Event: 0.036 Loaded shared library D:\android\jbr\bin\zip.dll
Event: 1.845 Loaded shared library D:\android\jbr\bin\verify.dll

Deoptimization events (20 events):
Event: 5.619 Thread 0x00000177b89dda90 DEOPT PACKING pc=0x00000177bde4437d sp=0x00000023938fbb60
Event: 5.619 Thread 0x00000177b89dda90 DEOPT UNPACKING pc=0x00000177c53288e2 sp=0x00000023938faff0 mode 0
Event: 5.631 Thread 0x00000177b89dda90 DEOPT PACKING pc=0x00000177bde4437d sp=0x00000023938fbb60
Event: 5.631 Thread 0x00000177b89dda90 DEOPT UNPACKING pc=0x00000177c53288e2 sp=0x00000023938faff0 mode 0
Event: 5.635 Thread 0x00000177b89dda90 Uncommon trap: trap_request=0xffffffdc fr.pc=0x00000177c5ac3bb8 relative=0x0000000000000278
Event: 5.635 Thread 0x00000177b89dda90 Uncommon trap: reason=class_check action=make_not_entrant pc=0x00000177c5ac3bb8 method=java.util.ArrayList.toArray([Ljava/lang/Object;)[Ljava/lang/Object; @ 21 c2
Event: 5.635 Thread 0x00000177b89dda90 DEOPT PACKING pc=0x00000177c5ac3bb8 sp=0x00000023938fb6d0
Event: 5.635 Thread 0x00000177b89dda90 DEOPT UNPACKING pc=0x00000177c5327da2 sp=0x00000023938fb680 mode 2
Event: 5.638 Thread 0x00000177b89dda90 DEOPT PACKING pc=0x00000177bde4437d sp=0x00000023938fbad0
Event: 5.638 Thread 0x00000177b89dda90 DEOPT UNPACKING pc=0x00000177c53288e2 sp=0x00000023938faf60 mode 0
Event: 5.640 Thread 0x00000177b89dda90 DEOPT PACKING pc=0x00000177bde4437d sp=0x00000023938fbad0
Event: 5.640 Thread 0x00000177b89dda90 DEOPT UNPACKING pc=0x00000177c53288e2 sp=0x00000023938faf60 mode 0
Event: 5.642 Thread 0x00000177b89dda90 DEOPT PACKING pc=0x00000177bde4437d sp=0x00000023938fbad0
Event: 5.642 Thread 0x00000177b89dda90 DEOPT UNPACKING pc=0x00000177c53288e2 sp=0x00000023938faf60 mode 0
Event: 5.645 Thread 0x00000177b89dda90 DEOPT PACKING pc=0x00000177bde4437d sp=0x00000023938fbb00
Event: 5.645 Thread 0x00000177b89dda90 DEOPT UNPACKING pc=0x00000177c53288e2 sp=0x00000023938faf90 mode 0
Event: 5.646 Thread 0x00000177b89dda90 Uncommon trap: trap_request=0xffffffcc fr.pc=0x00000177c5ac7028 relative=0x0000000000000268
Event: 5.646 Thread 0x00000177b89dda90 Uncommon trap: reason=intrinsic_or_type_checked_inlining action=make_not_entrant pc=0x00000177c5ac7028 method=java.util.ArrayList.toArray([Ljava/lang/Object;)[Ljava/lang/Object; @ 36 c2
Event: 5.646 Thread 0x00000177b89dda90 DEOPT PACKING pc=0x00000177c5ac7028 sp=0x00000023938fbfa0
Event: 5.646 Thread 0x00000177b89dda90 DEOPT UNPACKING pc=0x00000177c5327da2 sp=0x00000023938fbf70 mode 2

Classes loaded (20 events):
Event: 3.343 Loading class java/math/RoundingMode
Event: 3.343 Loading class java/math/RoundingMode done
Event: 3.830 Loading class java/util/PriorityQueue
Event: 3.831 Loading class java/util/PriorityQueue done
Event: 4.160 Loading class java/security/AccessControlException
Event: 4.161 Loading class java/security/AccessControlException done
Event: 4.172 Loading class java/lang/annotation/ElementType
Event: 4.172 Loading class java/lang/annotation/ElementType done
Event: 4.172 Loading class java/lang/Deprecated
Event: 4.173 Loading class java/lang/Deprecated done
Event: 4.173 Loading class java/lang/Override
Event: 4.173 Loading class java/lang/Override done
Event: 4.456 Loading class java/text/StringCharacterIterator
Event: 4.456 Loading class java/text/CharacterIterator
Event: 4.457 Loading class java/text/CharacterIterator done
Event: 4.457 Loading class java/text/StringCharacterIterator done
Event: 5.017 Loading class java/util/ArrayList$SubList$1
Event: 5.017 Loading class java/util/ArrayList$SubList$1 done
Event: 5.062 Loading class java/util/AbstractList$ListItr
Event: 5.062 Loading class java/util/AbstractList$ListItr done

Classes unloaded (0 events):
No events

Classes redefined (0 events):
No events

Internal exceptions (20 events):
Event: 1.340 Thread 0x00000177b89dda90 Exception <a 'java/lang/NoSuchMethodError'{0x000000008c2a14f0}: 'void java.lang.invoke.DelegatingMethodHandle$Holder.reinvoke_L(java.lang.Object, java.lang.Object, java.lang.Object, long, java.lang.Object, long, long)'> (0x000000008c2a14f0) 
thrown [s\src\hotspot\share\interpreter\linkResolver.cpp, line 784]
Event: 1.341 Thread 0x00000177b89dda90 Exception <a 'java/lang/NoSuchMethodError'{0x000000008c2a82f0}: 'long java.lang.invoke.Invokers$Holder.invokeExact_MT(java.lang.Object, java.lang.Object, java.lang.Object)'> (0x000000008c2a82f0) 
thrown [s\src\hotspot\share\interpreter\linkResolver.cpp, line 784]
Event: 1.342 Thread 0x00000177b89dda90 Exception <a 'java/lang/NoSuchMethodError'{0x000000008c2ac228}: 'int java.lang.invoke.Invokers$Holder.invokeExact_MT(java.lang.Object, java.lang.Object, java.lang.Object)'> (0x000000008c2ac228) 
thrown [s\src\hotspot\share\interpreter\linkResolver.cpp, line 784]
Event: 1.385 Thread 0x00000177b89dda90 Exception <a 'java/lang/NoSuchMethodError'{0x000000008c0722f0}: 'int java.lang.invoke.DirectMethodHandle$Holder.invokeStatic(java.lang.Object)'> (0x000000008c0722f0) 
thrown [s\src\hotspot\share\interpreter\linkResolver.cpp, line 784]
Event: 1.385 Thread 0x00000177b89dda90 Exception <a 'java/lang/NoSuchMethodError'{0x000000008c075738}: 'int java.lang.invoke.DirectMethodHandle$Holder.invokeStaticInit(java.lang.Object)'> (0x000000008c075738) 
thrown [s\src\hotspot\share\interpreter\linkResolver.cpp, line 784]
Event: 1.513 Thread 0x00000177b89dda90 Exception <a 'java/lang/NoSuchMethodError'{0x00000000865c03f8}: 'void java.lang.invoke.DirectMethodHandle$Holder.invokeStatic(java.lang.Object, java.lang.Object, java.lang.Object, java.lang.Object)'> (0x00000000865c03f8) 
thrown [s\src\hotspot\share\interpreter\linkResolver.cpp, line 784]
Event: 1.757 Thread 0x00000177b89dda90 Exception <a 'java/lang/NoSuchMethodError'{0x0000000085db3a68}: 'void java.lang.invoke.Invokers$Holder.invokeExact_MT(java.lang.Object, int, java.lang.Object)'> (0x0000000085db3a68) 
thrown [s\src\hotspot\share\interpreter\linkResolver.cpp, line 784]
Event: 1.949 Thread 0x00000177b89dda90 Exception <a 'java/lang/NoSuchMethodError'{0x0000000085a9aef8}: 'long java.lang.invoke.DirectMethodHandle$Holder.invokeStatic(java.lang.Object, java.lang.Object, int)'> (0x0000000085a9aef8) 
thrown [s\src\hotspot\share\interpreter\linkResolver.cpp, line 784]
Event: 1.951 Thread 0x00000177b89dda90 Exception <a 'java/lang/NoSuchMethodError'{0x0000000085aa5ee0}: 'java.lang.Object java.lang.invoke.DelegatingMethodHandle$Holder.reinvoke_L(java.lang.Object, int, long, java.lang.Object, java.lang.Object, int, java.lang.Object)'> (0x0000000085aa5ee0) 
thrown [s\src\hotspot\share\interpreter\linkResolver.cpp, line 784]
Event: 2.225 Thread 0x00000177b89dda90 Exception <a 'java/lang/NoSuchMethodError'{0x0000000085df3128}: 'java.lang.Object java.lang.invoke.DirectMethodHandle$Holder.invokeStatic(java.lang.Object, java.lang.Object, int, java.lang.Object)'> (0x0000000085df3128) 
thrown [s\src\hotspot\share\interpreter\linkResolver.cpp, line 784]
Event: 2.373 Thread 0x00000177b89dda90 Exception <a 'java/lang/NoSuchMethodError'{0x000000008bbadf88}: 'java.lang.Object java.lang.invoke.DirectMethodHandle$Holder.newInvokeSpecial(java.lang.Object, java.lang.Object, java.lang.Object, java.lang.Object, java.lang.Object, java.lang.Object)'> (0x000000008bbadf88) 
thrown [s\src\hotspot\share\interpreter\linkResolver.cpp, line 784]
Event: 2.875 Thread 0x00000177b89dda90 Exception <a 'java/lang/NoSuchMethodError'{0x000000008bb2b580}: 'java.lang.Object java.lang.invoke.DirectMethodHandle$Holder.newInvokeSpecial(java.lang.Object, java.lang.Object, java.lang.Object, java.lang.Object, java.lang.Object, java.lang.Object, java.lang.Object)'> (0x000000008bb2b580) 
thrown [s\src\hotspot\share\interpreter\linkResolver.cpp, line 784]
Event: 3.082 Thread 0x00000177b89dda90 Exception <a 'java/lang/NoSuchMethodError'{0x00000000874f91b0}: 'java.lang.Object java.lang.invoke.DirectMethodHandle$Holder.invokeVirtual(java.lang.Object, java.lang.Object, java.lang.Object)'> (0x00000000874f91b0) 
thrown [s\src\hotspot\share\interpreter\linkResolver.cpp, line 784]
Event: 3.110 Thread 0x00000177b89dda90 Exception <a 'java/lang/NoSuchMethodError'{0x000000008726f260}: 'java.lang.Object java.lang.invoke.DirectMethodHandle$Holder.newInvokeSpecial(java.lang.Object, java.lang.Object, int)'> (0x000000008726f260) 
thrown [s\src\hotspot\share\interpreter\linkResolver.cpp, line 784]
Event: 3.735 Thread 0x00000177b89dda90 Implicit null exception at 0x00000177c599a124 to 0x00000177c599ad74
Event: 3.735 Thread 0x00000177b89dda90 Implicit null exception at 0x00000177c5964be3 to 0x00000177c5964c75
Event: 3.735 Thread 0x00000177b89dda90 Implicit null exception at 0x00000177c59a1ff0 to 0x00000177c59a36b0
Event: 3.763 Thread 0x00000177b89dda90 Implicit null exception at 0x00000177c599e53c to 0x00000177c599ece8
Event: 4.130 Thread 0x00000177b89dda90 Exception <a 'java/lang/NoSuchMethodError'{0x000000008b9b2d58}: 'java.lang.Object java.lang.invoke.DirectMethodHandle$Holder.newInvokeSpecial(java.lang.Object, java.lang.Object, java.lang.Object, int, java.lang.Object)'> (0x000000008b9b2d58) 
thrown [s\src\hotspot\share\interpreter\linkResolver.cpp, line 784]
Event: 4.277 Thread 0x00000177b89dda90 Implicit null exception at 0x00000177c59ff21b to 0x00000177c59ff48c

ZGC Phase Switch (0 events):
No events

VM Operations (20 events):
Event: 4.858 Executing VM operation: G1CollectForAllocation (G1 Evacuation Pause) done
Event: 4.972 Executing VM operation: HandshakeAllThreads (Deoptimize)
Event: 4.972 Executing VM operation: HandshakeAllThreads (Deoptimize) done
Event: 5.063 Executing VM operation: HandshakeAllThreads (Deoptimize)
Event: 5.063 Executing VM operation: HandshakeAllThreads (Deoptimize) done
Event: 5.130 Executing VM operation: ICBufferFull
Event: 5.130 Executing VM operation: ICBufferFull done
Event: 5.195 Executing VM operation: G1CollectForAllocation (G1 Evacuation Pause)
Event: 5.207 Executing VM operation: G1CollectForAllocation (G1 Evacuation Pause) done
Event: 5.317 Executing VM operation: G1TryInitiateConcMark (G1 Humongous Allocation)
Event: 5.323 Executing VM operation: G1TryInitiateConcMark (G1 Humongous Allocation) done
Event: 5.385 Executing VM operation: G1PauseRemark
Event: 5.391 Executing VM operation: G1PauseRemark done
Event: 5.410 Executing VM operation: G1PauseCleanup
Event: 5.410 Executing VM operation: G1PauseCleanup done
Event: 5.417 Executing VM operation: G1CollectForAllocation (G1 Evacuation Pause)
Event: 5.425 Executing VM operation: G1CollectForAllocation (G1 Evacuation Pause) done
Event: 5.619 Executing VM operation: G1CollectForAllocation (G1 Evacuation Pause)
Event: 5.626 Executing VM operation: G1CollectForAllocation (G1 Evacuation Pause) done
Event: 5.649 Executing VM operation: G1CollectForAllocation (G1 Evacuation Pause)

Memory protections (0 events):
No events

Nmethod flushes (20 events):
Event: 5.390 Thread 0x00000177d191d570 flushing  nmethod 0x00000177be037e10
Event: 5.390 Thread 0x00000177d191d570 flushing  nmethod 0x00000177be038890
Event: 5.390 Thread 0x00000177d191d570 flushing  nmethod 0x00000177be039810
Event: 5.390 Thread 0x00000177d191d570 flushing  nmethod 0x00000177be03a610
Event: 5.390 Thread 0x00000177d191d570 flushing  nmethod 0x00000177be043690
Event: 5.390 Thread 0x00000177d191d570 flushing  nmethod 0x00000177be043b10
Event: 5.390 Thread 0x00000177d191d570 flushing  nmethod 0x00000177be044310
Event: 5.390 Thread 0x00000177d191d570 flushing  nmethod 0x00000177be044890
Event: 5.390 Thread 0x00000177d191d570 flushing  nmethod 0x00000177be044f10
Event: 5.390 Thread 0x00000177d191d570 flushing  nmethod 0x00000177be045d90
Event: 5.390 Thread 0x00000177d191d570 flushing  nmethod 0x00000177be046e90
Event: 5.390 Thread 0x00000177d191d570 flushing  nmethod 0x00000177be047a10
Event: 5.390 Thread 0x00000177d191d570 flushing  nmethod 0x00000177be049790
Event: 5.390 Thread 0x00000177d191d570 flushing  nmethod 0x00000177be049b10
Event: 5.390 Thread 0x00000177d191d570 flushing  nmethod 0x00000177be04aa90
Event: 5.390 Thread 0x00000177d191d570 flushing  nmethod 0x00000177be06a790
Event: 5.390 Thread 0x00000177d191d570 flushing  nmethod 0x00000177be06cd90
Event: 5.390 Thread 0x00000177d191d570 flushing  nmethod 0x00000177be06d710
Event: 5.390 Thread 0x00000177d191d570 flushing  nmethod 0x00000177be0c2010
Event: 5.390 Thread 0x00000177d191d570 flushing  nmethod 0x00000177be0c2310

Events (20 events):
Event: 0.034 Thread 0x00000177b89dda90 Thread added: 0x00000177b89dda90
Event: 0.080 Thread 0x00000177b89dda90 Thread added: 0x00000177d1acc440
Event: 0.087 Thread 0x00000177b89dda90 Thread added: 0x00000177d1af2f80
Event: 0.087 Thread 0x00000177b89dda90 Thread added: 0x00000177d1af39e0
Event: 0.088 Thread 0x00000177b89dda90 Thread added: 0x00000177d1afcb20
Event: 0.088 Thread 0x00000177b89dda90 Thread added: 0x00000177d1b053e0
Event: 0.088 Thread 0x00000177b89dda90 Thread added: 0x00000177d1b0a120
Event: 0.088 Thread 0x00000177b89dda90 Thread added: 0x00000177d1b0ab80
Event: 0.088 Thread 0x00000177b89dda90 Thread added: 0x00000177d1b0cd20
Event: 0.089 Thread 0x00000177b89dda90 Thread added: 0x00000177d1b177e0
Event: 0.156 Thread 0x00000177b89dda90 Thread added: 0x00000177d1ca5800
Event: 0.171 Loaded shared library D:\android\jbr\bin\net.dll
Event: 0.173 Loaded shared library D:\android\jbr\bin\nio.dll
Event: 0.225 Thread 0x00000177d1b0cd20 Thread added: 0x00000177d1dbc570
Event: 0.240 Loaded shared library D:\android\jbr\bin\zip.dll
Event: 0.291 Loaded shared library D:\android\jbr\bin\jimage.dll
Event: 1.934 Thread 0x00000177d1dbc570 Thread exited: 0x00000177d1dbc570
Event: 2.064 Thread 0x00000177d1b0cd20 Thread added: 0x00000177d6f4a4e0
Event: 2.867 Thread 0x00000177d6f4a4e0 Thread exited: 0x00000177d6f4a4e0
Event: 3.192 Thread 0x00000177d1b0cd20 Thread added: 0x00000177d84018b0


Dynamic libraries:
0x00007ff65a4d0000 - 0x00007ff65a4da000 	D:\android\jbr\bin\java.exe
0x00007ffef73d0000 - 0x00007ffef75e7000 	C:\Windows\SYSTEM32\ntdll.dll
0x00007ffef5ce0000 - 0x00007ffef5da4000 	C:\Windows\System32\KERNEL32.DLL
0x00007ffef4960000 - 0x00007ffef4d30000 	C:\Windows\System32\KERNELBASE.dll
0x00007ffef4e10000 - 0x00007ffef4f21000 	C:\Windows\System32\ucrtbase.dll
0x00007ffef04f0000 - 0x00007ffef0508000 	D:\android\jbr\bin\jli.dll
0x00007ffef0450000 - 0x00007ffef046b000 	D:\android\jbr\bin\VCRUNTIME140.dll
0x00007ffef5f10000 - 0x00007ffef60c1000 	C:\Windows\System32\USER32.dll
0x00007ffef4de0000 - 0x00007ffef4e06000 	C:\Windows\System32\win32u.dll
0x00007ffedc020000 - 0x00007ffedc2bc000 	C:\Windows\WinSxS\amd64_microsoft.windows.common-controls_6595b64144ccf1df_6.0.22621.5840_none_2710ea077384a4fe\COMCTL32.dll
0x00007ffef62c0000 - 0x00007ffef62e9000 	C:\Windows\System32\GDI32.dll
0x00007ffef4f30000 - 0x00007ffef5053000 	C:\Windows\System32\gdi32full.dll
0x00007ffef60d0000 - 0x00007ffef6177000 	C:\Windows\System32\msvcrt.dll
0x00007ffef44d0000 - 0x00007ffef456a000 	C:\Windows\System32\msvcp_win.dll
0x00007ffef6820000 - 0x00007ffef6851000 	C:\Windows\System32\IMM32.DLL
0x00007ffef0440000 - 0x00007ffef044c000 	D:\android\jbr\bin\vcruntime140_1.dll
0x00007ffebac10000 - 0x00007ffebac9d000 	D:\android\jbr\bin\msvcp140.dll
0x00007ffe9ffc0000 - 0x00007ffea0c4e000 	D:\android\jbr\bin\server\jvm.dll
0x00007ffef6200000 - 0x00007ffef62b1000 	C:\Windows\System32\ADVAPI32.dll
0x00007ffef6860000 - 0x00007ffef6908000 	C:\Windows\System32\sechost.dll
0x00007ffef4db0000 - 0x00007ffef4dd8000 	C:\Windows\System32\bcrypt.dll
0x00007ffef6d90000 - 0x00007ffef6ea8000 	C:\Windows\System32\RPCRT4.dll
0x00007ffef6910000 - 0x00007ffef6981000 	C:\Windows\System32\WS2_32.dll
0x00007ffef3d70000 - 0x00007ffef3dbd000 	C:\Windows\SYSTEM32\POWRPROF.dll
0x00007ffeed740000 - 0x00007ffeed774000 	C:\Windows\SYSTEM32\WINMM.dll
0x00007ffeed730000 - 0x00007ffeed73a000 	C:\Windows\SYSTEM32\VERSION.dll
0x00007ffef3d50000 - 0x00007ffef3d63000 	C:\Windows\SYSTEM32\UMPDC.dll
0x00007ffef34a0000 - 0x00007ffef34b8000 	C:\Windows\SYSTEM32\kernel.appcore.dll
0x00007ffee5550000 - 0x00007ffee555a000 	D:\android\jbr\bin\jimage.dll
0x00007ffef1d70000 - 0x00007ffef1fa3000 	C:\Windows\SYSTEM32\DBGHELP.DLL
0x00007ffef6400000 - 0x00007ffef6791000 	C:\Windows\System32\combase.dll
0x00007ffef6c90000 - 0x00007ffef6d68000 	C:\Windows\System32\OLEAUT32.dll
0x00007ffed7130000 - 0x00007ffed7162000 	C:\Windows\SYSTEM32\dbgcore.DLL
0x00007ffef4570000 - 0x00007ffef45eb000 	C:\Windows\System32\bcryptPrimitives.dll
0x00007ffeddc20000 - 0x00007ffeddc40000 	D:\android\jbr\bin\java.dll
0x00007ffed4f70000 - 0x00007ffed4f88000 	D:\android\jbr\bin\zip.dll
0x00007ffef5340000 - 0x00007ffef5be1000 	C:\Windows\System32\SHELL32.dll
0x00007ffef46b0000 - 0x00007ffef47ef000 	C:\Windows\System32\wintypes.dll
0x00007ffef2360000 - 0x00007ffef2c7a000 	C:\Windows\SYSTEM32\windows.storage.dll
0x00007ffef62f0000 - 0x00007ffef63fa000 	C:\Windows\System32\SHCORE.dll
0x00007ffef5c70000 - 0x00007ffef5cd9000 	C:\Windows\System32\shlwapi.dll
0x00007ffef4400000 - 0x00007ffef4425000 	C:\Windows\SYSTEM32\profapi.dll
0x00007ffedf210000 - 0x00007ffedf220000 	D:\android\jbr\bin\net.dll
0x00007ffeeede0000 - 0x00007ffeeef0c000 	C:\Windows\SYSTEM32\WINHTTP.dll
0x00007ffef3980000 - 0x00007ffef39e9000 	C:\Windows\system32\mswsock.dll
0x00007ffed48c0000 - 0x00007ffed48d6000 	D:\android\jbr\bin\nio.dll
0x00007ffed9140000 - 0x00007ffed9150000 	D:\android\jbr\bin\verify.dll

dbghelp: loaded successfully - version: 4.0.5 - missing functions: none
symbol engine: initialized successfully - sym options: 0x614 - pdb path: .;D:\android\jbr\bin;C:\Windows\SYSTEM32;C:\Windows\WinSxS\amd64_microsoft.windows.common-controls_6595b64144ccf1df_6.0.22621.5840_none_2710ea077384a4fe;D:\android\jbr\bin\server

VM Arguments:
java_command: org.jetbrains.kotlin.cli.jvm.K2JVMCompiler @D:\Download\Study-S\app\build\20251025_14931783328696319295.compiler.options
java_class_path (initial): C:\Users\MY DUYEN\.gradle\caches\modules-2\files-2.1\org.jetbrains.kotlin\kotlin-compiler-embeddable\2.0.21\79346ed53db48b18312a472602eb5c057070c54d\kotlin-compiler-embeddable-2.0.21.jar;C:\Users\MY DUYEN\.gradle\caches\modules-2\files-2.1\org.jetbrains.kotlin\kotlin-stdlib\2.0.21\618b539767b4899b4660a83006e052b63f1db551\kotlin-stdlib-2.0.21.jar;C:\Users\MY DUYEN\.gradle\caches\modules-2\files-2.1\org.jetbrains.kotlin\kotlin-script-runtime\2.0.21\c9b044380ad41f89aa89aa896c2d32a8c0b2129d\kotlin-script-runtime-2.0.21.jar;C:\Users\MY DUYEN\.gradle\caches\modules-2\files-2.1\org.jetbrains.kotlin\kotlin-reflect\1.6.10\1cbe9c92c12a94eea200d23c2bbaedaf3daf5132\kotlin-reflect-1.6.10.jar;C:\Users\MY DUYEN\.gradle\caches\modules-2\files-2.1\org.jetbrains.kotlin\kotlin-daemon-embeddable\2.0.21\c9e933b23287de9b5a17e2116b4657bb91aea72c\kotlin-daemon-embeddable-2.0.21.jar;C:\Users\MY DUYEN\.gradle\caches\modules-2\files-2.1\org.jetbrains.intellij.deps\trove4j\1.0.20200330\3afb14d5f9ceb459d724e907a21145e8ff394f02\trove4j-1.0.20200330.jar;C:\Users\MY DUYEN\.gradle\caches\modules-2\files-2.1\org.jetbrains.kotlinx\kotlinx-coroutines-core-jvm\1.6.4\2c997cd1c0ef33f3e751d3831929aeff1390cb30\kotlinx-coroutines-core-jvm-1.6.4.jar;C:\Users\MY DUYEN\.gradle\caches\modules-2\files-2.1\org.jetbrains\annotations\13.0\919f0dfe192fb4e063e7dacadee7f8bb9a2672a9\annotations-13.0.jar
Launcher Type: SUN_STANDARD

[Global flags]
     intx CICompilerCount                          = 3                                         {product} {ergonomic}
     uint ConcGCThreads                            = 1                                         {product} {ergonomic}
     uint G1ConcRefinementThreads                  = 4                                         {product} {ergonomic}
   size_t G1HeapRegionSize                         = 1048576                                   {product} {ergonomic}
    uintx GCDrainStackTargetSize                   = 64                                        {product} {ergonomic}
   size_t InitialHeapSize                          = 130023424                                 {product} {ergonomic}
   size_t MarkStackSize                            = 4194304                                   {product} {ergonomic}
   size_t MaxHeapSize                              = 2067791872                                {product} {ergonomic}
   size_t MaxNewSize                               = 1240465408                                {product} {ergonomic}
   size_t MinHeapDeltaBytes                        = 1048576                                   {product} {ergonomic}
   size_t MinHeapSize                              = 8388608                                   {product} {ergonomic}
    uintx NonNMethodCodeHeapSize                   = 5832780                                {pd product} {ergonomic}
    uintx NonProfiledCodeHeapSize                  = 122912730                              {pd product} {ergonomic}
    uintx ProfiledCodeHeapSize                     = 122912730                              {pd product} {ergonomic}
    uintx ReservedCodeCacheSize                    = 251658240                              {pd product} {ergonomic}
     bool SegmentedCodeCache                       = true                                      {product} {ergonomic}
   size_t SoftMaxHeapSize                          = 2067791872                             {manageable} {ergonomic}
     bool UseCompressedOops                        = true                           {product lp64_product} {ergonomic}
     bool UseG1GC                                  = true                                      {product} {ergonomic}
     bool UseLargePagesIndividualAllocation        = false                                  {pd product} {ergonomic}

Logging:
Log output configuration:
 #0: stdout all=warning uptime,level,tags foldmultilines=false
 #1: stderr all=off uptime,level,tags foldmultilines=false

Environment Variables:
PATH=C:\Windows\system32;C:\Windows;C:\Windows\System32\Wbem;C:\Windows\System32\WindowsPowerShell\v1.0\;C:\Windows\System32\OpenSSH\;C:\Program Files\Microsoft SQL Server\150\Tools\Binn\;C:\Program Files (x86)\Windows Kits\10\Windows Performance Toolkit\;C:\Program Files (x86)\Git\cmd;C:\Program Files\GitHub CLI\;C:\Program Files\Docker\Docker\resources\bin;C:\Program Files (x86)\Eclipse\Sumo\bin\;C:\Program Files (x86)\Eclipse\Sumo\tools\;D:\Git\cmd;D:\Downloads\flutter_windows_3.35.5-stable\flutter\bin;C:\Users\MY DUYEN\Downloads\python-3.13.2-amd64.exe;C:\Users\MY DUYEN\AppData\Local\Programs\Python\Python313\;C:\Users\MY DUYEN\AppData\Local\Programs\Python\Launcher\;C:\Users\MY DUYEN\AppData\Local\Microsoft\WindowsApps;C:\Users\MY DUYEN\AppData\Local\Programs\Microsoft VS Code\bin;C:\sumo\bin;
USERNAME=MY DUYEN
OS=Windows_NT
PROCESSOR_IDENTIFIER=Intel64 Family 6 Model 140 Stepping 1, GenuineIntel
TMP=C:\Users\MYDUYE~1\AppData\Local\Temp
TEMP=C:\Users\MYDUYE~1\AppData\Local\Temp




Periodic native trim disabled

JNI global refs:
JNI global refs: 10, weak refs: 2

JNI global refs memory usage: 835, weak refs: 833

Process memory usage:
Resident Set Size: 224988K (2% of 8075976K total physical memory with 642300K free physical memory)

OOME stack traces (most recent first):
Classloader memory used:
Loader jdk.internal.loader.ClassLoaders$AppClassLoader                                 : 39459K
Loader bootstrap                                                                       : 10563K
Loader java.net.URLClassLoader                                                         : 259K

---------------  S Y S T E M  ---------------

OS:
 Windows 11 , 64 bit Build 22621 (10.0.22621.5415)
OS uptime: 0 days 3:45 hours
Hyper-V role detected

CPU: total 4 (initial active 4) (2 cores per cpu, 2 threads per core) family 6 model 140 stepping 1 microcode 0xa4, cx8, cmov, fxsr, ht, mmx, 3dnowpref, sse, sse2, sse3, ssse3, sse4.1, sse4.2, popcnt, lzcnt, tsc, tscinvbit, avx, avx2, aes, erms, clmul, bmi1, bmi2, adx, avx512f, avx512dq, avx512cd, avx512bw, avx512vl, sha, fma, vzeroupper, avx512_vpopcntdq, avx512_vpclmulqdq, avx512_vaes, avx512_vnni, clflush, clflushopt, clwb, avx512_vbmi2, avx512_vbmi, hv, rdtscp, rdpid, fsrm, gfni, avx512_bitalg, f16c, cet_ibt, cet_ss, avx512_ifma
Processor Information for the first 4 processors :
  Max Mhz: 2995, Current Mhz: 2995, Mhz Limit: 2995

Memory: 4k page, system-wide physical 7886M (631M free)
TotalPageFile size 18574M (AvailPageFile size 10M)
current process WorkingSet (physical memory assigned to process): 219M, peak: 235M
current process commit charge ("private bytes"): 295M, peak: 326M

vm_info: OpenJDK 64-Bit Server VM (21.0.7+-13880790-b1038.58) for windows-amd64 JRE (21.0.7+-13880790-b1038.58), built on 2025-08-04T20:56:21Z by "builder" with MS VC++ 16.10 / 16.11 (VS2019)

END.
