#
# There is insufficient memory for the Java Runtime Environment to continue.
# Native memory allocation (malloc) failed to allocate 2153904 bytes. Error detail: Chunk::new
# Possible reasons:
#   The system is out of physical RAM or swap space
#   This process is running with CompressedOops enabled, and the Java Heap may be blocking the growth of the native heap
# Possible solutions:
#   Reduce memory load on the system
#   Increase physical memory or swap space
#   Check if swap backing store is full
#   Decrease Java heap size (-Xmx/-Xms)
#   Decrease number of Java threads
#   Decrease Java thread stack sizes (-Xss)
#   Set larger code cache with -XX:ReservedCodeCacheSize=
#   JVM is running with Unscaled Compressed Oops mode in which the Java heap is
#     placed in the first 4GB address space. The Java Heap base address is the
#     maximum limit for the native heap growth. Please use -XX:HeapBaseMinAddress
#     to set the Java Heap base and to place the Java Heap above 4GB virtual address.
# This output file may be truncated or incomplete.
#
#  Out of Memory Error (arena.cpp:168), pid=10092, tid=12648
#
# JRE version: OpenJDK Runtime Environment (21.0.7) (build 21.0.7+-13880790-b1038.58)
# Java VM: OpenJDK 64-Bit Server VM (21.0.7+-13880790-b1038.58, mixed mode, tiered, compressed oops, compressed class ptrs, g1 gc, windows-amd64)
# No core dump will be written. Minidumps are not enabled by default on client versions of Windows
#

---------------  S U M M A R Y ------------

Command Line: --add-opens=java.base/java.lang=ALL-UNNAMED --add-opens=java.base/java.lang.invoke=ALL-UNNAMED --add-opens=java.base/java.util=ALL-UNNAMED --add-opens=java.prefs/java.util.prefs=ALL-UNNAMED --add-exports=jdk.compiler/com.sun.tools.javac.api=ALL-UNNAMED --add-exports=jdk.compiler/com.sun.tools.javac.util=ALL-UNNAMED --add-opens=java.base/java.util=ALL-UNNAMED --add-opens=java.prefs/java.util.prefs=ALL-UNNAMED --add-opens=java.base/java.nio.charset=ALL-UNNAMED --add-opens=java.base/java.net=ALL-UNNAMED --add-opens=java.base/java.util.concurrent.atomic=ALL-UNNAMED --add-opens=java.xml/javax.xml.namespace=ALL-UNNAMED -Xmx2048m -Dfile.encoding=UTF-8 -Duser.country=US -Duser.language=en -Duser.variant -javaagent:C:\Users\MY DUYEN\.gradle\wrapper\dists\gradle-8.13-bin\5xuhj0ry160q40clulazy9h7d\gradle-8.13\lib\agents\gradle-instrumentation-agent-8.13.jar org.gradle.launcher.daemon.bootstrap.GradleDaemon 8.13

Host: 11th Gen Intel(R) Core(TM) i3-1115G4 @ 3.00GHz, 4 cores, 7G,  Windows 11 , 64 bit Build 22621 (10.0.22621.5415)
Time: Sat Oct 25 20:07:59 2025 SE Asia Standard Time elapsed time: 73.082539 seconds (0d 0h 1m 13s)

---------------  T H R E A D  ---------------

Current thread (0x0000017ecc4d9ce0):  JavaThread "C2 CompilerThread0" daemon [_thread_in_native, id=12648, stack(0x0000004b44300000,0x0000004b44400000) (1024K)]


Current CompileTask:
C2:73082 9196   !   4       java.net.URLClassLoader$1::run (81 bytes)

Stack: [0x0000004b44300000,0x0000004b44400000]
Native frames: (J=compiled Java code, j=interpreted, Vv=VM code, C=native code)
V  [jvm.dll+0x6d25c9]
V  [jvm.dll+0x860923]
V  [jvm.dll+0x862e7e]
V  [jvm.dll+0x863563]
V  [jvm.dll+0x27f156]
V  [jvm.dll+0xc002d]
V  [jvm.dll+0xc0563]
V  [jvm.dll+0x3b6d3b]
V  [jvm.dll+0x382c27]
V  [jvm.dll+0x38209a]
V  [jvm.dll+0x247e72]
V  [jvm.dll+0x247441]
V  [jvm.dll+0x1c5fb4]
V  [jvm.dll+0x256bac]
V  [jvm.dll+0x2550f6]
V  [jvm.dll+0x3f1d16]
V  [jvm.dll+0x808d08]
V  [jvm.dll+0x6d0e1d]
C  [ucrtbase.dll+0x29333]
C  [KERNEL32.DLL+0x1259d]
C  [ntdll.dll+0x5af78]


---------------  P R O C E S S  ---------------

Threads class SMR info:
_java_thread_list=0x0000017ed47e8670, length=56, elements={
0x0000017eb3331ab0, 0x0000017ecc36dcd0, 0x0000017ecc4f1230, 0x0000017ecc4f2240,
0x0000017ecc4fc400, 0x0000017ecc4d7e80, 0x0000017ecc4d84f0, 0x0000017ecc4d8f50,
0x0000017ecc4d9ce0, 0x0000017ecc56db00, 0x0000017ecc835be0, 0x0000017ed27f21f0,
0x0000017ed27f1b60, 0x0000017ed27f2f10, 0x0000017ed27f35a0, 0x0000017ed27f0120,
0x0000017ed27f07b0, 0x0000017ed27f0e40, 0x0000017ed27f14d0, 0x0000017ecc7e3230,
0x0000017ecc7e66b0, 0x0000017ecc7e6d40, 0x0000017ecc7e2510, 0x0000017ecc7e0ad0,
0x0000017ecc7e3f50, 0x0000017ecc7e45e0, 0x0000017ecc7e6020, 0x0000017ecc7e4c70,
0x0000017ecc7e17f0, 0x0000017ecc7e5300, 0x0000017ecc7e73d0, 0x0000017ecc7e0440,
0x0000017ecc7e7a60, 0x0000017ecc7e5990, 0x0000017ecc7e1160, 0x0000017ecc7e2ba0,
0x0000017ed3d7a270, 0x0000017ed3d7bcb0, 0x0000017ed3d78ec0, 0x0000017ed3d7af90,
0x0000017ed3d78830, 0x0000017ed3d79be0, 0x0000017ed3d7a900, 0x0000017ed3d7b620,
0x0000017ed2a747b0, 0x0000017ed2a78950, 0x0000017ed2a74e40, 0x0000017ed2a72d70,
0x0000017ed2a77c30, 0x0000017ed2a782c0, 0x0000017ed2a719c0, 0x0000017ed2a78fe0,
0x0000017ed2a73400, 0x0000017ed2a72050, 0x0000017ed2a73a90, 0x0000017ed2a74120
}

Java Threads: ( => current thread )
  0x0000017eb3331ab0 JavaThread "main"                              [_thread_blocked, id=12888, stack(0x0000004b43400000,0x0000004b43500000) (1024K)]
  0x0000017ecc36dcd0 JavaThread "Common-Cleaner"             daemon [_thread_blocked, id=9196, stack(0x0000004b43c00000,0x0000004b43d00000) (1024K)]
  0x0000017ecc4f1230 JavaThread "Reference Handler"          daemon [_thread_blocked, id=7780, stack(0x0000004b43d00000,0x0000004b43e00000) (1024K)]
  0x0000017ecc4f2240 JavaThread "Finalizer"                  daemon [_thread_blocked, id=2440, stack(0x0000004b43e00000,0x0000004b43f00000) (1024K)]
  0x0000017ecc4fc400 JavaThread "Signal Dispatcher"          daemon [_thread_blocked, id=8096, stack(0x0000004b43f00000,0x0000004b44000000) (1024K)]
  0x0000017ecc4d7e80 JavaThread "Attach Listener"            daemon [_thread_blocked, id=5204, stack(0x0000004b44000000,0x0000004b44100000) (1024K)]
  0x0000017ecc4d84f0 JavaThread "Service Thread"             daemon [_thread_blocked, id=7336, stack(0x0000004b44100000,0x0000004b44200000) (1024K)]
  0x0000017ecc4d8f50 JavaThread "Monitor Deflation Thread"   daemon [_thread_blocked, id=14092, stack(0x0000004b44200000,0x0000004b44300000) (1024K)]
=>0x0000017ecc4d9ce0 JavaThread "C2 CompilerThread0"         daemon [_thread_in_native, id=12648, stack(0x0000004b44300000,0x0000004b44400000) (1024K)]
  0x0000017ecc56db00 JavaThread "C1 CompilerThread0"         daemon [_thread_blocked, id=9388, stack(0x0000004b44400000,0x0000004b44500000) (1024K)]
  0x0000017ecc835be0 JavaThread "Notification Thread"        daemon [_thread_blocked, id=1744, stack(0x0000004b44600000,0x0000004b44700000) (1024K)]
  0x0000017ed27f21f0 JavaThread "Daemon health stats"               [_thread_blocked, id=14892, stack(0x0000004b44900000,0x0000004b44a00000) (1024K)]
  0x0000017ed27f1b60 JavaThread "Incoming local TCP Connector on port 60381"        [_thread_in_native, id=6520, stack(0x0000004b44b00000,0x0000004b44c00000) (1024K)]
  0x0000017ed27f2f10 JavaThread "Daemon periodic checks"            [_thread_blocked, id=15148, stack(0x0000004b44c00000,0x0000004b44d00000) (1024K)]
  0x0000017ed27f35a0 JavaThread "Daemon"                            [_thread_blocked, id=2156, stack(0x0000004b44d00000,0x0000004b44e00000) (1024K)]
  0x0000017ed27f0120 JavaThread "Handler for socket connection from /127.0.0.1:60381 to /127.0.0.1:60382"        [_thread_in_native, id=13544, stack(0x0000004b44e00000,0x0000004b44f00000) (1024K)]
  0x0000017ed27f07b0 JavaThread "Cancel handler"                    [_thread_blocked, id=1216, stack(0x0000004b44f00000,0x0000004b45000000) (1024K)]
  0x0000017ed27f0e40 JavaThread "Daemon worker"                     [_thread_in_native, id=15012, stack(0x0000004b45000000,0x0000004b45100000) (1024K)]
  0x0000017ed27f14d0 JavaThread "Asynchronous log dispatcher for DefaultDaemonConnection: socket connection from /127.0.0.1:60381 to /127.0.0.1:60382"        [_thread_blocked, id=15128, stack(0x0000004b45100000,0x0000004b45200000) (1024K)]
  0x0000017ecc7e3230 JavaThread "Stdin handler"                     [_thread_blocked, id=11104, stack(0x0000004b45200000,0x0000004b45300000) (1024K)]
  0x0000017ecc7e66b0 JavaThread "Daemon client event forwarder"        [_thread_blocked, id=5196, stack(0x0000004b45300000,0x0000004b45400000) (1024K)]
  0x0000017ecc7e6d40 JavaThread "Cache worker for journal cache (C:\Users\MY DUYEN\.gradle\caches\journal-1)"        [_thread_blocked, id=3216, stack(0x0000004b45400000,0x0000004b45500000) (1024K)]
  0x0000017ecc7e2510 JavaThread "File lock request listener"        [_thread_in_native, id=14692, stack(0x0000004b45500000,0x0000004b45600000) (1024K)]
  0x0000017ecc7e0ad0 JavaThread "Cache worker for file hash cache (C:\Users\MY DUYEN\.gradle\caches\8.13\fileHashes)"        [_thread_blocked, id=10576, stack(0x0000004b45600000,0x0000004b45700000) (1024K)]
  0x0000017ecc7e3f50 JavaThread "File lock release action executor"        [_thread_blocked, id=14836, stack(0x0000004b45700000,0x0000004b45800000) (1024K)]
  0x0000017ecc7e45e0 JavaThread "Cache worker for file hash cache (D:\Download\Study-S\.gradle\8.13\fileHashes)"        [_thread_blocked, id=8424, stack(0x0000004b45800000,0x0000004b45900000) (1024K)]
  0x0000017ecc7e6020 JavaThread "Cache worker for Build Output Cleanup Cache (D:\Download\Study-S\.gradle\buildOutputCleanup)"        [_thread_blocked, id=2428, stack(0x0000004b45900000,0x0000004b45a00000) (1024K)]
  0x0000017ecc7e4c70 JavaThread "File watcher server"        daemon [_thread_in_native, id=14272, stack(0x0000004b45a00000,0x0000004b45b00000) (1024K)]
  0x0000017ecc7e17f0 JavaThread "File watcher consumer"      daemon [_thread_blocked, id=3540, stack(0x0000004b45b00000,0x0000004b45c00000) (1024K)]
  0x0000017ecc7e5300 JavaThread "jar transforms"                    [_thread_blocked, id=13508, stack(0x0000004b45d00000,0x0000004b45e00000) (1024K)]
  0x0000017ecc7e73d0 JavaThread "jar transforms Thread 2"           [_thread_blocked, id=7516, stack(0x0000004b45e00000,0x0000004b45f00000) (1024K)]
  0x0000017ecc7e0440 JavaThread "Cache worker for checksums cache (D:\Download\Study-S\.gradle\8.13\checksums)"        [_thread_blocked, id=6100, stack(0x0000004b45f00000,0x0000004b46000000) (1024K)]
  0x0000017ecc7e7a60 JavaThread "Cache worker for file content cache (C:\Users\MY DUYEN\.gradle\caches\8.13\fileContent)"        [_thread_blocked, id=6992, stack(0x0000004b45c00000,0x0000004b45d00000) (1024K)]
  0x0000017ecc7e5990 JavaThread "jar transforms Thread 3"           [_thread_blocked, id=6196, stack(0x0000004b46000000,0x0000004b46100000) (1024K)]
  0x0000017ecc7e1160 JavaThread "File lock release action executor Thread 2"        [_thread_blocked, id=8980, stack(0x0000004b46100000,0x0000004b46200000) (1024K)]
  0x0000017ecc7e2ba0 JavaThread "Cache worker for cache directory md-supplier (C:\Users\MY DUYEN\.gradle\caches\8.13\md-supplier)"        [_thread_blocked, id=2588, stack(0x0000004b46200000,0x0000004b46300000) (1024K)]
  0x0000017ed3d7a270 JavaThread "Cache worker for cache directory md-rule (C:\Users\MY DUYEN\.gradle\caches\8.13\md-rule)"        [_thread_blocked, id=12128, stack(0x0000004b46300000,0x0000004b46400000) (1024K)]
  0x0000017ed3d7bcb0 JavaThread "Unconstrained build operations"        [_thread_blocked, id=1308, stack(0x0000004b46400000,0x0000004b46500000) (1024K)]
  0x0000017ed3d78ec0 JavaThread "Unconstrained build operations Thread 2"        [_thread_blocked, id=1680, stack(0x0000004b46500000,0x0000004b46600000) (1024K)]
  0x0000017ed3d7af90 JavaThread "Unconstrained build operations Thread 3"        [_thread_blocked, id=14936, stack(0x0000004b46600000,0x0000004b46700000) (1024K)]
  0x0000017ed3d78830 JavaThread "Unconstrained build operations Thread 4"        [_thread_blocked, id=11196, stack(0x0000004b46700000,0x0000004b46800000) (1024K)]
  0x0000017ed3d79be0 JavaThread "Unconstrained build operations Thread 5"        [_thread_blocked, id=14492, stack(0x0000004b46800000,0x0000004b46900000) (1024K)]
  0x0000017ed3d7a900 JavaThread "Unconstrained build operations Thread 6"        [_thread_blocked, id=4700, stack(0x0000004b46900000,0x0000004b46a00000) (1024K)]
  0x0000017ed3d7b620 JavaThread "jar transforms Thread 4"           [_thread_blocked, id=7824, stack(0x0000004b46a00000,0x0000004b46b00000) (1024K)]
  0x0000017ed2a747b0 JavaThread "Unconstrained build operations Thread 7"        [_thread_blocked, id=15192, stack(0x0000004b46b00000,0x0000004b46c00000) (1024K)]
  0x0000017ed2a78950 JavaThread "Unconstrained build operations Thread 8"        [_thread_blocked, id=5668, stack(0x0000004b46c00000,0x0000004b46d00000) (1024K)]
  0x0000017ed2a74e40 JavaThread "Unconstrained build operations Thread 9"        [_thread_blocked, id=1824, stack(0x0000004b46d00000,0x0000004b46e00000) (1024K)]
  0x0000017ed2a72d70 JavaThread "Unconstrained build operations Thread 10"        [_thread_blocked, id=14208, stack(0x0000004b43200000,0x0000004b43300000) (1024K)]
  0x0000017ed2a77c30 JavaThread "Unconstrained build operations Thread 11"        [_thread_blocked, id=1940, stack(0x0000004b43300000,0x0000004b43400000) (1024K)]
  0x0000017ed2a782c0 JavaThread "Unconstrained build operations Thread 12"        [_thread_blocked, id=4836, stack(0x0000004b44500000,0x0000004b44600000) (1024K)]
  0x0000017ed2a719c0 JavaThread "Unconstrained build operations Thread 13"        [_thread_blocked, id=4200, stack(0x0000004b46e00000,0x0000004b46f00000) (1024K)]
  0x0000017ed2a78fe0 JavaThread "Unconstrained build operations Thread 14"        [_thread_blocked, id=2764, stack(0x0000004b46f00000,0x0000004b47000000) (1024K)]
  0x0000017ed2a73400 JavaThread "Unconstrained build operations Thread 15"        [_thread_blocked, id=10164, stack(0x0000004b47000000,0x0000004b47100000) (1024K)]
  0x0000017ed2a72050 JavaThread "Unconstrained build operations Thread 16"        [_thread_blocked, id=9468, stack(0x0000004b47100000,0x0000004b47200000) (1024K)]
  0x0000017ed2a73a90 JavaThread "Unconstrained build operations Thread 17"        [_thread_blocked, id=8704, stack(0x0000004b47200000,0x0000004b47300000) (1024K)]
  0x0000017ed2a74120 JavaThread "Unconstrained build operations Thread 18"        [_thread_blocked, id=14748, stack(0x0000004b47300000,0x0000004b47400000) (1024K)]
Total: 56

Other Threads:
  0x0000017ecc2db050 VMThread "VM Thread"                           [id=2008, stack(0x0000004b43b00000,0x0000004b43c00000) (1024K)]
  0x0000017eb55aeb90 WatcherThread "VM Periodic Task Thread"        [id=9712, stack(0x0000004b43a00000,0x0000004b43b00000) (1024K)]
  0x0000017eb33fd070 WorkerThread "GC Thread#0"                     [id=7240, stack(0x0000004b43500000,0x0000004b43600000) (1024K)]
  0x0000017ed108fb40 WorkerThread "GC Thread#1"                     [id=10848, stack(0x0000004b44700000,0x0000004b44800000) (1024K)]
  0x0000017ed107a460 WorkerThread "GC Thread#2"                     [id=14824, stack(0x0000004b44800000,0x0000004b44900000) (1024K)]
  0x0000017ed1e624d0 WorkerThread "GC Thread#3"                     [id=1252, stack(0x0000004b44a00000,0x0000004b44b00000) (1024K)]
  0x0000017eb33fe020 ConcurrentGCThread "G1 Main Marker"            [id=976, stack(0x0000004b43600000,0x0000004b43700000) (1024K)]
  0x0000017eb5553840 WorkerThread "G1 Conc#0"                       [id=15044, stack(0x0000004b43700000,0x0000004b43800000) (1024K)]
  0x0000017ecc1a34e0 ConcurrentGCThread "G1 Refine#0"               [id=5444, stack(0x0000004b43800000,0x0000004b43900000) (1024K)]
  0x0000017eb55ac690 ConcurrentGCThread "G1 Service"                [id=11084, stack(0x0000004b43900000,0x0000004b43a00000) (1024K)]
Total: 10

Threads with active compile tasks:
C2 CompilerThread0  73129 9196   !   4       java.net.URLClassLoader$1::run (81 bytes)
Total: 1

VM state: not at safepoint (normal execution)

VM Mutex/Monitor currently owned by a thread: None

Heap address: 0x0000000080000000, size: 2048 MB, Compressed Oops mode: 32-bit

CDS archive(s) not mapped
Compressed class space mapped at: 0x0000000100000000-0x0000000140000000, reserved size: 1073741824
Narrow klass base: 0x0000000000000000, Narrow klass shift: 3, Narrow klass range: 0x140000000

GC Precious Log:
 CardTable entry size: 512
 Card Set container configuration: InlinePtr #cards 5 size 8 Array Of Cards #cards 12 size 40 Howl #buckets 4 coarsen threshold 1843 Howl Bitmap #cards 512 size 80 coarsen threshold 460 Card regions per heap region 1 cards per card region 2048
 CPUs: 4 total, 4 available
 Memory: 7886M
 Large Page Support: Disabled
 NUMA Support: Disabled
 Compressed Oops: Enabled (32-bit)
 Heap Region Size: 1M
 Heap Min Capacity: 8M
 Heap Initial Capacity: 124M
 Heap Max Capacity: 2G
 Pre-touch: Disabled
 Parallel Workers: 4
 Concurrent Workers: 1
 Concurrent Refinement Workers: 4
 Periodic GC: Disabled

Heap:
 garbage-first heap   total 115712K, used 98754K [0x0000000080000000, 0x0000000100000000)
  region size 1024K, 26 young (26624K), 4 survivors (4096K)
 Metaspace       used 77244K, committed 79104K, reserved 1179648K
  class space    used 10521K, committed 11392K, reserved 1048576K

Heap Regions: E=young(eden), S=young(survivor), O=old, HS=humongous(starts), HC=humongous(continues), CS=collection set, F=free, TAMS=top-at-mark-start, PB=parsable bottom
|   0|0x0000000080000000, 0x0000000080100000, 0x0000000080100000|100%|HS|  |TAMS 0x0000000080000000| PB 0x0000000080000000| Complete 
|   1|0x0000000080100000, 0x0000000080200000, 0x0000000080200000|100%|HC|  |TAMS 0x0000000080100000| PB 0x0000000080100000| Complete 
|   2|0x0000000080200000, 0x0000000080300000, 0x0000000080300000|100%|HC|  |TAMS 0x0000000080200000| PB 0x0000000080200000| Complete 
|   3|0x0000000080300000, 0x0000000080400000, 0x0000000080400000|100%| O|  |TAMS 0x0000000080300000| PB 0x0000000080300000| Untracked 
|   4|0x0000000080400000, 0x0000000080500000, 0x0000000080500000|100%| O|  |TAMS 0x0000000080400000| PB 0x0000000080400000| Untracked 
|   5|0x0000000080500000, 0x0000000080600000, 0x0000000080600000|100%| O|  |TAMS 0x0000000080500000| PB 0x0000000080500000| Untracked 
|   6|0x0000000080600000, 0x0000000080700000, 0x0000000080700000|100%|HS|  |TAMS 0x0000000080600000| PB 0x0000000080600000| Complete 
|   7|0x0000000080700000, 0x0000000080800000, 0x0000000080800000|100%| O|  |TAMS 0x0000000080700000| PB 0x0000000080700000| Untracked 
|   8|0x0000000080800000, 0x0000000080900000, 0x0000000080900000|100%| O|  |TAMS 0x0000000080800000| PB 0x0000000080800000| Untracked 
|   9|0x0000000080900000, 0x0000000080a00000, 0x0000000080a00000|100%| O|  |TAMS 0x0000000080900000| PB 0x0000000080900000| Untracked 
|  10|0x0000000080a00000, 0x0000000080b00000, 0x0000000080b00000|100%| O|  |TAMS 0x0000000080a00000| PB 0x0000000080a00000| Untracked 
|  11|0x0000000080b00000, 0x0000000080c00000, 0x0000000080c00000|100%| O|  |TAMS 0x0000000080b00000| PB 0x0000000080b00000| Untracked 
|  12|0x0000000080c00000, 0x0000000080d00000, 0x0000000080d00000|100%| O|  |TAMS 0x0000000080c00000| PB 0x0000000080c00000| Untracked 
|  13|0x0000000080d00000, 0x0000000080e00000, 0x0000000080e00000|100%| O|  |TAMS 0x0000000080d00000| PB 0x0000000080d00000| Untracked 
|  14|0x0000000080e00000, 0x0000000080f00000, 0x0000000080f00000|100%| O|  |TAMS 0x0000000080e00000| PB 0x0000000080e00000| Untracked 
|  15|0x0000000080f00000, 0x0000000081000000, 0x0000000081000000|100%| O|  |TAMS 0x0000000080f00000| PB 0x0000000080f00000| Untracked 
|  16|0x0000000081000000, 0x0000000081100000, 0x0000000081100000|100%| O|  |TAMS 0x0000000081000000| PB 0x0000000081000000| Untracked 
|  17|0x0000000081100000, 0x0000000081200000, 0x0000000081200000|100%| O|  |TAMS 0x0000000081100000| PB 0x0000000081100000| Untracked 
|  18|0x0000000081200000, 0x0000000081300000, 0x0000000081300000|100%| O|  |TAMS 0x0000000081200000| PB 0x0000000081200000| Untracked 
|  19|0x0000000081300000, 0x0000000081400000, 0x0000000081400000|100%| O|  |TAMS 0x0000000081300000| PB 0x0000000081300000| Untracked 
|  20|0x0000000081400000, 0x0000000081500000, 0x0000000081500000|100%| O|  |TAMS 0x0000000081400000| PB 0x0000000081400000| Untracked 
|  21|0x0000000081500000, 0x0000000081600000, 0x0000000081600000|100%| O|  |TAMS 0x0000000081500000| PB 0x0000000081500000| Untracked 
|  22|0x0000000081600000, 0x0000000081700000, 0x0000000081700000|100%| O|  |TAMS 0x0000000081600000| PB 0x0000000081600000| Untracked 
|  23|0x0000000081700000, 0x0000000081800000, 0x0000000081800000|100%| O|  |TAMS 0x0000000081700000| PB 0x0000000081700000| Untracked 
|  24|0x0000000081800000, 0x0000000081900000, 0x0000000081900000|100%| O|  |TAMS 0x0000000081800000| PB 0x0000000081800000| Untracked 
|  25|0x0000000081900000, 0x0000000081a00000, 0x0000000081a00000|100%| O|  |TAMS 0x0000000081900000| PB 0x0000000081900000| Untracked 
|  26|0x0000000081a00000, 0x0000000081b00000, 0x0000000081b00000|100%| O|  |TAMS 0x0000000081a00000| PB 0x0000000081a00000| Untracked 
|  27|0x0000000081b00000, 0x0000000081c00000, 0x0000000081c00000|100%| O|  |TAMS 0x0000000081b00000| PB 0x0000000081b00000| Untracked 
|  28|0x0000000081c00000, 0x0000000081d00000, 0x0000000081d00000|100%| O|  |TAMS 0x0000000081c00000| PB 0x0000000081c00000| Untracked 
|  29|0x0000000081d00000, 0x0000000081e00000, 0x0000000081e00000|100%| O|  |TAMS 0x0000000081d00000| PB 0x0000000081d00000| Untracked 
|  30|0x0000000081e00000, 0x0000000081f00000, 0x0000000081f00000|100%| O|  |TAMS 0x0000000081e00000| PB 0x0000000081e00000| Untracked 
|  31|0x0000000081f00000, 0x0000000082000000, 0x0000000082000000|100%| O|  |TAMS 0x0000000081f00000| PB 0x0000000081f00000| Untracked 
|  32|0x0000000082000000, 0x0000000082100000, 0x0000000082100000|100%| O|  |TAMS 0x0000000082000000| PB 0x0000000082000000| Untracked 
|  33|0x0000000082100000, 0x0000000082200000, 0x0000000082200000|100%| O|  |TAMS 0x0000000082100000| PB 0x0000000082100000| Untracked 
|  34|0x0000000082200000, 0x0000000082300000, 0x0000000082300000|100%| O|  |TAMS 0x0000000082200000| PB 0x0000000082200000| Untracked 
|  35|0x0000000082300000, 0x0000000082400000, 0x0000000082400000|100%| O|  |TAMS 0x0000000082300000| PB 0x0000000082300000| Untracked 
|  36|0x0000000082400000, 0x0000000082500000, 0x0000000082500000|100%| O|  |TAMS 0x0000000082400000| PB 0x0000000082400000| Untracked 
|  37|0x0000000082500000, 0x0000000082600000, 0x0000000082600000|100%| O|  |TAMS 0x0000000082500000| PB 0x0000000082500000| Untracked 
|  38|0x0000000082600000, 0x0000000082700000, 0x0000000082700000|100%| O|  |TAMS 0x0000000082600000| PB 0x0000000082600000| Untracked 
|  39|0x0000000082700000, 0x0000000082800000, 0x0000000082800000|100%| O|  |TAMS 0x0000000082700000| PB 0x0000000082700000| Untracked 
|  40|0x0000000082800000, 0x0000000082900000, 0x0000000082900000|100%| O|  |TAMS 0x0000000082800000| PB 0x0000000082800000| Untracked 
|  41|0x0000000082900000, 0x0000000082a00000, 0x0000000082a00000|100%| O|  |TAMS 0x0000000082900000| PB 0x0000000082900000| Untracked 
|  42|0x0000000082a00000, 0x0000000082a00000, 0x0000000082b00000|  0%| F|  |TAMS 0x0000000082a00000| PB 0x0000000082a00000| Untracked 
|  43|0x0000000082b00000, 0x0000000082c00000, 0x0000000082c00000|100%| O|  |TAMS 0x0000000082b00000| PB 0x0000000082b00000| Untracked 
|  44|0x0000000082c00000, 0x0000000082d00000, 0x0000000082d00000|100%|HS|  |TAMS 0x0000000082c00000| PB 0x0000000082c00000| Complete 
|  45|0x0000000082d00000, 0x0000000082d00000, 0x0000000082e00000|  0%| F|  |TAMS 0x0000000082d00000| PB 0x0000000082d00000| Untracked 
|  46|0x0000000082e00000, 0x0000000082f00000, 0x0000000082f00000|100%| O|  |TAMS 0x0000000082e00000| PB 0x0000000082e00000| Untracked 
|  47|0x0000000082f00000, 0x0000000083000000, 0x0000000083000000|100%| O|  |TAMS 0x0000000082f00000| PB 0x0000000082f00000| Untracked 
|  48|0x0000000083000000, 0x0000000083100000, 0x0000000083100000|100%| O|  |TAMS 0x0000000083000000| PB 0x0000000083000000| Untracked 
|  49|0x0000000083100000, 0x0000000083200000, 0x0000000083200000|100%| O|  |TAMS 0x0000000083100000| PB 0x0000000083100000| Untracked 
|  50|0x0000000083200000, 0x0000000083300000, 0x0000000083300000|100%| O|  |TAMS 0x0000000083200000| PB 0x0000000083200000| Untracked 
|  51|0x0000000083300000, 0x0000000083400000, 0x0000000083400000|100%|HS|  |TAMS 0x0000000083300000| PB 0x0000000083300000| Complete 
|  52|0x0000000083400000, 0x0000000083500000, 0x0000000083500000|100%|HS|  |TAMS 0x0000000083400000| PB 0x0000000083400000| Complete 
|  53|0x0000000083500000, 0x0000000083600000, 0x0000000083600000|100%|HC|  |TAMS 0x0000000083500000| PB 0x0000000083500000| Complete 
|  54|0x0000000083600000, 0x0000000083700000, 0x0000000083700000|100%|HS|  |TAMS 0x0000000083600000| PB 0x0000000083600000| Complete 
|  55|0x0000000083700000, 0x0000000083800000, 0x0000000083800000|100%|HS|  |TAMS 0x0000000083700000| PB 0x0000000083700000| Complete 
|  56|0x0000000083800000, 0x0000000083900000, 0x0000000083900000|100%|HC|  |TAMS 0x0000000083800000| PB 0x0000000083800000| Complete 
|  57|0x0000000083900000, 0x0000000083a00000, 0x0000000083a00000|100%|HS|  |TAMS 0x0000000083900000| PB 0x0000000083900000| Complete 
|  58|0x0000000083a00000, 0x0000000083a00000, 0x0000000083b00000|  0%| F|  |TAMS 0x0000000083a00000| PB 0x0000000083a00000| Untracked 
|  59|0x0000000083b00000, 0x0000000083b00000, 0x0000000083c00000|  0%| F|  |TAMS 0x0000000083b00000| PB 0x0000000083b00000| Untracked 
|  60|0x0000000083c00000, 0x0000000083d00000, 0x0000000083d00000|100%|HS|  |TAMS 0x0000000083c00000| PB 0x0000000083c00000| Complete 
|  61|0x0000000083d00000, 0x0000000083e00000, 0x0000000083e00000|100%|HS|  |TAMS 0x0000000083d00000| PB 0x0000000083d00000| Complete 
|  62|0x0000000083e00000, 0x0000000083f00000, 0x0000000083f00000|100%|HS|  |TAMS 0x0000000083e00000| PB 0x0000000083e00000| Complete 
|  63|0x0000000083f00000, 0x0000000084000000, 0x0000000084000000|100%|HC|  |TAMS 0x0000000083f00000| PB 0x0000000083f00000| Complete 
|  64|0x0000000084000000, 0x0000000084100000, 0x0000000084100000|100%|HC|  |TAMS 0x0000000084000000| PB 0x0000000084000000| Complete 
|  65|0x0000000084100000, 0x0000000084100000, 0x0000000084200000|  0%| F|  |TAMS 0x0000000084100000| PB 0x0000000084100000| Untracked 
|  66|0x0000000084200000, 0x0000000084200000, 0x0000000084300000|  0%| F|  |TAMS 0x0000000084200000| PB 0x0000000084200000| Untracked 
|  67|0x0000000084300000, 0x0000000084400000, 0x0000000084400000|100%| O|  |TAMS 0x0000000084300000| PB 0x0000000084300000| Untracked 
|  68|0x0000000084400000, 0x0000000084500000, 0x0000000084500000|100%| O|  |TAMS 0x0000000084400000| PB 0x0000000084400000| Untracked 
|  69|0x0000000084500000, 0x0000000084600000, 0x0000000084600000|100%| O|  |TAMS 0x0000000084500000| PB 0x0000000084500000| Untracked 
|  70|0x0000000084600000, 0x0000000084700000, 0x0000000084700000|100%| O|  |TAMS 0x0000000084600000| PB 0x0000000084600000| Untracked 
|  71|0x0000000084700000, 0x0000000084800000, 0x0000000084800000|100%| O|  |TAMS 0x0000000084700000| PB 0x0000000084700000| Untracked 
|  72|0x0000000084800000, 0x0000000084900000, 0x0000000084900000|100%| O|  |TAMS 0x0000000084800000| PB 0x0000000084800000| Untracked 
|  73|0x0000000084900000, 0x0000000084a00000, 0x0000000084a00000|100%| O|  |TAMS 0x0000000084900000| PB 0x0000000084900000| Untracked 
|  74|0x0000000084a00000, 0x0000000084b00000, 0x0000000084b00000|100%| S|CS|TAMS 0x0000000084a00000| PB 0x0000000084a00000| Complete 
|  75|0x0000000084b00000, 0x0000000084c00000, 0x0000000084c00000|100%| S|CS|TAMS 0x0000000084b00000| PB 0x0000000084b00000| Complete 
|  76|0x0000000084c00000, 0x0000000084d00000, 0x0000000084d00000|100%| S|CS|TAMS 0x0000000084c00000| PB 0x0000000084c00000| Complete 
|  77|0x0000000084d00000, 0x0000000084d00000, 0x0000000084e00000|  0%| F|  |TAMS 0x0000000084d00000| PB 0x0000000084d00000| Untracked 
|  78|0x0000000084e00000, 0x0000000084e00000, 0x0000000084f00000|  0%| F|  |TAMS 0x0000000084e00000| PB 0x0000000084e00000| Untracked 
|  79|0x0000000084f00000, 0x0000000084f00000, 0x0000000085000000|  0%| F|  |TAMS 0x0000000084f00000| PB 0x0000000084f00000| Untracked 
|  80|0x0000000085000000, 0x0000000085000000, 0x0000000085100000|  0%| F|  |TAMS 0x0000000085000000| PB 0x0000000085000000| Untracked 
|  81|0x0000000085100000, 0x0000000085100000, 0x0000000085200000|  0%| F|  |TAMS 0x0000000085100000| PB 0x0000000085100000| Untracked 
|  82|0x0000000085200000, 0x0000000085200000, 0x0000000085300000|  0%| F|  |TAMS 0x0000000085200000| PB 0x0000000085200000| Untracked 
|  83|0x0000000085300000, 0x0000000085300000, 0x0000000085400000|  0%| F|  |TAMS 0x0000000085300000| PB 0x0000000085300000| Untracked 
|  84|0x0000000085400000, 0x0000000085400000, 0x0000000085500000|  0%| F|  |TAMS 0x0000000085400000| PB 0x0000000085400000| Untracked 
|  85|0x0000000085500000, 0x0000000085500000, 0x0000000085600000|  0%| F|  |TAMS 0x0000000085500000| PB 0x0000000085500000| Untracked 
|  86|0x0000000085600000, 0x000000008565eba8, 0x0000000085700000| 37%| E|  |TAMS 0x0000000085600000| PB 0x0000000085600000| Complete 
|  87|0x0000000085700000, 0x0000000085800000, 0x0000000085800000|100%| E|CS|TAMS 0x0000000085700000| PB 0x0000000085700000| Complete 
|  88|0x0000000085800000, 0x0000000085900000, 0x0000000085900000|100%| E|CS|TAMS 0x0000000085800000| PB 0x0000000085800000| Complete 
|  89|0x0000000085900000, 0x0000000085a00000, 0x0000000085a00000|100%| E|CS|TAMS 0x0000000085900000| PB 0x0000000085900000| Complete 
|  90|0x0000000085a00000, 0x0000000085b00000, 0x0000000085b00000|100%| E|CS|TAMS 0x0000000085a00000| PB 0x0000000085a00000| Complete 
|  91|0x0000000085b00000, 0x0000000085c00000, 0x0000000085c00000|100%| E|CS|TAMS 0x0000000085b00000| PB 0x0000000085b00000| Complete 
|  92|0x0000000085c00000, 0x0000000085d00000, 0x0000000085d00000|100%| E|CS|TAMS 0x0000000085c00000| PB 0x0000000085c00000| Complete 
|  93|0x0000000085d00000, 0x0000000085e00000, 0x0000000085e00000|100%| E|CS|TAMS 0x0000000085d00000| PB 0x0000000085d00000| Complete 
|  94|0x0000000085e00000, 0x0000000085f00000, 0x0000000085f00000|100%| E|CS|TAMS 0x0000000085e00000| PB 0x0000000085e00000| Complete 
|  95|0x0000000085f00000, 0x0000000086000000, 0x0000000086000000|100%| E|CS|TAMS 0x0000000085f00000| PB 0x0000000085f00000| Complete 
|  96|0x0000000086000000, 0x0000000086100000, 0x0000000086100000|100%| E|CS|TAMS 0x0000000086000000| PB 0x0000000086000000| Complete 
|  97|0x0000000086100000, 0x0000000086200000, 0x0000000086200000|100%| E|CS|TAMS 0x0000000086100000| PB 0x0000000086100000| Complete 
|  98|0x0000000086200000, 0x0000000086300000, 0x0000000086300000|100%| E|CS|TAMS 0x0000000086200000| PB 0x0000000086200000| Complete 
|  99|0x0000000086300000, 0x0000000086400000, 0x0000000086400000|100%| E|CS|TAMS 0x0000000086300000| PB 0x0000000086300000| Complete 
| 100|0x0000000086400000, 0x0000000086500000, 0x0000000086500000|100%| E|CS|TAMS 0x0000000086400000| PB 0x0000000086400000| Complete 
| 101|0x0000000086500000, 0x0000000086600000, 0x0000000086600000|100%| E|CS|TAMS 0x0000000086500000| PB 0x0000000086500000| Complete 
| 102|0x0000000086600000, 0x0000000086700000, 0x0000000086700000|100%| E|CS|TAMS 0x0000000086600000| PB 0x0000000086600000| Complete 
| 103|0x0000000086700000, 0x0000000086800000, 0x0000000086800000|100%| E|CS|TAMS 0x0000000086700000| PB 0x0000000086700000| Complete 
| 104|0x0000000086800000, 0x0000000086900000, 0x0000000086900000|100%| E|CS|TAMS 0x0000000086800000| PB 0x0000000086800000| Complete 
| 105|0x0000000086900000, 0x0000000086a00000, 0x0000000086a00000|100%| E|CS|TAMS 0x0000000086900000| PB 0x0000000086900000| Complete 
| 106|0x0000000086a00000, 0x0000000086b00000, 0x0000000086b00000|100%| E|CS|TAMS 0x0000000086a00000| PB 0x0000000086a00000| Complete 
| 107|0x0000000086b00000, 0x0000000086b70880, 0x0000000086c00000| 43%| S|CS|TAMS 0x0000000086b00000| PB 0x0000000086b00000| Complete 
| 123|0x0000000087b00000, 0x0000000087c00000, 0x0000000087c00000|100%| E|CS|TAMS 0x0000000087b00000| PB 0x0000000087b00000| Complete 
|2044|0x00000000ffc00000, 0x00000000ffd00000, 0x00000000ffd00000|100%| O|  |TAMS 0x00000000ffc00000| PB 0x00000000ffc00000| Untracked 
|2045|0x00000000ffd00000, 0x00000000ffe00000, 0x00000000ffe00000|100%| O|  |TAMS 0x00000000ffd00000| PB 0x00000000ffd00000| Untracked 
|2046|0x00000000ffe00000, 0x00000000fff00000, 0x00000000fff00000|100%| O|  |TAMS 0x00000000ffe00000| PB 0x00000000ffe00000| Untracked 
|2047|0x00000000fff00000, 0x0000000100000000, 0x0000000100000000|100%| O|  |TAMS 0x00000000fff00000| PB 0x00000000fff00000| Untracked 

Card table byte_map: [0x0000017ec7a40000,0x0000017ec7e40000] _byte_map_base: 0x0000017ec7640000

Marking Bits: (CMBitMap*) 0x0000017eb33fd770
 Bits: [0x0000017ec7e40000, 0x0000017ec9e40000)

Polling page: 0x0000017eb32e0000

Metaspace:

Usage:
  Non-class:     65.16 MB used.
      Class:     10.28 MB used.
       Both:     75.43 MB used.

Virtual space:
  Non-class space:      128.00 MB reserved,      66.12 MB ( 52%) committed,  2 nodes.
      Class space:        1.00 GB reserved,      11.12 MB (  1%) committed,  1 nodes.
             Both:        1.12 GB reserved,      77.25 MB (  7%) committed. 

Chunk freelists:
   Non-Class:  13.11 MB
       Class:  4.83 MB
        Both:  17.94 MB

MaxMetaspaceSize: unlimited
CompressedClassSpaceSize: 1.00 GB
Initial GC threshold: 21.00 MB
Current GC threshold: 120.94 MB
CDS: off
 - commit_granule_bytes: 65536.
 - commit_granule_words: 8192.
 - virtual_space_node_default_size: 8388608.
 - enlarge_chunks_in_place: 1.
 - use_allocation_guard: 0.


Internal statistics:

num_allocs_failed_limit: 6.
num_arena_births: 3426.
num_arena_deaths: 0.
num_vsnodes_births: 3.
num_vsnodes_deaths: 0.
num_space_committed: 1236.
num_space_uncommitted: 0.
num_chunks_returned_to_freelist: 6.
num_chunks_taken_from_freelist: 6729.
num_chunk_merges: 6.
num_chunk_splits: 4334.
num_chunks_enlarged: 2617.
num_inconsistent_stats: 0.

CodeHeap 'non-profiled nmethods': size=120000Kb used=4515Kb max_used=4515Kb free=115484Kb
 bounds [0x0000017ec0110000, 0x0000017ec0580000, 0x0000017ec7640000]
CodeHeap 'profiled nmethods': size=120000Kb used=14434Kb max_used=14434Kb free=105565Kb
 bounds [0x0000017eb8640000, 0x0000017eb9460000, 0x0000017ebfb70000]
CodeHeap 'non-nmethods': size=5760Kb used=3017Kb max_used=3039Kb free=2742Kb
 bounds [0x0000017ebfb70000, 0x0000017ebfe70000, 0x0000017ec0110000]
 total_blobs=8814 nmethods=7904 adapters=814
 compilation: enabled
              stopped_count=0, restarted_count=0
 full_count=0

Compilation events (20 events):
Event: 72.868 Thread 0x0000017ecc56db00 9201       1       org.gradle.api.internal.provider.DefaultValueSourceProviderFactory::access$600 (5 bytes)
Event: 72.868 Thread 0x0000017ecc56db00 nmethod 9201 0x0000017ec0577a10 code [0x0000017ec0577ba0, 0x0000017ec0577c50]
Event: 72.870 Thread 0x0000017ecc56db00 9202       3       com.google.common.collect.AbstractIndexedListIterator::hasNext (17 bytes)
Event: 72.870 Thread 0x0000017ecc56db00 nmethod 9202 0x0000017eb8ec1290 code [0x0000017eb8ec1420, 0x0000017eb8ec1588]
Event: 72.871 Thread 0x0000017ecc56db00 9203       3       org.gradle.internal.snapshot.impl.DefaultIsolatableFactory$IsolatableVisitor::managedValue (10 bytes)
Event: 72.871 Thread 0x0000017ecc56db00 nmethod 9203 0x0000017eb9457e90 code [0x0000017eb9458040, 0x0000017eb9458290]
Event: 72.872 Thread 0x0000017ecc56db00 9204       3       org.gradle.internal.snapshot.impl.DefaultIsolatableFactory$IsolatableVisitor::managedValue (30 bytes)
Event: 72.873 Thread 0x0000017ecc56db00 nmethod 9204 0x0000017eb9458390 code [0x0000017eb94585a0, 0x0000017eb9458b88]
Event: 72.873 Thread 0x0000017ecc56db00 9205       3       org.gradle.internal.snapshot.impl.IsolatedManagedValue::isolate (26 bytes)
Event: 72.873 Thread 0x0000017ecc56db00 nmethod 9205 0x0000017eb9458e10 code [0x0000017eb9458fe0, 0x0000017eb9459380]
Event: 72.881 Thread 0x0000017ecc56db00 9207       1       org.gradle.model.internal.asm.AsmClassGenerator::getVisitor (5 bytes)
Event: 72.881 Thread 0x0000017ecc56db00 nmethod 9207 0x0000017ec0577d10 code [0x0000017ec0577ea0, 0x0000017ec0577f68]
Event: 72.888 Thread 0x0000017ecc56db00 9208       3       org.objectweb.asm.ByteVector::put112 (80 bytes)
Event: 72.888 Thread 0x0000017ecc56db00 nmethod 9208 0x0000017eb9459490 code [0x0000017eb9459640, 0x0000017eb9459890]
Event: 72.893 Thread 0x0000017ecc56db00 9209       3       java.lang.invoke.MethodHandles$Lookup$ClassFile::readUnsignedShort (39 bytes)
Event: 72.893 Thread 0x0000017ecc56db00 nmethod 9209 0x0000017eb9459a10 code [0x0000017eb9459bc0, 0x0000017eb9459e18]
Event: 72.894 Thread 0x0000017ecc56db00 9210       1       jdk.internal.org.objectweb.asm.ClassReader::getMaxStringLength (5 bytes)
Event: 72.894 Thread 0x0000017ecc56db00 nmethod 9210 0x0000017ec0578010 code [0x0000017ec05781a0, 0x0000017ec0578268]
Event: 72.898 Thread 0x0000017ecc56db00 9211       3       org.objectweb.asm.AnnotationWriter::<init> (60 bytes)
Event: 72.899 Thread 0x0000017ecc56db00 nmethod 9211 0x0000017eb9459f90 code [0x0000017eb945a160, 0x0000017eb945a548]

GC Heap History (20 events):
Event: 64.023 GC heap before
{Heap before GC invocations=23 (full 0):
 garbage-first heap   total 71680K, used 62570K [0x0000000080000000, 0x0000000100000000)
  region size 1024K, 24 young (24576K), 4 survivors (4096K)
 Metaspace       used 69789K, committed 71488K, reserved 1114112K
  class space    used 9706K, committed 10560K, reserved 1048576K
}
Event: 64.033 GC heap after
{Heap after GC invocations=24 (full 0):
 garbage-first heap   total 71680K, used 42741K [0x0000000080000000, 0x0000000100000000)
  region size 1024K, 1 young (1024K), 1 survivors (1024K)
 Metaspace       used 69789K, committed 71488K, reserved 1114112K
  class space    used 9706K, committed 10560K, reserved 1048576K
}
Event: 67.110 GC heap before
{Heap before GC invocations=24 (full 0):
 garbage-first heap   total 71680K, used 66293K [0x0000000080000000, 0x0000000100000000)
  region size 1024K, 24 young (24576K), 1 survivors (1024K)
 Metaspace       used 71781K, committed 73536K, reserved 1114112K
  class space    used 9955K, committed 10816K, reserved 1048576K
}
Event: 67.117 GC heap after
{Heap after GC invocations=25 (full 0):
 garbage-first heap   total 71680K, used 46239K [0x0000000080000000, 0x0000000100000000)
  region size 1024K, 3 young (3072K), 3 survivors (3072K)
 Metaspace       used 71781K, committed 73536K, reserved 1114112K
  class space    used 9955K, committed 10816K, reserved 1048576K
}
Event: 67.961 GC heap before
{Heap before GC invocations=26 (full 0):
 garbage-first heap   total 78848K, used 61599K [0x0000000080000000, 0x0000000100000000)
  region size 1024K, 19 young (19456K), 3 survivors (3072K)
 Metaspace       used 72162K, committed 73920K, reserved 1114112K
  class space    used 9981K, committed 10816K, reserved 1048576K
}
Event: 67.970 GC heap after
{Heap after GC invocations=27 (full 0):
 garbage-first heap   total 78848K, used 49566K [0x0000000080000000, 0x0000000100000000)
  region size 1024K, 3 young (3072K), 3 survivors (3072K)
 Metaspace       used 72162K, committed 73920K, reserved 1114112K
  class space    used 9981K, committed 10816K, reserved 1048576K
}
Event: 68.383 GC heap before
{Heap before GC invocations=27 (full 0):
 garbage-first heap   total 78848K, used 69022K [0x0000000080000000, 0x0000000100000000)
  region size 1024K, 23 young (23552K), 3 survivors (3072K)
 Metaspace       used 72311K, committed 74112K, reserved 1114112K
  class space    used 9981K, committed 10816K, reserved 1048576K
}
Event: 68.389 GC heap after
{Heap after GC invocations=28 (full 0):
 garbage-first heap   total 78848K, used 51118K [0x0000000080000000, 0x0000000100000000)
  region size 1024K, 3 young (3072K), 3 survivors (3072K)
 Metaspace       used 72311K, committed 74112K, reserved 1114112K
  class space    used 9981K, committed 10816K, reserved 1048576K
}
Event: 68.854 GC heap before
{Heap before GC invocations=28 (full 0):
 garbage-first heap   total 78848K, used 69550K [0x0000000080000000, 0x0000000100000000)
  region size 1024K, 22 young (22528K), 3 survivors (3072K)
 Metaspace       used 72526K, committed 74240K, reserved 1114112K
  class space    used 9981K, committed 10816K, reserved 1048576K
}
Event: 68.860 GC heap after
{Heap after GC invocations=29 (full 0):
 garbage-first heap   total 78848K, used 52526K [0x0000000080000000, 0x0000000100000000)
  region size 1024K, 3 young (3072K), 3 survivors (3072K)
 Metaspace       used 72526K, committed 74240K, reserved 1114112K
  class space    used 9981K, committed 10816K, reserved 1048576K
}
Event: 69.184 GC heap before
{Heap before GC invocations=30 (full 0):
 garbage-first heap   total 89088K, used 68910K [0x0000000080000000, 0x0000000100000000)
  region size 1024K, 20 young (20480K), 3 survivors (3072K)
 Metaspace       used 72578K, committed 74304K, reserved 1114112K
  class space    used 9981K, committed 10816K, reserved 1048576K
}
Event: 69.191 GC heap after
{Heap after GC invocations=31 (full 0):
 garbage-first heap   total 89088K, used 53823K [0x0000000080000000, 0x0000000100000000)
  region size 1024K, 3 young (3072K), 3 survivors (3072K)
 Metaspace       used 72578K, committed 74304K, reserved 1114112K
  class space    used 9981K, committed 10816K, reserved 1048576K
}
Event: 69.632 GC heap before
{Heap before GC invocations=31 (full 0):
 garbage-first heap   total 89088K, used 78399K [0x0000000080000000, 0x0000000100000000)
  region size 1024K, 28 young (28672K), 3 survivors (3072K)
 Metaspace       used 72593K, committed 74304K, reserved 1114112K
  class space    used 9981K, committed 10816K, reserved 1048576K
}
Event: 69.636 GC heap after
{Heap after GC invocations=32 (full 0):
 garbage-first heap   total 89088K, used 53235K [0x0000000080000000, 0x0000000100000000)
  region size 1024K, 4 young (4096K), 4 survivors (4096K)
 Metaspace       used 72593K, committed 74304K, reserved 1114112K
  class space    used 9981K, committed 10816K, reserved 1048576K
}
Event: 70.229 GC heap before
{Heap before GC invocations=32 (full 0):
 garbage-first heap   total 89088K, used 78835K [0x0000000080000000, 0x0000000100000000)
  region size 1024K, 29 young (29696K), 4 survivors (4096K)
 Metaspace       used 72603K, committed 74304K, reserved 1114112K
  class space    used 9983K, committed 10816K, reserved 1048576K
}
Event: 70.234 GC heap after
{Heap after GC invocations=33 (full 0):
 garbage-first heap   total 107520K, used 54311K [0x0000000080000000, 0x0000000100000000)
  region size 1024K, 4 young (4096K), 4 survivors (4096K)
 Metaspace       used 72603K, committed 74304K, reserved 1114112K
  class space    used 9983K, committed 10816K, reserved 1048576K
}
Event: 71.382 GC heap before
{Heap before GC invocations=34 (full 0):
 garbage-first heap   total 107520K, used 102439K [0x0000000080000000, 0x0000000100000000)
  region size 1024K, 42 young (43008K), 4 survivors (4096K)
 Metaspace       used 73084K, committed 74880K, reserved 1114112K
  class space    used 10047K, committed 10880K, reserved 1048576K
}
Event: 71.394 GC heap after
{Heap after GC invocations=35 (full 0):
 garbage-first heap   total 114688K, used 71680K [0x0000000080000000, 0x0000000100000000)
  region size 1024K, 6 young (6144K), 6 survivors (6144K)
 Metaspace       used 73084K, committed 74880K, reserved 1114112K
  class space    used 10047K, committed 10880K, reserved 1048576K
}
Event: 72.164 GC heap before
{Heap before GC invocations=35 (full 0):
 garbage-first heap   total 114688K, used 103424K [0x0000000080000000, 0x0000000100000000)
  region size 1024K, 34 young (34816K), 6 survivors (6144K)
 Metaspace       used 75092K, committed 76864K, reserved 1179648K
  class space    used 10284K, committed 11136K, reserved 1048576K
}
Event: 72.171 GC heap after
{Heap after GC invocations=36 (full 0):
 garbage-first heap   total 115712K, used 77250K [0x0000000080000000, 0x0000000100000000)
  region size 1024K, 4 young (4096K), 4 survivors (4096K)
 Metaspace       used 75092K, committed 76864K, reserved 1179648K
  class space    used 10284K, committed 11136K, reserved 1048576K
}

Dll operation events (3 events):
Event: 0.024 Loaded shared library D:\android\jbr\bin\java.dll
Event: 0.032 Loaded shared library D:\android\jbr\bin\zip.dll
Event: 1.257 Loaded shared library D:\android\jbr\bin\verify.dll

Deoptimization events (20 events):
Event: 72.274 Thread 0x0000017ed27f0e40 Uncommon trap: trap_request=0xffffff45 fr.pc=0x0000017ec023feac relative=0x0000000000001f0c
Event: 72.275 Thread 0x0000017ed27f0e40 Uncommon trap: reason=unstable_if action=reinterpret pc=0x0000017ec023feac method=java.util.zip.InflaterInputStream.read([BII)I @ 94 c2
Event: 72.275 Thread 0x0000017ed27f0e40 DEOPT PACKING pc=0x0000017ec023feac sp=0x0000004b450f4f50
Event: 72.275 Thread 0x0000017ed27f0e40 DEOPT UNPACKING pc=0x0000017ebfbc7da2 sp=0x0000004b450f4fb0 mode 2
Event: 72.737 Thread 0x0000017ed27f0e40 Uncommon trap: trap_request=0xffffffd6 fr.pc=0x0000017ec0466aec relative=0x00000000000003ac
Event: 72.737 Thread 0x0000017ed27f0e40 Uncommon trap: reason=array_check action=maybe_recompile pc=0x0000017ec0466aec method=java.util.LinkedHashMap.keysToArray([Ljava/lang/Object;Z)[Ljava/lang/Object; @ 67 c2
Event: 72.737 Thread 0x0000017ed27f0e40 DEOPT PACKING pc=0x0000017ec0466aec sp=0x0000004b450f4fe0
Event: 72.737 Thread 0x0000017ed27f0e40 DEOPT UNPACKING pc=0x0000017ebfbc7da2 sp=0x0000004b450f4f80 mode 2
Event: 72.784 Thread 0x0000017ed27f0e40 Uncommon trap: trap_request=0xffffffc6 fr.pc=0x0000017ec05195e4 relative=0x0000000000000324
Event: 72.784 Thread 0x0000017ed27f0e40 Uncommon trap: reason=bimorphic_or_optimized_type_check action=maybe_recompile pc=0x0000017ec05195e4 method=com.google.common.collect.NaturalOrdering.compare(Ljava/lang/Comparable;Ljava/lang/Comparable;)I @ 12 c2
Event: 72.784 Thread 0x0000017ed27f0e40 DEOPT PACKING pc=0x0000017ec05195e4 sp=0x0000004b450f6e10
Event: 72.784 Thread 0x0000017ed27f0e40 DEOPT UNPACKING pc=0x0000017ebfbc7da2 sp=0x0000004b450f6d20 mode 2
Event: 72.784 Thread 0x0000017ed27f0e40 Uncommon trap: trap_request=0xffffffc6 fr.pc=0x0000017ec05195e4 relative=0x0000000000000324
Event: 72.784 Thread 0x0000017ed27f0e40 Uncommon trap: reason=bimorphic_or_optimized_type_check action=maybe_recompile pc=0x0000017ec05195e4 method=com.google.common.collect.NaturalOrdering.compare(Ljava/lang/Comparable;Ljava/lang/Comparable;)I @ 12 c2
Event: 72.784 Thread 0x0000017ed27f0e40 DEOPT PACKING pc=0x0000017ec05195e4 sp=0x0000004b450f6fa0
Event: 72.784 Thread 0x0000017ed27f0e40 DEOPT UNPACKING pc=0x0000017ebfbc7da2 sp=0x0000004b450f6ec8 mode 2
Event: 72.836 Thread 0x0000017ed27f0e40 Uncommon trap: trap_request=0xffffffde fr.pc=0x0000017ec042dc54 relative=0x0000000000006534
Event: 72.836 Thread 0x0000017ed27f0e40 Uncommon trap: reason=class_check action=maybe_recompile pc=0x0000017ec042dc54 method=java.util.jar.JarFile.getManifestFromReference()Ljava/util/jar/Manifest; @ 152 c2
Event: 72.836 Thread 0x0000017ed27f0e40 DEOPT PACKING pc=0x0000017ec042dc54 sp=0x0000004b450f6720
Event: 72.836 Thread 0x0000017ed27f0e40 DEOPT UNPACKING pc=0x0000017ebfbc7da2 sp=0x0000004b450f6508 mode 2

Classes loaded (20 events):
Event: 70.846 Loading class java/util/AbstractCollectionBeanInfo
Event: 70.846 Loading class java/util/AbstractCollectionBeanInfo done
Event: 70.846 Loading class java/util/AbstractCollectionCustomizer
Event: 70.846 Loading class java/util/AbstractCollectionCustomizer done
Event: 70.847 Loading class java/util/AbstractCollectionCustomizer
Event: 70.847 Loading class java/util/AbstractCollectionCustomizer done
Event: 70.847 Loading class sun/reflect/generics/reflectiveObjects/GenericArrayTypeImpl
Event: 70.848 Loading class sun/reflect/generics/reflectiveObjects/GenericArrayTypeImpl done
Event: 70.899 Loading class java/util/stream/SortedOps$RefSortingSink
Event: 70.899 Loading class java/util/stream/SortedOps$RefSortingSink done
Event: 70.908 Loading class java/time/Ser
Event: 70.908 Loading class java/time/Ser done
Event: 72.463 Loading class java/util/concurrent/atomic/AtomicIntegerArray
Event: 72.463 Loading class java/util/concurrent/atomic/AtomicIntegerArray done
Event: 72.468 Loading class java/util/Currency
Event: 72.468 Loading class java/util/Currency done
Event: 72.533 Loading class java/util/concurrent/atomic/AtomicLongArray
Event: 72.533 Loading class java/util/concurrent/atomic/AtomicLongArray done
Event: 72.737 Loading class java/util/Comparators$NullComparator
Event: 72.737 Loading class java/util/Comparators$NullComparator done

Classes unloaded (0 events):
No events

Classes redefined (0 events):
No events

Internal exceptions (20 events):
Event: 70.847 Thread 0x0000017ed27f0e40 Exception <a 'java/lang/ClassNotFoundException'{0x0000000085186550}: java/util/AbstractCollectionCustomizer> (0x0000000085186550) 
thrown [s\src\hotspot\share\classfile\systemDictionary.cpp, line 312]
Event: 70.849 Thread 0x0000017ed27f0e40 Exception <a 'java/lang/ClassNotFoundException'{0x00000000851a1cd0}: org/gradle/api/internal/DefaultDomainObjectCollectionCustomizer> (0x00000000851a1cd0) 
thrown [s\src\hotspot\share\classfile\systemDictionary.cpp, line 312]
Event: 70.853 Thread 0x0000017ed27f0e40 Exception <a 'java/lang/ClassNotFoundException'{0x00000000851d42d0}: org/gradle/api/internal/DefaultNamedDomainObjectCollectionCustomizer> (0x00000000851d42d0) 
thrown [s\src\hotspot\share\classfile\systemDictionary.cpp, line 312]
Event: 70.857 Thread 0x0000017ed27f0e40 Exception <a 'java/lang/ClassNotFoundException'{0x0000000085015aa0}: org/gradle/api/internal/DefaultNamedDomainObjectSetCustomizer> (0x0000000085015aa0) 
thrown [s\src\hotspot\share\classfile\systemDictionary.cpp, line 312]
Event: 70.862 Thread 0x0000017ed27f0e40 Exception <a 'java/lang/ClassNotFoundException'{0x00000000850500e8}: org/gradle/api/internal/tasks/DefaultTaskCollectionCustomizer> (0x00000000850500e8) 
thrown [s\src\hotspot\share\classfile\systemDictionary.cpp, line 312]
Event: 70.873 Thread 0x0000017ed27f0e40 Exception <a 'java/lang/ClassNotFoundException'{0x00000000850af2c8}: org/gradle/api/internal/tasks/DefaultTaskCollection_DecoratedCustomizer> (0x00000000850af2c8) 
thrown [s\src\hotspot\share\classfile\systemDictionary.cpp, line 312]
Event: 70.898 Thread 0x0000017ed27f0e40 Exception <a 'java/lang/NoSuchMethodError'{0x0000000084f190c8}: 'long java.lang.invoke.DirectMethodHandle$Holder.invokeVirtual(java.lang.Object, java.lang.Object)'> (0x0000000084f190c8) 
thrown [s\src\hotspot\share\interpreter\linkResolver.cpp, line 784]
Event: 70.902 Thread 0x0000017ecc7e66b0 Exception <a 'java/lang/NoSuchMethodError'{0x0000000084f59ed0}: static Lorg/gradle/internal/build/event/types/DefaultOperationFinishedProgressEvent;.<clinit>()V> (0x0000000084f59ed0) 
thrown [s\src\hotspot\share\prims\jni.cpp, line 1144]
Event: 70.904 Thread 0x0000017ecc7e66b0 Exception <a 'java/lang/NoSuchMethodError'{0x0000000084f85760}: static Lorg/gradle/internal/build/event/types/DefaultProjectConfigurationSuccessResult;.<clinit>()V> (0x0000000084f85760) 
thrown [s\src\hotspot\share\prims\jni.cpp, line 1144]
Event: 70.904 Thread 0x0000017ecc7e66b0 Exception <a 'java/lang/NoSuchMethodError'{0x0000000084f86d80}: static Lorg/gradle/internal/build/event/types/AbstractProjectConfigurationResult;.<clinit>()V> (0x0000000084f86d80) 
thrown [s\src\hotspot\share\prims\jni.cpp, line 1144]
Event: 70.904 Thread 0x0000017ecc7e66b0 Exception <a 'java/lang/NoSuchMethodError'{0x0000000084f88630}: static Lorg/gradle/internal/build/event/types/AbstractOperationResult;.<clinit>()V> (0x0000000084f88630) 
thrown [s\src\hotspot\share\prims\jni.cpp, line 1144]
Event: 70.904 Thread 0x0000017ecc7e66b0 Exception <a 'java/lang/NoSuchMethodError'{0x0000000084f89af0}: static Lorg/gradle/internal/build/event/types/AbstractResult;.<clinit>()V> (0x0000000084f89af0) 
thrown [s\src\hotspot\share\prims\jni.cpp, line 1144]
Event: 70.906 Thread 0x0000017ecc7e66b0 Exception <a 'java/lang/NoSuchMethodError'{0x0000000084fa3be8}: static Lorg/gradle/internal/build/event/types/DefaultPluginApplicationResult;.<clinit>()V> (0x0000000084fa3be8) 
thrown [s\src\hotspot\share\prims\jni.cpp, line 1144]
Event: 70.907 Thread 0x0000017ecc7e66b0 Exception <a 'java/lang/NoSuchMethodError'{0x0000000084fb0a68}: static Lorg/gradle/internal/build/event/types/DefaultBinaryPluginIdentifier;.<clinit>()V> (0x0000000084fb0a68) 
thrown [s\src\hotspot\share\prims\jni.cpp, line 1144]
Event: 70.910 Thread 0x0000017ecc7e66b0 Exception <a 'java/lang/NoSuchMethodError'{0x0000000084fcb820}: static Lorg/gradle/internal/build/event/types/DefaultScriptPluginIdentifier;.<clinit>()V> (0x0000000084fcb820) 
thrown [s\src\hotspot\share\prims\jni.cpp, line 1144]
Event: 71.002 Thread 0x0000017ed27f0e40 Implicit null exception at 0x0000017ec0477cdd to 0x0000017ec04781ac
Event: 71.002 Thread 0x0000017ed27f0e40 Implicit null exception at 0x0000017ec047a4df to 0x0000017ec047a998
Event: 71.426 Thread 0x0000017ed27f0e40 Exception <a 'java/lang/ClassNotFoundException'{0x000000008668f4b8}: org/gradle/api/internal/plugins/DefaultObjectConfigurationActionBeanInfo> (0x000000008668f4b8) 
thrown [s\src\hotspot\share\classfile\systemDictionary.cpp, line 312]
Event: 71.428 Thread 0x0000017ed27f0e40 Exception <a 'java/lang/ClassNotFoundException'{0x00000000866a31e8}: org/gradle/api/internal/plugins/DefaultObjectConfigurationActionCustomizer> (0x00000000866a31e8) 
thrown [s\src\hotspot\share\classfile\systemDictionary.cpp, line 312]
Event: 72.738 Thread 0x0000017ed27f0e40 Exception <a 'java/lang/NoSuchMethodError'{0x0000000085eec0b8}: 'int java.lang.invoke.DirectMethodHandle$Holder.invokeSpecialIFC(java.lang.Object, java.lang.Object, java.lang.Object, java.lang.Object, java.lang.Object)'> (0x0000000085eec0b8) 
thrown [s\src\hotspot\share\interpreter\linkResolver.cpp, line 784]

ZGC Phase Switch (0 events):
No events

VM Operations (20 events):
Event: 69.014 Executing VM operation: G1PauseCleanup
Event: 69.015 Executing VM operation: G1PauseCleanup done
Event: 69.184 Executing VM operation: G1CollectForAllocation (G1 Evacuation Pause)
Event: 69.191 Executing VM operation: G1CollectForAllocation (G1 Evacuation Pause) done
Event: 69.631 Executing VM operation: G1CollectForAllocation (G1 Evacuation Pause)
Event: 69.636 Executing VM operation: G1CollectForAllocation (G1 Evacuation Pause) done
Event: 70.229 Executing VM operation: G1CollectForAllocation (G1 Evacuation Pause)
Event: 70.234 Executing VM operation: G1CollectForAllocation (G1 Evacuation Pause) done
Event: 70.352 Executing VM operation: G1PauseRemark
Event: 70.377 Executing VM operation: G1PauseRemark done
Event: 70.429 Executing VM operation: G1PauseCleanup
Event: 70.429 Executing VM operation: G1PauseCleanup done
Event: 71.052 Executing VM operation: ICBufferFull
Event: 71.052 Executing VM operation: ICBufferFull done
Event: 71.326 Executing VM operation: HandshakeAllThreads (Deoptimize)
Event: 71.327 Executing VM operation: HandshakeAllThreads (Deoptimize) done
Event: 71.382 Executing VM operation: G1CollectForAllocation (G1 Evacuation Pause)
Event: 71.394 Executing VM operation: G1CollectForAllocation (G1 Evacuation Pause) done
Event: 72.163 Executing VM operation: G1CollectForAllocation (G1 Evacuation Pause)
Event: 72.171 Executing VM operation: G1CollectForAllocation (G1 Evacuation Pause) done

Memory protections (0 events):
No events

Nmethod flushes (20 events):
Event: 70.376 Thread 0x0000017ecc2db050 flushing  nmethod 0x0000017eb87cf390
Event: 70.376 Thread 0x0000017ecc2db050 flushing  nmethod 0x0000017eb88ac210
Event: 70.376 Thread 0x0000017ecc2db050 flushing  nmethod 0x0000017eb898f810
Event: 70.376 Thread 0x0000017ecc2db050 flushing  nmethod 0x0000017eb8a05210
Event: 70.376 Thread 0x0000017ecc2db050 flushing  nmethod 0x0000017eb8a07e90
Event: 70.376 Thread 0x0000017ecc2db050 flushing  nmethod 0x0000017eb8a26a90
Event: 70.376 Thread 0x0000017ecc2db050 flushing  nmethod 0x0000017eb8b08990
Event: 70.376 Thread 0x0000017ecc2db050 flushing  nmethod 0x0000017eb8b0b210
Event: 70.377 Thread 0x0000017ecc2db050 flushing  nmethod 0x0000017eb8b0e490
Event: 70.377 Thread 0x0000017ecc2db050 flushing  nmethod 0x0000017eb8c8d110
Event: 70.377 Thread 0x0000017ecc2db050 flushing  nmethod 0x0000017eb8d16790
Event: 70.377 Thread 0x0000017ecc2db050 flushing  nmethod 0x0000017eb8d17e90
Event: 70.377 Thread 0x0000017ecc2db050 flushing  nmethod 0x0000017eb8dd6690
Event: 70.377 Thread 0x0000017ecc2db050 flushing  nmethod 0x0000017eb8dd8490
Event: 70.377 Thread 0x0000017ecc2db050 flushing  nmethod 0x0000017eb8e64890
Event: 70.377 Thread 0x0000017ecc2db050 flushing  nmethod 0x0000017eb8e67110
Event: 70.377 Thread 0x0000017ecc2db050 flushing  nmethod 0x0000017eb8e85910
Event: 70.377 Thread 0x0000017ecc2db050 flushing  nmethod 0x0000017eb8e8b810
Event: 70.377 Thread 0x0000017ecc2db050 flushing  nmethod 0x0000017eb912ad10
Event: 70.377 Thread 0x0000017ecc2db050 flushing  nmethod 0x0000017eb9206a10

Events (20 events):
Event: 37.862 Thread 0x0000017ed27f0e40 Thread added: 0x0000017ed3d78ec0
Event: 37.872 Thread 0x0000017ed27f0e40 Thread added: 0x0000017ed3d7af90
Event: 38.299 Thread 0x0000017ed27f0e40 Thread added: 0x0000017ed3d78830
Event: 38.301 Thread 0x0000017ed27f0e40 Thread added: 0x0000017ed3d79be0
Event: 38.304 Thread 0x0000017ed27f0e40 Thread added: 0x0000017ed3d7a900
Event: 39.497 Thread 0x0000017ed27f0e40 Thread added: 0x0000017ed3d7b620
Event: 41.166 Thread 0x0000017ed27f0e40 Thread added: 0x0000017ed2a747b0
Event: 41.166 Thread 0x0000017ed27f0e40 Thread added: 0x0000017ed2a78950
Event: 41.166 Thread 0x0000017ed27f0e40 Thread added: 0x0000017ed2a74e40
Event: 67.512 Thread 0x0000017ed27f0e40 Thread added: 0x0000017ed2a72d70
Event: 67.512 Thread 0x0000017ed27f0e40 Thread added: 0x0000017ed2a77c30
Event: 67.512 Thread 0x0000017ed27f0e40 Thread added: 0x0000017ed2a782c0
Event: 67.651 Thread 0x0000017ed27f0e40 Thread added: 0x0000017ed2a719c0
Event: 67.665 Thread 0x0000017ed27f0e40 Thread added: 0x0000017ed2a78fe0
Event: 67.675 Thread 0x0000017ed27f0e40 Thread added: 0x0000017ed2a73400
Event: 68.431 Thread 0x0000017ed27f0e40 Thread added: 0x0000017ed2a72050
Event: 68.432 Thread 0x0000017ed27f0e40 Thread added: 0x0000017ed2a73a90
Event: 68.433 Thread 0x0000017ed27f0e40 Thread added: 0x0000017ed2a74120
Event: 69.667 Thread 0x0000017ecc56db00 Thread added: 0x0000017ed4dd3880
Event: 70.888 Thread 0x0000017ed4dd3880 Thread exited: 0x0000017ed4dd3880


Dynamic libraries:
0x00007ff65a4d0000 - 0x00007ff65a4da000 	D:\android\jbr\bin\java.exe
0x00007ffef73d0000 - 0x00007ffef75e7000 	C:\Windows\SYSTEM32\ntdll.dll
0x00007ffef5ce0000 - 0x00007ffef5da4000 	C:\Windows\System32\KERNEL32.DLL
0x00007ffef4960000 - 0x00007ffef4d30000 	C:\Windows\System32\KERNELBASE.dll
0x00007ffef4e10000 - 0x00007ffef4f21000 	C:\Windows\System32\ucrtbase.dll
0x00007ffef04f0000 - 0x00007ffef0508000 	D:\android\jbr\bin\jli.dll
0x00007ffef5f10000 - 0x00007ffef60c1000 	C:\Windows\System32\USER32.dll
0x00007ffef4de0000 - 0x00007ffef4e06000 	C:\Windows\System32\win32u.dll
0x00007ffef62c0000 - 0x00007ffef62e9000 	C:\Windows\System32\GDI32.dll
0x00007ffef4f30000 - 0x00007ffef5053000 	C:\Windows\System32\gdi32full.dll
0x00007ffef44d0000 - 0x00007ffef456a000 	C:\Windows\System32\msvcp_win.dll
0x00007ffef0450000 - 0x00007ffef046b000 	D:\android\jbr\bin\VCRUNTIME140.dll
0x00007ffedc020000 - 0x00007ffedc2bc000 	C:\Windows\WinSxS\amd64_microsoft.windows.common-controls_6595b64144ccf1df_6.0.22621.5840_none_2710ea077384a4fe\COMCTL32.dll
0x00007ffef60d0000 - 0x00007ffef6177000 	C:\Windows\System32\msvcrt.dll
0x00007ffef6820000 - 0x00007ffef6851000 	C:\Windows\System32\IMM32.DLL
0x00007ffef0440000 - 0x00007ffef044c000 	D:\android\jbr\bin\vcruntime140_1.dll
0x00007ffebac10000 - 0x00007ffebac9d000 	D:\android\jbr\bin\msvcp140.dll
0x00007ffe9ffc0000 - 0x00007ffea0c4e000 	D:\android\jbr\bin\server\jvm.dll
0x00007ffef6200000 - 0x00007ffef62b1000 	C:\Windows\System32\ADVAPI32.dll
0x00007ffef6860000 - 0x00007ffef6908000 	C:\Windows\System32\sechost.dll
0x00007ffef4db0000 - 0x00007ffef4dd8000 	C:\Windows\System32\bcrypt.dll
0x00007ffef6d90000 - 0x00007ffef6ea8000 	C:\Windows\System32\RPCRT4.dll
0x00007ffef6910000 - 0x00007ffef6981000 	C:\Windows\System32\WS2_32.dll
0x00007ffef3d70000 - 0x00007ffef3dbd000 	C:\Windows\SYSTEM32\POWRPROF.dll
0x00007ffeed740000 - 0x00007ffeed774000 	C:\Windows\SYSTEM32\WINMM.dll
0x00007ffeed730000 - 0x00007ffeed73a000 	C:\Windows\SYSTEM32\VERSION.dll
0x00007ffef3d50000 - 0x00007ffef3d63000 	C:\Windows\SYSTEM32\UMPDC.dll
0x00007ffef34a0000 - 0x00007ffef34b8000 	C:\Windows\SYSTEM32\kernel.appcore.dll
0x00007ffee5550000 - 0x00007ffee555a000 	D:\android\jbr\bin\jimage.dll
0x00007ffef1d70000 - 0x00007ffef1fa3000 	C:\Windows\SYSTEM32\DBGHELP.DLL
0x00007ffef6400000 - 0x00007ffef6791000 	C:\Windows\System32\combase.dll
0x00007ffef6c90000 - 0x00007ffef6d68000 	C:\Windows\System32\OLEAUT32.dll
0x00007ffed7130000 - 0x00007ffed7162000 	C:\Windows\SYSTEM32\dbgcore.DLL
0x00007ffef4570000 - 0x00007ffef45eb000 	C:\Windows\System32\bcryptPrimitives.dll
0x00007ffef04e0000 - 0x00007ffef04ee000 	D:\android\jbr\bin\instrument.dll
0x00007ffeddc20000 - 0x00007ffeddc40000 	D:\android\jbr\bin\java.dll
0x00007ffed4f70000 - 0x00007ffed4f88000 	D:\android\jbr\bin\zip.dll
0x00007ffef5340000 - 0x00007ffef5be1000 	C:\Windows\System32\SHELL32.dll
0x00007ffef46b0000 - 0x00007ffef47ef000 	C:\Windows\System32\wintypes.dll
0x00007ffef2360000 - 0x00007ffef2c7a000 	C:\Windows\SYSTEM32\windows.storage.dll
0x00007ffef62f0000 - 0x00007ffef63fa000 	C:\Windows\System32\SHCORE.dll
0x00007ffef5c70000 - 0x00007ffef5cd9000 	C:\Windows\System32\shlwapi.dll
0x00007ffef4400000 - 0x00007ffef4425000 	C:\Windows\SYSTEM32\profapi.dll
0x00007ffedf210000 - 0x00007ffedf220000 	D:\android\jbr\bin\net.dll
0x00007ffeeede0000 - 0x00007ffeeef0c000 	C:\Windows\SYSTEM32\WINHTTP.dll
0x00007ffef3980000 - 0x00007ffef39e9000 	C:\Windows\system32\mswsock.dll
0x00007ffed48c0000 - 0x00007ffed48d6000 	D:\android\jbr\bin\nio.dll
0x00007ffed9140000 - 0x00007ffed9150000 	D:\android\jbr\bin\verify.dll
0x00007ffec9ea0000 - 0x00007ffec9ec7000 	C:\Users\MY DUYEN\.gradle\native\1def1411415f61bf3af743bc5b6707747c0891f09f0c88961ee8f79bc544acac\windows-amd64\native-platform.dll
0x00007ffeb0480000 - 0x00007ffeb04f8000 	C:\Users\MY DUYEN\.gradle\native\0.2.7\x86_64-windows-gnu\gradle-fileevents.dll
0x00007ffedd7f0000 - 0x00007ffedd7f9000 	D:\android\jbr\bin\management.dll
0x00007ffedc010000 - 0x00007ffedc01b000 	D:\android\jbr\bin\management_ext.dll
0x00007ffef6990000 - 0x00007ffef6998000 	C:\Windows\System32\PSAPI.DLL
0x00007ffef2ee0000 - 0x00007ffef2f0d000 	C:\Windows\SYSTEM32\IPHLPAPI.DLL
0x00007ffef67a0000 - 0x00007ffef67a9000 	C:\Windows\System32\NSI.dll
0x00007ffedda30000 - 0x00007ffedda39000 	D:\android\jbr\bin\extnet.dll
0x00007ffef3bd0000 - 0x00007ffef3beb000 	C:\Windows\SYSTEM32\CRYPTSP.dll
0x00007ffef3400000 - 0x00007ffef3437000 	C:\Windows\system32\rsaenh.dll
0x00007ffef3a70000 - 0x00007ffef3a98000 	C:\Windows\SYSTEM32\USERENV.dll
0x00007ffef3bf0000 - 0x00007ffef3bfc000 	C:\Windows\SYSTEM32\CRYPTBASE.dll
0x00007ffeddc10000 - 0x00007ffeddc18000 	C:\Windows\system32\wshunix.dll

dbghelp: loaded successfully - version: 4.0.5 - missing functions: none
symbol engine: initialized successfully - sym options: 0x614 - pdb path: .;D:\android\jbr\bin;C:\Windows\SYSTEM32;C:\Windows\WinSxS\amd64_microsoft.windows.common-controls_6595b64144ccf1df_6.0.22621.5840_none_2710ea077384a4fe;D:\android\jbr\bin\server;C:\Users\MY DUYEN\.gradle\native\1def1411415f61bf3af743bc5b6707747c0891f09f0c88961ee8f79bc544acac\windows-amd64;C:\Users\MY DUYEN\.gradle\native\0.2.7\x86_64-windows-gnu

VM Arguments:
jvm_args: --add-opens=java.base/java.lang=ALL-UNNAMED --add-opens=java.base/java.lang.invoke=ALL-UNNAMED --add-opens=java.base/java.util=ALL-UNNAMED --add-opens=java.prefs/java.util.prefs=ALL-UNNAMED --add-exports=jdk.compiler/com.sun.tools.javac.api=ALL-UNNAMED --add-exports=jdk.compiler/com.sun.tools.javac.util=ALL-UNNAMED --add-opens=java.base/java.util=ALL-UNNAMED --add-opens=java.prefs/java.util.prefs=ALL-UNNAMED --add-opens=java.base/java.nio.charset=ALL-UNNAMED --add-opens=java.base/java.net=ALL-UNNAMED --add-opens=java.base/java.util.concurrent.atomic=ALL-UNNAMED --add-opens=java.xml/javax.xml.namespace=ALL-UNNAMED -Xmx2048m -Dfile.encoding=UTF-8 -Duser.country=US -Duser.language=en -Duser.variant -javaagent:C:\Users\MY DUYEN\.gradle\wrapper\dists\gradle-8.13-bin\5xuhj0ry160q40clulazy9h7d\gradle-8.13\lib\agents\gradle-instrumentation-agent-8.13.jar 
java_command: org.gradle.launcher.daemon.bootstrap.GradleDaemon 8.13
java_class_path (initial): C:\Users\MY DUYEN\.gradle\wrapper\dists\gradle-8.13-bin\5xuhj0ry160q40clulazy9h7d\gradle-8.13\lib\gradle-daemon-main-8.13.jar
Launcher Type: SUN_STANDARD

[Global flags]
     intx CICompilerCount                          = 3                                         {product} {ergonomic}
     uint ConcGCThreads                            = 1                                         {product} {ergonomic}
     uint G1ConcRefinementThreads                  = 4                                         {product} {ergonomic}
   size_t G1HeapRegionSize                         = 1048576                                   {product} {ergonomic}
    uintx GCDrainStackTargetSize                   = 64                                        {product} {ergonomic}
   size_t InitialHeapSize                          = 130023424                                 {product} {ergonomic}
   size_t MarkStackSize                            = 4194304                                   {product} {ergonomic}
   size_t MaxHeapSize                              = 2147483648                                {product} {command line}
   size_t MaxNewSize                               = 1287651328                                {product} {ergonomic}
   size_t MinHeapDeltaBytes                        = 1048576                                   {product} {ergonomic}
   size_t MinHeapSize                              = 8388608                                   {product} {ergonomic}
    uintx NonNMethodCodeHeapSize                   = 5832780                                {pd product} {ergonomic}
    uintx NonProfiledCodeHeapSize                  = 122912730                              {pd product} {ergonomic}
    uintx ProfiledCodeHeapSize                     = 122912730                              {pd product} {ergonomic}
    uintx ReservedCodeCacheSize                    = 251658240                              {pd product} {ergonomic}
     bool SegmentedCodeCache                       = true                                      {product} {ergonomic}
   size_t SoftMaxHeapSize                          = 2147483648                             {manageable} {ergonomic}
     bool UseCompressedOops                        = true                           {product lp64_product} {ergonomic}
     bool UseG1GC                                  = true                                      {product} {ergonomic}
     bool UseLargePagesIndividualAllocation        = false                                  {pd product} {ergonomic}

Logging:
Log output configuration:
 #0: stdout all=warning uptime,level,tags foldmultilines=false
 #1: stderr all=off uptime,level,tags foldmultilines=false

Environment Variables:
PATH=C:\Windows\system32;C:\Windows;C:\Windows\System32\Wbem;C:\Windows\System32\WindowsPowerShell\v1.0\;C:\Windows\System32\OpenSSH\;C:\Program Files\Microsoft SQL Server\150\Tools\Binn\;C:\Program Files (x86)\Windows Kits\10\Windows Performance Toolkit\;C:\Program Files (x86)\Git\cmd;C:\Program Files\GitHub CLI\;C:\Program Files\Docker\Docker\resources\bin;C:\Program Files (x86)\Eclipse\Sumo\bin\;C:\Program Files (x86)\Eclipse\Sumo\tools\;D:\Git\cmd;D:\Downloads\flutter_windows_3.35.5-stable\flutter\bin;C:\Users\MY DUYEN\Downloads\python-3.13.2-amd64.exe;C:\Users\MY DUYEN\AppData\Local\Programs\Python\Python313\;C:\Users\MY DUYEN\AppData\Local\Programs\Python\Launcher\;C:\Users\MY DUYEN\AppData\Local\Microsoft\WindowsApps;C:\Users\MY DUYEN\AppData\Local\Programs\Microsoft VS Code\bin;C:\sumo\bin;
USERNAME=MY DUYEN
OS=Windows_NT
PROCESSOR_IDENTIFIER=Intel64 Family 6 Model 140 Stepping 1, GenuineIntel
TMP=C:\Users\MYDUYE~1\AppData\Local\Temp
TEMP=C:\Users\MYDUYE~1\AppData\Local\Temp




Periodic native trim disabled

JNI global refs:
JNI global refs: 26, weak refs: 0

JNI global refs memory usage: 835, weak refs: 833

Process memory usage:
Resident Set Size: 280920K (3% of 8075976K total physical memory with 577008K free physical memory)

OOME stack traces (most recent first):
Classloader memory used:
Loader org.gradle.internal.classloader.VisitableURLClassLoader                         : 37457K
Loader bootstrap                                                                       : 23824K
Loader org.gradle.initialization.MixInLegacyTypesClassLoader                           : 10975K
Loader org.gradle.internal.classloader.VisitableURLClassLoader$InstrumentingVisitableURLClassLoader: 3801K
Loader jdk.internal.loader.ClassLoaders$PlatformClassLoader                            : 500K
Loader jdk.internal.loader.ClassLoaders$AppClassLoader                                 : 235K
Loader jdk.internal.reflect.DelegatingClassLoader                                      : 167K
Loader org.gradle.internal.classloader.VisitableURLClassLoader                         : 157K
Loader org.gradle.groovy.scripts.internal.DefaultScriptCompilationHandler$ScriptClassLoader: 122K
Loader org.codehaus.groovy.runtime.callsite.CallSiteClassLoader                        : 17120B

Classes loaded by more than one classloader:
Class Program                                                                         : loaded 4 times (x 72B)
Class org.gradle.internal.classloader.FilteringClassLoader                            : loaded 2 times (x 103B)
Class org.gradle.internal.classloader.ClassLoaderHierarchy                            : loaded 2 times (x 68B)
Class com.google.common.collect.ImmutableList$1                                       : loaded 2 times (x 95B)
Class org.gradle.api.internal.classpath.ManifestUtil                                  : loaded 2 times (x 69B)
Class com.google.common.collect.RegularImmutableMap                                   : loaded 2 times (x 119B)
Class com.google.common.collect.ImmutableMap$MapViewOfValuesAsSingletonSets           : loaded 2 times (x 124B)
Class com.google.common.collect.UnmodifiableListIterator                              : loaded 2 times (x 93B)
Class org.gradle.internal.classloader.DefaultClassLoaderFactory                       : loaded 2 times (x 80B)
Class org.gradle.internal.classloader.ClassLoaderVisitor                              : loaded 2 times (x 74B)
Class [Lcom.google.common.collect.ImmutableMapEntry;                                  : loaded 2 times (x 67B)
Class org.gradle.api.internal.classpath.EffectiveClassPath                            : loaded 2 times (x 88B)
Class com.google.common.collect.ImmutableEnumMap                                      : loaded 2 times (x 124B)
Class org.gradle.api.internal.DefaultClassPathProvider                                : loaded 2 times (x 74B)
Class [Lorg.gradle.api.internal.ClassPathProvider;                                    : loaded 2 times (x 67B)
Class org.gradle.api.internal.ClassPathProvider                                       : loaded 2 times (x 68B)
Class org.gradle.internal.service.UnknownServiceException                             : loaded 2 times (x 81B)
Class com.google.common.collect.MapDifference                                         : loaded 2 times (x 68B)
Class org.gradle.internal.classpath.TransformedClassPath                              : loaded 2 times (x 94B)
Class org.gradle.internal.classloader.InstrumentingClassLoader                        : loaded 2 times (x 68B)
Class com.google.common.collect.Iterators$ArrayItr                                    : loaded 2 times (x 95B)
Class com.google.common.collect.ImmutableCollection$Builder                           : loaded 2 times (x 74B)
Class com.google.common.collect.UnmodifiableIterator                                  : loaded 2 times (x 78B)
Class org.gradle.internal.service.ServiceLocator                                      : loaded 2 times (x 68B)
Class com.google.common.collect.SingletonImmutableBiMap                               : loaded 2 times (x 141B)
Class com.google.common.collect.AbstractMapEntry                                      : loaded 2 times (x 79B)
Class com.google.common.collect.RegularImmutableAsList                                : loaded 2 times (x 215B)
Class com.google.common.collect.Iterators                                             : loaded 2 times (x 69B)
Class org.gradle.kotlin.dsl.VersionCatalogAccessorsKt                                 : loaded 2 times (x 69B)
Class org.gradle.internal.InternalTransformer                                         : loaded 2 times (x 68B)
Class org.gradle.internal.classloader.ClasspathUtil$1                                 : loaded 2 times (x 74B)
Class com.google.common.collect.IndexedImmutableSet                                   : loaded 2 times (x 150B)
Class com.google.common.collect.ImmutableMap$1                                        : loaded 2 times (x 79B)
Class com.google.common.collect.BiMap                                                 : loaded 2 times (x 68B)
Class org.gradle.api.internal.classpath.DefaultModuleRegistry$DefaultModule           : loaded 2 times (x 84B)
Class com.google.common.collect.AbstractIterator                                      : loaded 2 times (x 80B)
Class com.google.common.collect.AbstractIndexedListIterator                           : loaded 2 times (x 94B)
Class com.google.common.math.MathPreconditions                                        : loaded 2 times (x 69B)
Class com.google.common.collect.ImmutableMapEntrySet                                  : loaded 2 times (x 150B)
Class org.gradle.api.internal.classpath.Module                                        : loaded 2 times (x 68B)
Class org.gradle.api.internal.classpath.UnknownModuleException                        : loaded 2 times (x 80B)
Class com.google.common.collect.ImmutableMap$Builder                                  : loaded 2 times (x 80B)
Class ijKotlinCoroutineJvmDebugInit1_drwsgbna26bwyvk27mff83nyg                        : loaded 2 times (x 177B)
Class org.gradle.api.internal.DefaultClassPathRegistry                                : loaded 2 times (x 74B)
Class org.gradle.api.internal.ClassPathRegistry                                       : loaded 2 times (x 68B)
Class org.gradle.internal.classpath.DefaultClassPath$ImmutableUniqueList              : loaded 2 times (x 197B)
Class com.google.common.collect.SingletonImmutableList                                : loaded 2 times (x 205B)
Class com.google.common.collect.RegularImmutableMap$KeySet                            : loaded 2 times (x 150B)
Class Settings_gradle$1                                                               : loaded 2 times (x 72B)
Class org.gradle.internal.classpath.ClassPath                                         : loaded 2 times (x 68B)
Class org.gradle.api.UncheckedIOException                                             : loaded 2 times (x 80B)
Class com.google.common.collect.ImmutableList$ReverseImmutableList                    : loaded 2 times (x 207B)
Class com.google.common.collect.Iterators$1                                           : loaded 2 times (x 79B)
Class com.google.common.collect.SingletonImmutableSet                                 : loaded 2 times (x 144B)
Class com.google.common.collect.ImmutableMap$IteratorBasedImmutableMap                : loaded 2 times (x 124B)
Class ijKotlinCoroutineJvmDebugInit1_drwsgbna26bwyvk27mff83nyg$_run_closure1          : loaded 2 times (x 137B)
Class com.google.common.collect.Iterators$4                                           : loaded 2 times (x 80B)
Class com.google.common.collect.ImmutableBiMap                                        : loaded 2 times (x 141B)
Class org.gradle.internal.installation.GradleInstallation$1                           : loaded 2 times (x 73B)
Class org.gradle.api.internal.classpath.ModuleRegistry                                : loaded 2 times (x 68B)
Class com.google.common.collect.Iterators$5                                           : loaded 2 times (x 80B)
Class com.google.common.collect.ImmutableSet$JdkBackedSetBuilderImpl                  : loaded 2 times (x 74B)
Class com.google.common.collect.ImmutableCollection                                   : loaded 2 times (x 123B)
Class org.gradle.api.internal.classpath.DefaultModuleRegistry                         : loaded 2 times (x 84B)
Class com.google.common.base.Converter                                                : loaded 2 times (x 88B)
Class com.google.common.collect.ImmutableSet$CachingAsList                            : loaded 2 times (x 146B)
Class com.google.common.collect.Iterators$9                                           : loaded 2 times (x 79B)
Class com.google.common.collect.ImmutableAsList                                       : loaded 2 times (x 207B)
Class com.google.common.collect.Maps$EntryTransformer                                 : loaded 2 times (x 68B)
Class ijJvmDebugger1_c65uphnuk4dezov78gnh7jdsu                                        : loaded 2 times (x 177B)
Class org.gradle.internal.service.ServiceLookupException                              : loaded 2 times (x 80B)
Class org.gradle.internal.classloader.ClassLoaderFactory                              : loaded 2 times (x 68B)
Class org.gradle.internal.service.CachingServiceLocator                               : loaded 2 times (x 80B)
Class com.google.common.math.IntMath                                                  : loaded 2 times (x 69B)
Class com.google.common.collect.ImmutableMapEntry                                     : loaded 2 times (x 83B)
Class com.google.common.base.Function                                                 : loaded 2 times (x 68B)
Class com.google.common.collect.ImmutableMapEntry$NonTerminalImmutableMapEntry        : loaded 2 times (x 83B)
Class com.google.common.collect.RegularImmutableList                                  : loaded 2 times (x 211B)
Class ijKotlinCoroutineJvmDebugInit1_drwsgbna26bwyvk27mff83nyg$_run_closure1$_closure2: loaded 2 times (x 137B)
Class org.gradle.internal.classloader.ClasspathUtil                                   : loaded 2 times (x 69B)
Class com.google.common.collect.Maps                                                  : loaded 2 times (x 69B)
Class org.gradle.api.specs.Spec                                                       : loaded 2 times (x 68B)
Class [Lcom.google.common.collect.ImmutableEntry;                                     : loaded 2 times (x 67B)
Class Build_gradle$1                                                                  : loaded 2 times (x 76B)
Class com.google.common.collect.Maps$8                                                : loaded 2 times (x 80B)
Class org.gradle.internal.classloader.VisitableURLClassLoader$InstrumentingVisitableURLClassLoader: loaded 2 times (x 121B)
Class com.google.common.math.IntMath$1                                                : loaded 2 times (x 69B)
Class org.gradle.internal.classloader.VisitableURLClassLoader$Spec                    : loaded 2 times (x 72B)
Class org.gradle.internal.classpath.DefaultClassPath                                  : loaded 2 times (x 88B)
Class ijJvmDebugger1_c65uphnuk4dezov78gnh7jdsu$_run_closure1                          : loaded 2 times (x 137B)
Class com.google.common.collect.ImmutableSet                                          : loaded 2 times (x 143B)
Class com.google.common.collect.RegularImmutableMap$Values                            : loaded 2 times (x 205B)
Class org.gradle.internal.classloader.ClassLoaderSpec                                 : loaded 2 times (x 69B)
Class Settings_gradle$1$1                                                             : loaded 2 times (x 72B)
Class org.gradle.internal.classloader.VisitableURLClassLoader                         : loaded 2 times (x 115B)
Class Settings_gradle                                                                 : loaded 2 times (x 126B)
Class org.gradle.internal.Cast                                                        : loaded 2 times (x 69B)
Class org.gradle.api.Action                                                           : loaded 2 times (x 68B)
Class com.google.common.collect.ImmutableMap                                          : loaded 2 times (x 118B)
Class org.gradle.internal.classpath.DefaultClassPath$ImmutableUniqueList$Builder      : loaded 2 times (x 73B)
Class [Lcom.google.common.collect.AbstractMapEntry;                                   : loaded 2 times (x 67B)
Class com.google.common.collect.ImmutableEntry                                        : loaded 2 times (x 80B)
Class org.gradle.api.GradleException                                                  : loaded 2 times (x 80B)
Class com.google.common.collect.CollectPreconditions                                  : loaded 2 times (x 69B)
Class com.google.common.collect.SortedMapDifference                                   : loaded 2 times (x 68B)
Class org.gradle.internal.IoActions                                                   : loaded 2 times (x 69B)
Class com.google.common.collect.ImmutableSet$RegularSetBuilderImpl                    : loaded 2 times (x 75B)
Class org.gradle.internal.classloader.SystemClassLoaderSpec                           : loaded 2 times (x 69B)
Class com.google.common.collect.RegularImmutableMap$BucketOverflowException           : loaded 2 times (x 80B)
Class com.google.common.collect.RegularImmutableBiMap                                 : loaded 2 times (x 147B)
Class ijJvmDebugger1_c65uphnuk4dezov78gnh7jdsu$_run_closure1$_closure2                : loaded 2 times (x 138B)
Class com.google.common.collect.Hashing                                               : loaded 2 times (x 69B)
Class com.google.common.base.Preconditions                                            : loaded 2 times (x 69B)
Class com.google.common.collect.PeekingIterator                                       : loaded 2 times (x 68B)
Class org.gradle.api.internal.classpath.GlobalCacheRootsProvider                      : loaded 2 times (x 68B)
Class com.google.common.collect.Maps$BiMapConverter                                   : loaded 2 times (x 88B)
Class com.google.common.collect.ImmutableMapEntrySet$RegularEntrySet                  : loaded 2 times (x 150B)
Class com.google.common.collect.ImmutableSet$Builder                                  : loaded 2 times (x 83B)
Class Build_gradle                                                                    : loaded 2 times (x 70B)
Class org.gradle.internal.installation.CurrentGradleInstallationLocator               : loaded 2 times (x 69B)
Class com.google.common.collect.ImmutableSet$EmptySetBuilderImpl                      : loaded 2 times (x 74B)
Class com.google.common.collect.ImmutableList                                         : loaded 2 times (x 204B)
Class org.gradle.internal.service.DefaultServiceLocator                               : loaded 2 times (x 81B)
Class com.google.common.collect.ImmutableSet$SetBuilderImpl                           : loaded 2 times (x 74B)
Class org.gradle.internal.installation.CurrentGradleInstallation                      : loaded 2 times (x 71B)
Class com.google.common.collect.ImmutableList$SubList                                 : loaded 2 times (x 207B)
Class org.gradle.util.internal.GUtil                                                  : loaded 2 times (x 69B)
Class com.google.common.collect.Iterators$MergingIterator                             : loaded 2 times (x 79B)
Class com.google.common.collect.RegularImmutableSet                                   : loaded 2 times (x 147B)
Class org.gradle.internal.installation.GradleInstallation                             : loaded 2 times (x 73B)
Class com.google.common.collect.Iterables                                             : loaded 2 times (x 69B)

---------------  S Y S T E M  ---------------

OS:
 Windows 11 , 64 bit Build 22621 (10.0.22621.5415)
OS uptime: 0 days 2:58 hours
Hyper-V role detected

CPU: total 4 (initial active 4) (2 cores per cpu, 2 threads per core) family 6 model 140 stepping 1 microcode 0xa4, cx8, cmov, fxsr, ht, mmx, 3dnowpref, sse, sse2, sse3, ssse3, sse4.1, sse4.2, popcnt, lzcnt, tsc, tscinvbit, avx, avx2, aes, erms, clmul, bmi1, bmi2, adx, avx512f, avx512dq, avx512cd, avx512bw, avx512vl, sha, fma, vzeroupper, avx512_vpopcntdq, avx512_vpclmulqdq, avx512_vaes, avx512_vnni, clflush, clflushopt, clwb, avx512_vbmi2, avx512_vbmi, hv, rdtscp, rdpid, fsrm, gfni, avx512_bitalg, f16c, cet_ibt, cet_ss, avx512_ifma
Processor Information for the first 4 processors :
  Max Mhz: 2995, Current Mhz: 2995, Mhz Limit: 2995

Memory: 4k page, system-wide physical 7886M (557M free)
TotalPageFile size 18574M (AvailPageFile size 4M)
current process WorkingSet (physical memory assigned to process): 275M, peak: 275M
current process commit charge ("private bytes"): 352M, peak: 354M

vm_info: OpenJDK 64-Bit Server VM (21.0.7+-13880790-b1038.58) for windows-amd64 JRE (21.0.7+-13880790-b1038.58), built on 2025-08-04T20:56:21Z by "builder" with MS VC++ 16.10 / 16.11 (VS2019)

END.
