#
# There is insufficient memory for the Java Runtime Environment to continue.
# Native memory allocation (malloc) failed to allocate 618976 bytes. Error detail: Chunk::new
# Possible reasons:
#   The system is out of physical RAM or swap space
#   This process is running with CompressedOops enabled, and the Java Heap may be blocking the growth of the native heap
# Possible solutions:
#   Reduce memory load on the system
#   Increase physical memory or swap space
#   Check if swap backing store is full
#   Decrease Java heap size (-Xmx/-Xms)
#   Decrease number of Java threads
#   Decrease Java thread stack sizes (-Xss)
#   Set larger code cache with -XX:ReservedCodeCacheSize=
#   JVM is running with Unscaled Compressed Oops mode in which the Java heap is
#     placed in the first 4GB address space. The Java Heap base address is the
#     maximum limit for the native heap growth. Please use -XX:HeapBaseMinAddress
#     to set the Java Heap base and to place the Java Heap above 4GB virtual address.
# This output file may be truncated or incomplete.
#
#  Out of Memory Error (arena.cpp:168), pid=6680, tid=8388
#
# JRE version: OpenJDK Runtime Environment (21.0.7) (build 21.0.7+-13880790-b1038.58)
# Java VM: OpenJDK 64-Bit Server VM (21.0.7+-13880790-b1038.58, mixed mode, tiered, compressed oops, compressed class ptrs, g1 gc, windows-amd64)
# No core dump will be written. Minidumps are not enabled by default on client versions of Windows
#

---------------  S U M M A R Y ------------

Command Line: --add-opens=java.base/java.lang=ALL-UNNAMED --add-opens=java.base/java.lang.invoke=ALL-UNNAMED --add-opens=java.base/java.util=ALL-UNNAMED --add-opens=java.prefs/java.util.prefs=ALL-UNNAMED --add-exports=jdk.compiler/com.sun.tools.javac.api=ALL-UNNAMED --add-exports=jdk.compiler/com.sun.tools.javac.util=ALL-UNNAMED --add-opens=java.base/java.util=ALL-UNNAMED --add-opens=java.prefs/java.util.prefs=ALL-UNNAMED --add-opens=java.base/java.nio.charset=ALL-UNNAMED --add-opens=java.base/java.net=ALL-UNNAMED --add-opens=java.base/java.util.concurrent.atomic=ALL-UNNAMED --add-opens=java.xml/javax.xml.namespace=ALL-UNNAMED -Xmx2048m -Dfile.encoding=UTF-8 -Duser.country=US -Duser.language=en -Duser.variant -javaagent:C:\Users\MY DUYEN\.gradle\wrapper\dists\gradle-8.13-bin\5xuhj0ry160q40clulazy9h7d\gradle-8.13\lib\agents\gradle-instrumentation-agent-8.13.jar org.gradle.launcher.daemon.bootstrap.GradleDaemon 8.13

Host: 11th Gen Intel(R) Core(TM) i3-1115G4 @ 3.00GHz, 4 cores, 7G,  Windows 11 , 64 bit Build 22621 (10.0.22621.5415)
Time: Sat Oct 25 20:08:44 2025 SE Asia Standard Time elapsed time: 121.615522 seconds (0d 0h 2m 1s)

---------------  T H R E A D  ---------------

Current thread (0x00000232ea068210):  JavaThread "C2 CompilerThread0" daemon [_thread_in_native, id=8388, stack(0x0000003d68400000,0x0000003d68500000) (1024K)]


Current CompileTask:
C2:121615 12339   !   4       java.nio.file.Files::walkFileTree (297 bytes)

Stack: [0x0000003d68400000,0x0000003d68500000]
Native frames: (J=compiled Java code, j=interpreted, Vv=VM code, C=native code)
V  [jvm.dll+0x6d25c9]
V  [jvm.dll+0x860923]
V  [jvm.dll+0x862e7e]
V  [jvm.dll+0x863563]
V  [jvm.dll+0x27f156]
V  [jvm.dll+0xc002d]
V  [jvm.dll+0xc0563]
V  [jvm.dll+0x2f31f0]
V  [jvm.dll+0x5fc309]
V  [jvm.dll+0x250f82]
V  [jvm.dll+0x249444]
V  [jvm.dll+0x24733e]
V  [jvm.dll+0x1c5fb4]
V  [jvm.dll+0x256bac]
V  [jvm.dll+0x2550f6]
V  [jvm.dll+0x3f1d16]
V  [jvm.dll+0x808d08]
V  [jvm.dll+0x6d0e1d]
C  [ucrtbase.dll+0x29333]
C  [KERNEL32.DLL+0x1259d]
C  [ntdll.dll+0x5af78]


---------------  P R O C E S S  ---------------

Threads class SMR info:
_java_thread_list=0x00000232f54d40f0, length=66, elements={
0x00000232cecdfef0, 0x00000232ea017260, 0x00000232ea042ec0, 0x00000232ea063c60,
0x00000232ea079f90, 0x00000232ea07ba00, 0x00000232ea07c460, 0x00000232ea084ed0,
0x00000232ea068210, 0x00000232ea06e1c0, 0x00000232ea366310, 0x00000232ebb78f30,
0x00000232ebcb20c0, 0x00000232eb9684f0, 0x00000232ebdab870, 0x00000232ebc31620,
0x00000232ebc452a0, 0x00000232ebc7f4c0, 0x00000232ebbae1e0, 0x00000232ebd90d30,
0x00000232ebd8f980, 0x00000232ebd913c0, 0x00000232ebd91a50, 0x00000232ebd8e5d0,
0x00000232ebd906a0, 0x00000232ebd8f2f0, 0x00000232ebd90010, 0x00000232ee014890,
0x00000232ee013b70, 0x00000232ee0155b0, 0x00000232ee012e50, 0x00000232ee015c40,
0x00000232ee014200, 0x00000232ee0162d0, 0x00000232ee012130, 0x00000232ee010060,
0x00000232ee016ff0, 0x00000232ee0106f0, 0x00000232ee0134e0, 0x00000232ee0127c0,
0x00000232ee010d80, 0x00000232ee014f20, 0x00000232ee011aa0, 0x00000232ee011410,
0x00000232ecdff610, 0x00000232ecdfdbd0, 0x00000232ece016e0, 0x00000232ece044d0,
0x00000232ecdfef80, 0x00000232ecdffca0, 0x00000232ece03120, 0x00000232ece009c0,
0x00000232ece03e40, 0x00000232ece00330, 0x00000232ece037b0, 0x00000232ece04b60,
0x00000232eb2aa050, 0x00000232eb2aba90, 0x00000232f5562600, 0x00000232f55653f0,
0x00000232f5562c90, 0x00000232f55618e0, 0x00000232f5561f70, 0x00000232f555f810,
0x00000232f555e460, 0x00000232f5560530
}

Java Threads: ( => current thread )
  0x00000232cecdfef0 JavaThread "main"                              [_thread_blocked, id=9440, stack(0x0000003d67500000,0x0000003d67600000) (1024K)]
  0x00000232ea017260 JavaThread "Common-Cleaner"             daemon [_thread_blocked, id=14684, stack(0x0000003d67d00000,0x0000003d67e00000) (1024K)]
  0x00000232ea042ec0 JavaThread "Reference Handler"          daemon [_thread_blocked, id=4420, stack(0x0000003d67e00000,0x0000003d67f00000) (1024K)]
  0x00000232ea063c60 JavaThread "Finalizer"                  daemon [_thread_blocked, id=14616, stack(0x0000003d67f00000,0x0000003d68000000) (1024K)]
  0x00000232ea079f90 JavaThread "Signal Dispatcher"          daemon [_thread_blocked, id=13352, stack(0x0000003d68000000,0x0000003d68100000) (1024K)]
  0x00000232ea07ba00 JavaThread "Attach Listener"            daemon [_thread_blocked, id=12228, stack(0x0000003d68100000,0x0000003d68200000) (1024K)]
  0x00000232ea07c460 JavaThread "Service Thread"             daemon [_thread_blocked, id=8708, stack(0x0000003d68200000,0x0000003d68300000) (1024K)]
  0x00000232ea084ed0 JavaThread "Monitor Deflation Thread"   daemon [_thread_blocked, id=9256, stack(0x0000003d68300000,0x0000003d68400000) (1024K)]
=>0x00000232ea068210 JavaThread "C2 CompilerThread0"         daemon [_thread_in_native, id=8388, stack(0x0000003d68400000,0x0000003d68500000) (1024K)]
  0x00000232ea06e1c0 JavaThread "C1 CompilerThread0"         daemon [_thread_blocked, id=14568, stack(0x0000003d68500000,0x0000003d68600000) (1024K)]
  0x00000232ea366310 JavaThread "Notification Thread"        daemon [_thread_blocked, id=14924, stack(0x0000003d68600000,0x0000003d68700000) (1024K)]
  0x00000232ebb78f30 JavaThread "Daemon health stats"               [_thread_blocked, id=8484, stack(0x0000003d68b00000,0x0000003d68c00000) (1024K)]
  0x00000232ebcb20c0 JavaThread "Incoming local TCP Connector on port 60379"        [_thread_in_native, id=10800, stack(0x0000003d68c00000,0x0000003d68d00000) (1024K)]
  0x00000232eb9684f0 JavaThread "Daemon periodic checks"            [_thread_blocked, id=14428, stack(0x0000003d68d00000,0x0000003d68e00000) (1024K)]
  0x00000232ebdab870 JavaThread "Daemon"                            [_thread_blocked, id=3840, stack(0x0000003d68e00000,0x0000003d68f00000) (1024K)]
  0x00000232ebc31620 JavaThread "Handler for socket connection from /127.0.0.1:60379 to /127.0.0.1:60380"        [_thread_in_native, id=14380, stack(0x0000003d68f00000,0x0000003d69000000) (1024K)]
  0x00000232ebc452a0 JavaThread "Cancel handler"                    [_thread_blocked, id=6484, stack(0x0000003d69000000,0x0000003d69100000) (1024K)]
  0x00000232ebc7f4c0 JavaThread "Daemon worker"                     [_thread_in_native, id=13684, stack(0x0000003d69100000,0x0000003d69200000) (1024K)]
  0x00000232ebbae1e0 JavaThread "Asynchronous log dispatcher for DefaultDaemonConnection: socket connection from /127.0.0.1:60379 to /127.0.0.1:60380"        [_thread_blocked, id=6508, stack(0x0000003d69200000,0x0000003d69300000) (1024K)]
  0x00000232ebd90d30 JavaThread "Stdin handler"                     [_thread_blocked, id=1428, stack(0x0000003d69300000,0x0000003d69400000) (1024K)]
  0x00000232ebd8f980 JavaThread "Daemon client event forwarder"        [_thread_blocked, id=8468, stack(0x0000003d69400000,0x0000003d69500000) (1024K)]
  0x00000232ebd913c0 JavaThread "Cache worker for journal cache (C:\Users\MY DUYEN\.gradle\caches\journal-1)"        [_thread_blocked, id=8460, stack(0x0000003d69500000,0x0000003d69600000) (1024K)]
  0x00000232ebd91a50 JavaThread "File lock request listener"        [_thread_in_native, id=5748, stack(0x0000003d69600000,0x0000003d69700000) (1024K)]
  0x00000232ebd8e5d0 JavaThread "Cache worker for file hash cache (C:\Users\MY DUYEN\.gradle\caches\8.13\fileHashes)"        [_thread_in_vm, id=2544, stack(0x0000003d69700000,0x0000003d69800000) (1024K)]
  0x00000232ebd906a0 JavaThread "Cache worker for file hash cache (D:\Download\Study-S\.gradle\8.13\fileHashes)"        [_thread_blocked, id=5480, stack(0x0000003d69800000,0x0000003d69900000) (1024K)]
  0x00000232ebd8f2f0 JavaThread "Cache worker for Build Output Cleanup Cache (D:\Download\Study-S\.gradle\buildOutputCleanup)"        [_thread_blocked, id=9792, stack(0x0000003d69900000,0x0000003d69a00000) (1024K)]
  0x00000232ebd90010 JavaThread "File watcher server"        daemon [_thread_in_native, id=10804, stack(0x0000003d68900000,0x0000003d68a00000) (1024K)]
  0x00000232ee014890 JavaThread "File watcher consumer"      daemon [_thread_blocked, id=11284, stack(0x0000003d69a00000,0x0000003d69b00000) (1024K)]
  0x00000232ee013b70 JavaThread "jar transforms"                    [_thread_blocked, id=12464, stack(0x0000003d69b00000,0x0000003d69c00000) (1024K)]
  0x00000232ee0155b0 JavaThread "jar transforms Thread 2"           [_thread_blocked, id=7996, stack(0x0000003d69c00000,0x0000003d69d00000) (1024K)]
  0x00000232ee012e50 JavaThread "jar transforms Thread 3"           [_thread_blocked, id=9624, stack(0x0000003d69d00000,0x0000003d69e00000) (1024K)]
  0x00000232ee015c40 JavaThread "jar transforms Thread 4"           [_thread_blocked, id=15356, stack(0x0000003d69e00000,0x0000003d69f00000) (1024K)]
  0x00000232ee014200 JavaThread "Cache worker for checksums cache (D:\Download\Study-S\.gradle\8.13\checksums)"        [_thread_blocked, id=10932, stack(0x0000003d69f00000,0x0000003d6a000000) (1024K)]
  0x00000232ee0162d0 JavaThread "Cache worker for file content cache (C:\Users\MY DUYEN\.gradle\caches\8.13\fileContent)"        [_thread_blocked, id=3556, stack(0x0000003d6a000000,0x0000003d6a100000) (1024K)]
  0x00000232ee012130 JavaThread "Cache worker for cache directory md-supplier (C:\Users\MY DUYEN\.gradle\caches\8.13\md-supplier)"        [_thread_blocked, id=6960, stack(0x0000003d6a200000,0x0000003d6a300000) (1024K)]
  0x00000232ee010060 JavaThread "Cache worker for cache directory md-rule (C:\Users\MY DUYEN\.gradle\caches\8.13\md-rule)"        [_thread_blocked, id=14420, stack(0x0000003d6a300000,0x0000003d6a400000) (1024K)]
  0x00000232ee016ff0 JavaThread "File lock release action executor"        [_thread_blocked, id=11320, stack(0x0000003d6a400000,0x0000003d6a500000) (1024K)]
  0x00000232ee0106f0 JavaThread "Unconstrained build operations"        [_thread_blocked, id=8420, stack(0x0000003d6a100000,0x0000003d6a200000) (1024K)]
  0x00000232ee0134e0 JavaThread "Unconstrained build operations Thread 2"        [_thread_blocked, id=14372, stack(0x0000003d6a500000,0x0000003d6a600000) (1024K)]
  0x00000232ee0127c0 JavaThread "Unconstrained build operations Thread 3"        [_thread_blocked, id=6720, stack(0x0000003d6a600000,0x0000003d6a700000) (1024K)]
  0x00000232ee010d80 JavaThread "Unconstrained build operations Thread 4"        [_thread_blocked, id=10788, stack(0x0000003d6a700000,0x0000003d6a800000) (1024K)]
  0x00000232ee014f20 JavaThread "Unconstrained build operations Thread 5"        [_thread_blocked, id=10188, stack(0x0000003d6a800000,0x0000003d6a900000) (1024K)]
  0x00000232ee011aa0 JavaThread "Unconstrained build operations Thread 6"        [_thread_blocked, id=11964, stack(0x0000003d6a900000,0x0000003d6aa00000) (1024K)]
  0x00000232ee011410 JavaThread "Unconstrained build operations Thread 7"        [_thread_blocked, id=14788, stack(0x0000003d6aa00000,0x0000003d6ab00000) (1024K)]
  0x00000232ecdff610 JavaThread "Unconstrained build operations Thread 8"        [_thread_blocked, id=4416, stack(0x0000003d6ab00000,0x0000003d6ac00000) (1024K)]
  0x00000232ecdfdbd0 JavaThread "Unconstrained build operations Thread 9"        [_thread_blocked, id=15092, stack(0x0000003d6ac00000,0x0000003d6ad00000) (1024K)]
  0x00000232ece016e0 JavaThread "Unconstrained build operations Thread 10"        [_thread_blocked, id=7868, stack(0x0000003d6ad00000,0x0000003d6ae00000) (1024K)]
  0x00000232ece044d0 JavaThread "Unconstrained build operations Thread 11"        [_thread_blocked, id=9636, stack(0x0000003d6ae00000,0x0000003d6af00000) (1024K)]
  0x00000232ecdfef80 JavaThread "Unconstrained build operations Thread 12"        [_thread_blocked, id=7404, stack(0x0000003d6af00000,0x0000003d6b000000) (1024K)]
  0x00000232ecdffca0 JavaThread "Unconstrained build operations Thread 13"        [_thread_blocked, id=11456, stack(0x0000003d6b000000,0x0000003d6b100000) (1024K)]
  0x00000232ece03120 JavaThread "Unconstrained build operations Thread 14"        [_thread_blocked, id=10972, stack(0x0000003d6b100000,0x0000003d6b200000) (1024K)]
  0x00000232ece009c0 JavaThread "Unconstrained build operations Thread 15"        [_thread_blocked, id=14696, stack(0x0000003d6b200000,0x0000003d6b300000) (1024K)]
  0x00000232ece03e40 JavaThread "Unconstrained build operations Thread 16"        [_thread_blocked, id=12132, stack(0x0000003d6b300000,0x0000003d6b400000) (1024K)]
  0x00000232ece00330 JavaThread "Unconstrained build operations Thread 17"        [_thread_blocked, id=13600, stack(0x0000003d6b400000,0x0000003d6b500000) (1024K)]
  0x00000232ece037b0 JavaThread "Unconstrained build operations Thread 18"        [_thread_blocked, id=5932, stack(0x0000003d6b500000,0x0000003d6b600000) (1024K)]
  0x00000232ece04b60 JavaThread "Unconstrained build operations Thread 19"        [_thread_blocked, id=7320, stack(0x0000003d6b600000,0x0000003d6b700000) (1024K)]
  0x00000232eb2aa050 JavaThread "Memory manager"                    [_thread_blocked, id=11116, stack(0x0000003d67200000,0x0000003d67300000) (1024K)]
  0x00000232eb2aba90 JavaThread "build event listener"              [_thread_blocked, id=12224, stack(0x0000003d67400000,0x0000003d67500000) (1024K)]
  0x00000232f5562600 JavaThread "pool-3-thread-1"                   [_thread_blocked, id=10320, stack(0x0000003d67300000,0x0000003d67400000) (1024K)]
  0x00000232f55653f0 JavaThread "included builds"                   [_thread_blocked, id=3600, stack(0x0000003d6b700000,0x0000003d6b800000) (1024K)]
  0x00000232f5562c90 JavaThread "Execution worker"                  [_thread_blocked, id=9620, stack(0x0000003d6b800000,0x0000003d6b900000) (1024K)]
  0x00000232f55618e0 JavaThread "Execution worker Thread 2"         [_thread_blocked, id=3472, stack(0x0000003d6b900000,0x0000003d6ba00000) (1024K)]
  0x00000232f5561f70 JavaThread "Execution worker Thread 3"         [_thread_blocked, id=9120, stack(0x0000003d6ba00000,0x0000003d6bb00000) (1024K)]
  0x00000232f555f810 JavaThread "Cache worker for execution history cache (D:\Download\Study-S\.gradle\8.13\executionHistory)"        [_thread_blocked, id=7852, stack(0x0000003d6bb00000,0x0000003d6bc00000) (1024K)]
  0x00000232f555e460 JavaThread "idea-tooling-model-converter"        [_thread_blocked, id=13796, stack(0x0000003d6bc00000,0x0000003d6bd00000) (1024K)]
  0x00000232f5560530 JavaThread "Unconstrained build operations Thread 20"        [_thread_blocked, id=3848, stack(0x0000003d6bd00000,0x0000003d6be00000) (1024K)]
Total: 66

Other Threads:
  0x00000232e5b23280 VMThread "VM Thread"                           [id=14548, stack(0x0000003d67c00000,0x0000003d67d00000) (1024K)]
  0x00000232e5ac34f0 WatcherThread "VM Periodic Task Thread"        [id=14388, stack(0x0000003d67b00000,0x0000003d67c00000) (1024K)]
  0x00000232cca6e000 WorkerThread "GC Thread#0"                     [id=12544, stack(0x0000003d67600000,0x0000003d67700000) (1024K)]
  0x00000232ea432230 WorkerThread "GC Thread#1"                     [id=15308, stack(0x0000003d68700000,0x0000003d68800000) (1024K)]
  0x00000232ea42cb40 WorkerThread "GC Thread#2"                     [id=13776, stack(0x0000003d68800000,0x0000003d68900000) (1024K)]
  0x00000232eaefc3d0 WorkerThread "GC Thread#3"                     [id=14364, stack(0x0000003d68a00000,0x0000003d68b00000) (1024K)]
  0x00000232ced45150 ConcurrentGCThread "G1 Main Marker"            [id=14980, stack(0x0000003d67700000,0x0000003d67800000) (1024K)]
  0x00000232ced463f0 WorkerThread "G1 Conc#0"                       [id=9448, stack(0x0000003d67800000,0x0000003d67900000) (1024K)]
  0x00000232ced9e5b0 ConcurrentGCThread "G1 Refine#0"               [id=7568, stack(0x0000003d67900000,0x0000003d67a00000) (1024K)]
  0x00000232e5995250 ConcurrentGCThread "G1 Service"                [id=4000, stack(0x0000003d67a00000,0x0000003d67b00000) (1024K)]
Total: 10

Threads with active compile tasks:
C2 CompilerThread0  121652 12339   !   4       java.nio.file.Files::walkFileTree (297 bytes)
Total: 1

VM state: not at safepoint (normal execution)

VM Mutex/Monitor currently owned by a thread: None

Heap address: 0x0000000080000000, size: 2048 MB, Compressed Oops mode: 32-bit

CDS archive(s) not mapped
Compressed class space mapped at: 0x0000000100000000-0x0000000140000000, reserved size: 1073741824
Narrow klass base: 0x0000000000000000, Narrow klass shift: 3, Narrow klass range: 0x140000000

GC Precious Log:
 CardTable entry size: 512
 Card Set container configuration: InlinePtr #cards 5 size 8 Array Of Cards #cards 12 size 40 Howl #buckets 4 coarsen threshold 1843 Howl Bitmap #cards 512 size 80 coarsen threshold 460 Card regions per heap region 1 cards per card region 2048
 CPUs: 4 total, 4 available
 Memory: 7886M
 Large Page Support: Disabled
 NUMA Support: Disabled
 Compressed Oops: Enabled (32-bit)
 Heap Region Size: 1M
 Heap Min Capacity: 8M
 Heap Initial Capacity: 124M
 Heap Max Capacity: 2G
 Pre-touch: Disabled
 Parallel Workers: 4
 Concurrent Workers: 1
 Concurrent Refinement Workers: 4
 Periodic GC: Disabled

Heap:
 garbage-first heap   total 271360K, used 180842K [0x0000000080000000, 0x0000000100000000)
  region size 1024K, 22 young (22528K), 6 survivors (6144K)
 Metaspace       used 117425K, committed 119680K, reserved 1179648K
  class space    used 15980K, committed 17088K, reserved 1048576K

Heap Regions: E=young(eden), S=young(survivor), O=old, HS=humongous(starts), HC=humongous(continues), CS=collection set, F=free, TAMS=top-at-mark-start, PB=parsable bottom
|   0|0x0000000080000000, 0x0000000080100000, 0x0000000080100000|100%|HS|  |TAMS 0x0000000080000000| PB 0x0000000080000000| Complete 
|   1|0x0000000080100000, 0x0000000080200000, 0x0000000080200000|100%|HC|  |TAMS 0x0000000080100000| PB 0x0000000080100000| Complete 
|   2|0x0000000080200000, 0x0000000080300000, 0x0000000080300000|100%|HC|  |TAMS 0x0000000080200000| PB 0x0000000080200000| Complete 
|   3|0x0000000080300000, 0x0000000080400000, 0x0000000080400000|100%| O|  |TAMS 0x0000000080300000| PB 0x0000000080300000| Untracked 
|   4|0x0000000080400000, 0x0000000080500000, 0x0000000080500000|100%| O|  |TAMS 0x0000000080400000| PB 0x0000000080400000| Untracked 
|   5|0x0000000080500000, 0x0000000080600000, 0x0000000080600000|100%| O|  |TAMS 0x0000000080500000| PB 0x0000000080500000| Untracked 
|   6|0x0000000080600000, 0x0000000080700000, 0x0000000080700000|100%| O|  |TAMS 0x0000000080600000| PB 0x0000000080600000| Untracked 
|   7|0x0000000080700000, 0x0000000080800000, 0x0000000080800000|100%|HS|  |TAMS 0x0000000080700000| PB 0x0000000080700000| Complete 
|   8|0x0000000080800000, 0x0000000080900000, 0x0000000080900000|100%| O|  |TAMS 0x0000000080800000| PB 0x0000000080800000| Untracked 
|   9|0x0000000080900000, 0x0000000080a00000, 0x0000000080a00000|100%| O|  |TAMS 0x0000000080900000| PB 0x0000000080900000| Untracked 
|  10|0x0000000080a00000, 0x0000000080b00000, 0x0000000080b00000|100%| O|  |TAMS 0x0000000080a00000| PB 0x0000000080a00000| Untracked 
|  11|0x0000000080b00000, 0x0000000080c00000, 0x0000000080c00000|100%| O|  |TAMS 0x0000000080b00000| PB 0x0000000080b00000| Untracked 
|  12|0x0000000080c00000, 0x0000000080d00000, 0x0000000080d00000|100%| O|  |TAMS 0x0000000080c00000| PB 0x0000000080c00000| Untracked 
|  13|0x0000000080d00000, 0x0000000080e00000, 0x0000000080e00000|100%| O|  |TAMS 0x0000000080d00000| PB 0x0000000080d00000| Untracked 
|  14|0x0000000080e00000, 0x0000000080f00000, 0x0000000080f00000|100%| O|  |TAMS 0x0000000080e00000| PB 0x0000000080e00000| Untracked 
|  15|0x0000000080f00000, 0x0000000081000000, 0x0000000081000000|100%| O|  |TAMS 0x0000000080f00000| PB 0x0000000080f00000| Untracked 
|  16|0x0000000081000000, 0x0000000081100000, 0x0000000081100000|100%| O|  |TAMS 0x0000000081000000| PB 0x0000000081000000| Untracked 
|  17|0x0000000081100000, 0x0000000081200000, 0x0000000081200000|100%| O|  |TAMS 0x0000000081100000| PB 0x0000000081100000| Untracked 
|  18|0x0000000081200000, 0x0000000081300000, 0x0000000081300000|100%| O|  |TAMS 0x0000000081200000| PB 0x0000000081200000| Untracked 
|  19|0x0000000081300000, 0x0000000081400000, 0x0000000081400000|100%| O|  |TAMS 0x0000000081300000| PB 0x0000000081300000| Untracked 
|  20|0x0000000081400000, 0x0000000081500000, 0x0000000081500000|100%| O|  |TAMS 0x0000000081400000| PB 0x0000000081400000| Untracked 
|  21|0x0000000081500000, 0x0000000081600000, 0x0000000081600000|100%| O|  |TAMS 0x0000000081500000| PB 0x0000000081500000| Untracked 
|  22|0x0000000081600000, 0x0000000081700000, 0x0000000081700000|100%| O|  |TAMS 0x0000000081600000| PB 0x0000000081600000| Untracked 
|  23|0x0000000081700000, 0x0000000081800000, 0x0000000081800000|100%| O|  |TAMS 0x0000000081700000| PB 0x0000000081700000| Untracked 
|  24|0x0000000081800000, 0x0000000081900000, 0x0000000081900000|100%|HS|  |TAMS 0x0000000081800000| PB 0x0000000081800000| Complete 
|  25|0x0000000081900000, 0x0000000081a00000, 0x0000000081a00000|100%|HC|  |TAMS 0x0000000081900000| PB 0x0000000081900000| Complete 
|  26|0x0000000081a00000, 0x0000000081b00000, 0x0000000081b00000|100%|HC|  |TAMS 0x0000000081a00000| PB 0x0000000081a00000| Complete 
|  27|0x0000000081b00000, 0x0000000081c00000, 0x0000000081c00000|100%|HC|  |TAMS 0x0000000081b00000| PB 0x0000000081b00000| Complete 
|  28|0x0000000081c00000, 0x0000000081d00000, 0x0000000081d00000|100%|HC|  |TAMS 0x0000000081c00000| PB 0x0000000081c00000| Complete 
|  29|0x0000000081d00000, 0x0000000081e00000, 0x0000000081e00000|100%|HC|  |TAMS 0x0000000081d00000| PB 0x0000000081d00000| Complete 
|  30|0x0000000081e00000, 0x0000000081f00000, 0x0000000081f00000|100%|HS|  |TAMS 0x0000000081e00000| PB 0x0000000081e00000| Complete 
|  31|0x0000000081f00000, 0x0000000082000000, 0x0000000082000000|100%|HS|  |TAMS 0x0000000081f00000| PB 0x0000000081f00000| Complete 
|  32|0x0000000082000000, 0x0000000082100000, 0x0000000082100000|100%|HC|  |TAMS 0x0000000082000000| PB 0x0000000082000000| Complete 
|  33|0x0000000082100000, 0x0000000082200000, 0x0000000082200000|100%|HC|  |TAMS 0x0000000082100000| PB 0x0000000082100000| Complete 
|  34|0x0000000082200000, 0x0000000082300000, 0x0000000082300000|100%|HC|  |TAMS 0x0000000082200000| PB 0x0000000082200000| Complete 
|  35|0x0000000082300000, 0x0000000082400000, 0x0000000082400000|100%|HS|  |TAMS 0x0000000082300000| PB 0x0000000082300000| Complete 
|  36|0x0000000082400000, 0x0000000082500000, 0x0000000082500000|100%|HC|  |TAMS 0x0000000082400000| PB 0x0000000082400000| Complete 
|  37|0x0000000082500000, 0x0000000082600000, 0x0000000082600000|100%|HS|  |TAMS 0x0000000082500000| PB 0x0000000082500000| Complete 
|  38|0x0000000082600000, 0x0000000082700000, 0x0000000082700000|100%|HS|  |TAMS 0x0000000082600000| PB 0x0000000082600000| Complete 
|  39|0x0000000082700000, 0x0000000082800000, 0x0000000082800000|100%|HC|  |TAMS 0x0000000082700000| PB 0x0000000082700000| Complete 
|  40|0x0000000082800000, 0x0000000082900000, 0x0000000082900000|100%|HC|  |TAMS 0x0000000082800000| PB 0x0000000082800000| Complete 
|  41|0x0000000082900000, 0x0000000082a00000, 0x0000000082a00000|100%|HC|  |TAMS 0x0000000082900000| PB 0x0000000082900000| Complete 
|  42|0x0000000082a00000, 0x0000000082b00000, 0x0000000082b00000|100%|HC|  |TAMS 0x0000000082a00000| PB 0x0000000082a00000| Complete 
|  43|0x0000000082b00000, 0x0000000082c00000, 0x0000000082c00000|100%|HC|  |TAMS 0x0000000082b00000| PB 0x0000000082b00000| Complete 
|  44|0x0000000082c00000, 0x0000000082d00000, 0x0000000082d00000|100%|HS|  |TAMS 0x0000000082c00000| PB 0x0000000082c00000| Complete 
|  45|0x0000000082d00000, 0x0000000082e00000, 0x0000000082e00000|100%|HS|  |TAMS 0x0000000082d00000| PB 0x0000000082d00000| Complete 
|  46|0x0000000082e00000, 0x0000000082f00000, 0x0000000082f00000|100%|HC|  |TAMS 0x0000000082e00000| PB 0x0000000082e00000| Complete 
|  47|0x0000000082f00000, 0x0000000083000000, 0x0000000083000000|100%|HC|  |TAMS 0x0000000082f00000| PB 0x0000000082f00000| Complete 
|  48|0x0000000083000000, 0x0000000083100000, 0x0000000083100000|100%|HC|  |TAMS 0x0000000083000000| PB 0x0000000083000000| Complete 
|  49|0x0000000083100000, 0x0000000083200000, 0x0000000083200000|100%|HS|  |TAMS 0x0000000083100000| PB 0x0000000083100000| Complete 
|  50|0x0000000083200000, 0x0000000083300000, 0x0000000083300000|100%|HC|  |TAMS 0x0000000083200000| PB 0x0000000083200000| Complete 
|  51|0x0000000083300000, 0x0000000083400000, 0x0000000083400000|100%| O|  |TAMS 0x0000000083300000| PB 0x0000000083300000| Untracked 
|  52|0x0000000083400000, 0x0000000083500000, 0x0000000083500000|100%| O|  |TAMS 0x0000000083400000| PB 0x0000000083400000| Untracked 
|  53|0x0000000083500000, 0x0000000083600000, 0x0000000083600000|100%|HS|  |TAMS 0x0000000083500000| PB 0x0000000083500000| Complete 
|  54|0x0000000083600000, 0x0000000083700000, 0x0000000083700000|100%| O|  |TAMS 0x0000000083600000| PB 0x0000000083600000| Untracked 
|  55|0x0000000083700000, 0x0000000083800000, 0x0000000083800000|100%| O|  |TAMS 0x0000000083700000| PB 0x0000000083700000| Untracked 
|  56|0x0000000083800000, 0x0000000083900000, 0x0000000083900000|100%| O|  |TAMS 0x0000000083800000| PB 0x0000000083800000| Untracked 
|  57|0x0000000083900000, 0x0000000083a00000, 0x0000000083a00000|100%| O|  |TAMS 0x0000000083900000| PB 0x0000000083900000| Untracked 
|  58|0x0000000083a00000, 0x0000000083b00000, 0x0000000083b00000|100%| O|  |TAMS 0x0000000083a00000| PB 0x0000000083a00000| Untracked 
|  59|0x0000000083b00000, 0x0000000083c00000, 0x0000000083c00000|100%| O|  |TAMS 0x0000000083b00000| PB 0x0000000083b00000| Untracked 
|  60|0x0000000083c00000, 0x0000000083d00000, 0x0000000083d00000|100%| O|  |TAMS 0x0000000083c00000| PB 0x0000000083c00000| Untracked 
|  61|0x0000000083d00000, 0x0000000083e00000, 0x0000000083e00000|100%| O|  |TAMS 0x0000000083d00000| PB 0x0000000083d00000| Untracked 
|  62|0x0000000083e00000, 0x0000000083f00000, 0x0000000083f00000|100%| O|  |TAMS 0x0000000083e00000| PB 0x0000000083e00000| Untracked 
|  63|0x0000000083f00000, 0x0000000084000000, 0x0000000084000000|100%| O|  |TAMS 0x0000000083f00000| PB 0x0000000083f00000| Untracked 
|  64|0x0000000084000000, 0x0000000084100000, 0x0000000084100000|100%| O|  |TAMS 0x0000000084000000| PB 0x0000000084000000| Untracked 
|  65|0x0000000084100000, 0x0000000084200000, 0x0000000084200000|100%| O|  |TAMS 0x0000000084100000| PB 0x0000000084100000| Untracked 
|  66|0x0000000084200000, 0x0000000084300000, 0x0000000084300000|100%|HS|  |TAMS 0x0000000084200000| PB 0x0000000084200000| Complete 
|  67|0x0000000084300000, 0x0000000084400000, 0x0000000084400000|100%|HC|  |TAMS 0x0000000084300000| PB 0x0000000084300000| Complete 
|  68|0x0000000084400000, 0x0000000084500000, 0x0000000084500000|100%|HS|  |TAMS 0x0000000084400000| PB 0x0000000084400000| Complete 
|  69|0x0000000084500000, 0x0000000084600000, 0x0000000084600000|100%|HC|  |TAMS 0x0000000084500000| PB 0x0000000084500000| Complete 
|  70|0x0000000084600000, 0x0000000084700000, 0x0000000084700000|100%|HC|  |TAMS 0x0000000084600000| PB 0x0000000084600000| Complete 
|  71|0x0000000084700000, 0x0000000084800000, 0x0000000084800000|100%|HC|  |TAMS 0x0000000084700000| PB 0x0000000084700000| Complete 
|  72|0x0000000084800000, 0x0000000084900000, 0x0000000084900000|100%|HC|  |TAMS 0x0000000084800000| PB 0x0000000084800000| Complete 
|  73|0x0000000084900000, 0x0000000084a00000, 0x0000000084a00000|100%|HC|  |TAMS 0x0000000084900000| PB 0x0000000084900000| Complete 
|  74|0x0000000084a00000, 0x0000000084b00000, 0x0000000084b00000|100%|HS|  |TAMS 0x0000000084a00000| PB 0x0000000084a00000| Complete 
|  75|0x0000000084b00000, 0x0000000084c00000, 0x0000000084c00000|100%|HS|  |TAMS 0x0000000084b00000| PB 0x0000000084b00000| Complete 
|  76|0x0000000084c00000, 0x0000000084d00000, 0x0000000084d00000|100%|HC|  |TAMS 0x0000000084c00000| PB 0x0000000084c00000| Complete 
|  77|0x0000000084d00000, 0x0000000084e00000, 0x0000000084e00000|100%|HC|  |TAMS 0x0000000084d00000| PB 0x0000000084d00000| Complete 
|  78|0x0000000084e00000, 0x0000000084f00000, 0x0000000084f00000|100%|HC|  |TAMS 0x0000000084e00000| PB 0x0000000084e00000| Complete 
|  79|0x0000000084f00000, 0x0000000085000000, 0x0000000085000000|100%|HC|  |TAMS 0x0000000084f00000| PB 0x0000000084f00000| Complete 
|  80|0x0000000085000000, 0x0000000085100000, 0x0000000085100000|100%|HC|  |TAMS 0x0000000085000000| PB 0x0000000085000000| Complete 
|  81|0x0000000085100000, 0x0000000085200000, 0x0000000085200000|100%|HS|  |TAMS 0x0000000085100000| PB 0x0000000085100000| Complete 
|  82|0x0000000085200000, 0x0000000085300000, 0x0000000085300000|100%| O|  |TAMS 0x0000000085200000| PB 0x0000000085200000| Untracked 
|  83|0x0000000085300000, 0x0000000085400000, 0x0000000085400000|100%| O|  |TAMS 0x0000000085300000| PB 0x0000000085300000| Untracked 
|  84|0x0000000085400000, 0x0000000085500000, 0x0000000085500000|100%| O|  |TAMS 0x0000000085400000| PB 0x0000000085400000| Untracked 
|  85|0x0000000085500000, 0x0000000085600000, 0x0000000085600000|100%| O|  |TAMS 0x0000000085500000| PB 0x0000000085500000| Untracked 
|  86|0x0000000085600000, 0x0000000085700000, 0x0000000085700000|100%| O|  |TAMS 0x0000000085600000| PB 0x0000000085600000| Untracked 
|  87|0x0000000085700000, 0x0000000085800000, 0x0000000085800000|100%| O|  |TAMS 0x0000000085700000| PB 0x0000000085700000| Untracked 
|  88|0x0000000085800000, 0x0000000085900000, 0x0000000085900000|100%| O|  |TAMS 0x0000000085800000| PB 0x0000000085800000| Untracked 
|  89|0x0000000085900000, 0x0000000085a00000, 0x0000000085a00000|100%|HS|  |TAMS 0x0000000085900000| PB 0x0000000085900000| Complete 
|  90|0x0000000085a00000, 0x0000000085b00000, 0x0000000085b00000|100%| O|  |TAMS 0x0000000085a00000| PB 0x0000000085a00000| Untracked 
|  91|0x0000000085b00000, 0x0000000085c00000, 0x0000000085c00000|100%| O|  |TAMS 0x0000000085b00000| PB 0x0000000085b00000| Untracked 
|  92|0x0000000085c00000, 0x0000000085d00000, 0x0000000085d00000|100%| O|  |TAMS 0x0000000085c00000| PB 0x0000000085c00000| Untracked 
|  93|0x0000000085d00000, 0x0000000085e00000, 0x0000000085e00000|100%| O|  |TAMS 0x0000000085d00000| PB 0x0000000085d00000| Untracked 
|  94|0x0000000085e00000, 0x0000000085f00000, 0x0000000085f00000|100%| O|  |TAMS 0x0000000085e00000| PB 0x0000000085e00000| Untracked 
|  95|0x0000000085f00000, 0x0000000086000000, 0x0000000086000000|100%| O|  |TAMS 0x0000000085f00000| PB 0x0000000085f00000| Untracked 
|  96|0x0000000086000000, 0x0000000086100000, 0x0000000086100000|100%| O|  |TAMS 0x0000000086000000| PB 0x0000000086000000| Untracked 
|  97|0x0000000086100000, 0x0000000086200000, 0x0000000086200000|100%| O|  |TAMS 0x0000000086100000| PB 0x0000000086100000| Untracked 
|  98|0x0000000086200000, 0x0000000086300000, 0x0000000086300000|100%| O|  |TAMS 0x0000000086200000| PB 0x0000000086200000| Untracked 
|  99|0x0000000086300000, 0x0000000086400000, 0x0000000086400000|100%| O|  |TAMS 0x0000000086300000| PB 0x0000000086300000| Untracked 
| 100|0x0000000086400000, 0x0000000086500000, 0x0000000086500000|100%|HS|  |TAMS 0x0000000086400000| PB 0x0000000086400000| Complete 
| 101|0x0000000086500000, 0x0000000086600000, 0x0000000086600000|100%|HS|  |TAMS 0x0000000086500000| PB 0x0000000086500000| Complete 
| 102|0x0000000086600000, 0x0000000086700000, 0x0000000086700000|100%|HC|  |TAMS 0x0000000086600000| PB 0x0000000086600000| Complete 
| 103|0x0000000086700000, 0x0000000086800000, 0x0000000086800000|100%|HS|  |TAMS 0x0000000086700000| PB 0x0000000086700000| Complete 
| 104|0x0000000086800000, 0x0000000086900000, 0x0000000086900000|100%|HC|  |TAMS 0x0000000086800000| PB 0x0000000086800000| Complete 
| 105|0x0000000086900000, 0x0000000086a00000, 0x0000000086a00000|100%|HS|  |TAMS 0x0000000086900000| PB 0x0000000086900000| Complete 
| 106|0x0000000086a00000, 0x0000000086b00000, 0x0000000086b00000|100%|HS|  |TAMS 0x0000000086a00000| PB 0x0000000086a00000| Complete 
| 107|0x0000000086b00000, 0x0000000086c00000, 0x0000000086c00000|100%|HC|  |TAMS 0x0000000086b00000| PB 0x0000000086b00000| Complete 
| 108|0x0000000086c00000, 0x0000000086d00000, 0x0000000086d00000|100%|HC|  |TAMS 0x0000000086c00000| PB 0x0000000086c00000| Complete 
| 109|0x0000000086d00000, 0x0000000086e00000, 0x0000000086e00000|100%|HS|  |TAMS 0x0000000086d00000| PB 0x0000000086d00000| Complete 
| 110|0x0000000086e00000, 0x0000000086f00000, 0x0000000086f00000|100%|HS|  |TAMS 0x0000000086e00000| PB 0x0000000086e00000| Complete 
| 111|0x0000000086f00000, 0x0000000087000000, 0x0000000087000000|100%| O|  |TAMS 0x0000000086f00000| PB 0x0000000086f00000| Untracked 
| 112|0x0000000087000000, 0x0000000087100000, 0x0000000087100000|100%|HS|  |TAMS 0x0000000087000000| PB 0x0000000087000000| Complete 
| 113|0x0000000087100000, 0x0000000087200000, 0x0000000087200000|100%| O|  |TAMS 0x0000000087100000| PB 0x0000000087100000| Untracked 
| 114|0x0000000087200000, 0x0000000087300000, 0x0000000087300000|100%| O|  |TAMS 0x0000000087200000| PB 0x0000000087200000| Untracked 
| 115|0x0000000087300000, 0x0000000087400000, 0x0000000087400000|100%|HS|  |TAMS 0x0000000087300000| PB 0x0000000087300000| Complete 
| 116|0x0000000087400000, 0x0000000087500000, 0x0000000087500000|100%| O|  |TAMS 0x0000000087400000| PB 0x0000000087400000| Untracked 
| 117|0x0000000087500000, 0x0000000087600000, 0x0000000087600000|100%| O|  |TAMS 0x0000000087500000| PB 0x0000000087500000| Untracked 
| 118|0x0000000087600000, 0x0000000087700000, 0x0000000087700000|100%| O|  |TAMS 0x0000000087600000| PB 0x0000000087600000| Untracked 
| 119|0x0000000087700000, 0x0000000087800000, 0x0000000087800000|100%| O|  |TAMS 0x0000000087700000| PB 0x0000000087700000| Untracked 
| 120|0x0000000087800000, 0x0000000087900000, 0x0000000087900000|100%| O|  |TAMS 0x0000000087800000| PB 0x0000000087800000| Untracked 
| 121|0x0000000087900000, 0x0000000087a00000, 0x0000000087a00000|100%| O|  |TAMS 0x0000000087900000| PB 0x0000000087900000| Untracked 
| 122|0x0000000087a00000, 0x0000000087b00000, 0x0000000087b00000|100%| O|  |TAMS 0x0000000087a00000| PB 0x0000000087a00000| Untracked 
| 123|0x0000000087b00000, 0x0000000087c00000, 0x0000000087c00000|100%| O|  |TAMS 0x0000000087b00000| PB 0x0000000087b00000| Untracked 
| 124|0x0000000087c00000, 0x0000000087d00000, 0x0000000087d00000|100%| O|  |TAMS 0x0000000087c00000| PB 0x0000000087c00000| Untracked 
| 125|0x0000000087d00000, 0x0000000087e00000, 0x0000000087e00000|100%| O|  |TAMS 0x0000000087d00000| PB 0x0000000087d00000| Untracked 
| 126|0x0000000087e00000, 0x0000000087f00000, 0x0000000087f00000|100%|HS|  |TAMS 0x0000000087e00000| PB 0x0000000087e00000| Complete 
| 127|0x0000000087f00000, 0x0000000088000000, 0x0000000088000000|100%|HC|  |TAMS 0x0000000087f00000| PB 0x0000000087f00000| Complete 
| 128|0x0000000088000000, 0x0000000088100000, 0x0000000088100000|100%|HC|  |TAMS 0x0000000088000000| PB 0x0000000088000000| Complete 
| 129|0x0000000088100000, 0x0000000088200000, 0x0000000088200000|100%| O|  |TAMS 0x0000000088100000| PB 0x0000000088100000| Untracked 
| 130|0x0000000088200000, 0x0000000088300000, 0x0000000088300000|100%| O|  |TAMS 0x0000000088200000| PB 0x0000000088200000| Untracked 
| 131|0x0000000088300000, 0x0000000088400000, 0x0000000088400000|100%| O|  |TAMS 0x0000000088300000| PB 0x0000000088300000| Untracked 
| 132|0x0000000088400000, 0x0000000088500000, 0x0000000088500000|100%| O|  |TAMS 0x0000000088400000| PB 0x0000000088400000| Untracked 
| 133|0x0000000088500000, 0x0000000088600000, 0x0000000088600000|100%| O|  |TAMS 0x0000000088500000| PB 0x0000000088500000| Untracked 
| 134|0x0000000088600000, 0x0000000088700000, 0x0000000088700000|100%| O|  |TAMS 0x0000000088600000| PB 0x0000000088600000| Untracked 
| 135|0x0000000088700000, 0x0000000088800000, 0x0000000088800000|100%| O|Cm|TAMS 0x0000000088700000| PB 0x0000000088700000| Complete 
| 136|0x0000000088800000, 0x0000000088900000, 0x0000000088900000|100%| O|  |TAMS 0x0000000088800000| PB 0x0000000088800000| Untracked 
| 137|0x0000000088900000, 0x0000000088a00000, 0x0000000088a00000|100%| O|Cm|TAMS 0x0000000088900000| PB 0x0000000088900000| Complete 
| 138|0x0000000088a00000, 0x0000000088b00000, 0x0000000088b00000|100%| O|Cm|TAMS 0x0000000088a00000| PB 0x0000000088a00000| Complete 
| 139|0x0000000088b00000, 0x0000000088c00000, 0x0000000088c00000|100%| O|  |TAMS 0x0000000088b00000| PB 0x0000000088b00000| Untracked 
| 140|0x0000000088c00000, 0x0000000088d00000, 0x0000000088d00000|100%| O|  |TAMS 0x0000000088c00000| PB 0x0000000088c00000| Untracked 
| 141|0x0000000088d00000, 0x0000000088e00000, 0x0000000088e00000|100%| O|  |TAMS 0x0000000088d00000| PB 0x0000000088d00000| Untracked 
| 142|0x0000000088e00000, 0x0000000088f00000, 0x0000000088f00000|100%| O|  |TAMS 0x0000000088e00000| PB 0x0000000088e00000| Untracked 
| 143|0x0000000088f00000, 0x0000000089000000, 0x0000000089000000|100%| O|  |TAMS 0x0000000088f00000| PB 0x0000000088f00000| Untracked 
| 144|0x0000000089000000, 0x0000000089100000, 0x0000000089100000|100%| O|  |TAMS 0x0000000089000000| PB 0x0000000089000000| Untracked 
| 145|0x0000000089100000, 0x0000000089200000, 0x0000000089200000|100%|HS|  |TAMS 0x0000000089100000| PB 0x0000000089100000| Complete 
| 146|0x0000000089200000, 0x0000000089300000, 0x0000000089300000|100%|HC|  |TAMS 0x0000000089200000| PB 0x0000000089200000| Complete 
| 147|0x0000000089300000, 0x0000000089400000, 0x0000000089400000|100%| O|  |TAMS 0x0000000089300000| PB 0x0000000089300000| Untracked 
| 148|0x0000000089400000, 0x0000000089500000, 0x0000000089500000|100%| O|  |TAMS 0x0000000089400000| PB 0x0000000089400000| Untracked 
| 149|0x0000000089500000, 0x0000000089600000, 0x0000000089600000|100%| O|  |TAMS 0x0000000089500000| PB 0x0000000089500000| Untracked 
| 150|0x0000000089600000, 0x0000000089700000, 0x0000000089700000|100%| O|  |TAMS 0x0000000089600000| PB 0x0000000089600000| Untracked 
| 151|0x0000000089700000, 0x0000000089800000, 0x0000000089800000|100%| O|  |TAMS 0x0000000089700000| PB 0x0000000089700000| Untracked 
| 152|0x0000000089800000, 0x0000000089851f88, 0x0000000089900000| 32%| O|  |TAMS 0x0000000089800000| PB 0x0000000089800000| Untracked 
| 153|0x0000000089900000, 0x0000000089900000, 0x0000000089a00000|  0%| F|  |TAMS 0x0000000089900000| PB 0x0000000089900000| Untracked 
| 154|0x0000000089a00000, 0x0000000089a00000, 0x0000000089b00000|  0%| F|  |TAMS 0x0000000089a00000| PB 0x0000000089a00000| Untracked 
| 155|0x0000000089b00000, 0x0000000089b00000, 0x0000000089c00000|  0%| F|  |TAMS 0x0000000089b00000| PB 0x0000000089b00000| Untracked 
| 156|0x0000000089c00000, 0x0000000089c00000, 0x0000000089d00000|  0%| F|  |TAMS 0x0000000089c00000| PB 0x0000000089c00000| Untracked 
| 157|0x0000000089d00000, 0x0000000089d00000, 0x0000000089e00000|  0%| F|  |TAMS 0x0000000089d00000| PB 0x0000000089d00000| Untracked 
| 158|0x0000000089e00000, 0x0000000089e00000, 0x0000000089f00000|  0%| F|  |TAMS 0x0000000089e00000| PB 0x0000000089e00000| Untracked 
| 159|0x0000000089f00000, 0x0000000089f00000, 0x000000008a000000|  0%| F|  |TAMS 0x0000000089f00000| PB 0x0000000089f00000| Untracked 
| 160|0x000000008a000000, 0x000000008a000000, 0x000000008a100000|  0%| F|  |TAMS 0x000000008a000000| PB 0x000000008a000000| Untracked 
| 161|0x000000008a100000, 0x000000008a100000, 0x000000008a200000|  0%| F|  |TAMS 0x000000008a100000| PB 0x000000008a100000| Untracked 
| 162|0x000000008a200000, 0x000000008a200000, 0x000000008a300000|  0%| F|  |TAMS 0x000000008a200000| PB 0x000000008a200000| Untracked 
| 163|0x000000008a300000, 0x000000008a300000, 0x000000008a400000|  0%| F|  |TAMS 0x000000008a300000| PB 0x000000008a300000| Untracked 
| 164|0x000000008a400000, 0x000000008a400000, 0x000000008a500000|  0%| F|  |TAMS 0x000000008a400000| PB 0x000000008a400000| Untracked 
| 165|0x000000008a500000, 0x000000008a500000, 0x000000008a600000|  0%| F|  |TAMS 0x000000008a500000| PB 0x000000008a500000| Untracked 
| 166|0x000000008a600000, 0x000000008a600000, 0x000000008a700000|  0%| F|  |TAMS 0x000000008a600000| PB 0x000000008a600000| Untracked 
| 167|0x000000008a700000, 0x000000008a700000, 0x000000008a800000|  0%| F|  |TAMS 0x000000008a700000| PB 0x000000008a700000| Untracked 
| 168|0x000000008a800000, 0x000000008a800000, 0x000000008a900000|  0%| F|  |TAMS 0x000000008a800000| PB 0x000000008a800000| Untracked 
| 169|0x000000008a900000, 0x000000008a900000, 0x000000008aa00000|  0%| F|  |TAMS 0x000000008a900000| PB 0x000000008a900000| Untracked 
| 170|0x000000008aa00000, 0x000000008aa00000, 0x000000008ab00000|  0%| F|  |TAMS 0x000000008aa00000| PB 0x000000008aa00000| Untracked 
| 171|0x000000008ab00000, 0x000000008ab00000, 0x000000008ac00000|  0%| F|  |TAMS 0x000000008ab00000| PB 0x000000008ab00000| Untracked 
| 172|0x000000008ac00000, 0x000000008ac00000, 0x000000008ad00000|  0%| F|  |TAMS 0x000000008ac00000| PB 0x000000008ac00000| Untracked 
| 173|0x000000008ad00000, 0x000000008ad00000, 0x000000008ae00000|  0%| F|  |TAMS 0x000000008ad00000| PB 0x000000008ad00000| Untracked 
| 174|0x000000008ae00000, 0x000000008ae00000, 0x000000008af00000|  0%| F|  |TAMS 0x000000008ae00000| PB 0x000000008ae00000| Untracked 
| 175|0x000000008af00000, 0x000000008af00000, 0x000000008b000000|  0%| F|  |TAMS 0x000000008af00000| PB 0x000000008af00000| Untracked 
| 176|0x000000008b000000, 0x000000008b000000, 0x000000008b100000|  0%| F|  |TAMS 0x000000008b000000| PB 0x000000008b000000| Untracked 
| 177|0x000000008b100000, 0x000000008b100000, 0x000000008b200000|  0%| F|  |TAMS 0x000000008b100000| PB 0x000000008b100000| Untracked 
| 178|0x000000008b200000, 0x000000008b200000, 0x000000008b300000|  0%| F|  |TAMS 0x000000008b200000| PB 0x000000008b200000| Untracked 
| 179|0x000000008b300000, 0x000000008b300000, 0x000000008b400000|  0%| F|  |TAMS 0x000000008b300000| PB 0x000000008b300000| Untracked 
| 180|0x000000008b400000, 0x000000008b400000, 0x000000008b500000|  0%| F|  |TAMS 0x000000008b400000| PB 0x000000008b400000| Untracked 
| 181|0x000000008b500000, 0x000000008b500000, 0x000000008b600000|  0%| F|  |TAMS 0x000000008b500000| PB 0x000000008b500000| Untracked 
| 182|0x000000008b600000, 0x000000008b600000, 0x000000008b700000|  0%| F|  |TAMS 0x000000008b600000| PB 0x000000008b600000| Untracked 
| 183|0x000000008b700000, 0x000000008b700000, 0x000000008b800000|  0%| F|  |TAMS 0x000000008b700000| PB 0x000000008b700000| Untracked 
| 184|0x000000008b800000, 0x000000008b800000, 0x000000008b900000|  0%| F|  |TAMS 0x000000008b800000| PB 0x000000008b800000| Untracked 
| 185|0x000000008b900000, 0x000000008b900000, 0x000000008ba00000|  0%| F|  |TAMS 0x000000008b900000| PB 0x000000008b900000| Untracked 
| 186|0x000000008ba00000, 0x000000008ba00000, 0x000000008bb00000|  0%| F|  |TAMS 0x000000008ba00000| PB 0x000000008ba00000| Untracked 
| 187|0x000000008bb00000, 0x000000008bb00000, 0x000000008bc00000|  0%| F|  |TAMS 0x000000008bb00000| PB 0x000000008bb00000| Untracked 
| 188|0x000000008bc00000, 0x000000008bc00000, 0x000000008bd00000|  0%| F|  |TAMS 0x000000008bc00000| PB 0x000000008bc00000| Untracked 
| 189|0x000000008bd00000, 0x000000008bd48b58, 0x000000008be00000| 28%| S|CS|TAMS 0x000000008bd00000| PB 0x000000008bd00000| Complete 
| 190|0x000000008be00000, 0x000000008bf00000, 0x000000008bf00000|100%| S|CS|TAMS 0x000000008be00000| PB 0x000000008be00000| Complete 
| 191|0x000000008bf00000, 0x000000008c000000, 0x000000008c000000|100%| S|CS|TAMS 0x000000008bf00000| PB 0x000000008bf00000| Complete 
| 192|0x000000008c000000, 0x000000008c100000, 0x000000008c100000|100%| S|CS|TAMS 0x000000008c000000| PB 0x000000008c000000| Complete 
| 193|0x000000008c100000, 0x000000008c200000, 0x000000008c200000|100%| S|CS|TAMS 0x000000008c100000| PB 0x000000008c100000| Complete 
| 194|0x000000008c200000, 0x000000008c300000, 0x000000008c300000|100%| S|CS|TAMS 0x000000008c200000| PB 0x000000008c200000| Complete 
| 195|0x000000008c300000, 0x000000008c300000, 0x000000008c400000|  0%| F|  |TAMS 0x000000008c300000| PB 0x000000008c300000| Untracked 
| 196|0x000000008c400000, 0x000000008c400000, 0x000000008c500000|  0%| F|  |TAMS 0x000000008c400000| PB 0x000000008c400000| Untracked 
| 197|0x000000008c500000, 0x000000008c500000, 0x000000008c600000|  0%| F|  |TAMS 0x000000008c500000| PB 0x000000008c500000| Untracked 
| 198|0x000000008c600000, 0x000000008c600000, 0x000000008c700000|  0%| F|  |TAMS 0x000000008c600000| PB 0x000000008c600000| Untracked 
| 199|0x000000008c700000, 0x000000008c700000, 0x000000008c800000|  0%| F|  |TAMS 0x000000008c700000| PB 0x000000008c700000| Untracked 
| 200|0x000000008c800000, 0x000000008c800000, 0x000000008c900000|  0%| F|  |TAMS 0x000000008c800000| PB 0x000000008c800000| Untracked 
| 201|0x000000008c900000, 0x000000008c900000, 0x000000008ca00000|  0%| F|  |TAMS 0x000000008c900000| PB 0x000000008c900000| Untracked 
| 202|0x000000008ca00000, 0x000000008ca00000, 0x000000008cb00000|  0%| F|  |TAMS 0x000000008ca00000| PB 0x000000008ca00000| Untracked 
| 203|0x000000008cb00000, 0x000000008cb00000, 0x000000008cc00000|  0%| F|  |TAMS 0x000000008cb00000| PB 0x000000008cb00000| Untracked 
| 204|0x000000008cc00000, 0x000000008cc00000, 0x000000008cd00000|  0%| F|  |TAMS 0x000000008cc00000| PB 0x000000008cc00000| Untracked 
| 205|0x000000008cd00000, 0x000000008cd00000, 0x000000008ce00000|  0%| F|  |TAMS 0x000000008cd00000| PB 0x000000008cd00000| Untracked 
| 206|0x000000008ce00000, 0x000000008ce00000, 0x000000008cf00000|  0%| F|  |TAMS 0x000000008ce00000| PB 0x000000008ce00000| Untracked 
| 207|0x000000008cf00000, 0x000000008cf00000, 0x000000008d000000|  0%| F|  |TAMS 0x000000008cf00000| PB 0x000000008cf00000| Untracked 
| 208|0x000000008d000000, 0x000000008d000000, 0x000000008d100000|  0%| F|  |TAMS 0x000000008d000000| PB 0x000000008d000000| Untracked 
| 209|0x000000008d100000, 0x000000008d100000, 0x000000008d200000|  0%| F|  |TAMS 0x000000008d100000| PB 0x000000008d100000| Untracked 
| 210|0x000000008d200000, 0x000000008d200000, 0x000000008d300000|  0%| F|  |TAMS 0x000000008d200000| PB 0x000000008d200000| Untracked 
| 211|0x000000008d300000, 0x000000008d300000, 0x000000008d400000|  0%| F|  |TAMS 0x000000008d300000| PB 0x000000008d300000| Untracked 
| 212|0x000000008d400000, 0x000000008d400000, 0x000000008d500000|  0%| F|  |TAMS 0x000000008d400000| PB 0x000000008d400000| Untracked 
| 213|0x000000008d500000, 0x000000008d500000, 0x000000008d600000|  0%| F|  |TAMS 0x000000008d500000| PB 0x000000008d500000| Untracked 
| 214|0x000000008d600000, 0x000000008d600000, 0x000000008d700000|  0%| F|  |TAMS 0x000000008d600000| PB 0x000000008d600000| Untracked 
| 215|0x000000008d700000, 0x000000008d700000, 0x000000008d800000|  0%| F|  |TAMS 0x000000008d700000| PB 0x000000008d700000| Untracked 
| 216|0x000000008d800000, 0x000000008d800000, 0x000000008d900000|  0%| F|  |TAMS 0x000000008d800000| PB 0x000000008d800000| Untracked 
| 217|0x000000008d900000, 0x000000008d900000, 0x000000008da00000|  0%| F|  |TAMS 0x000000008d900000| PB 0x000000008d900000| Untracked 
| 218|0x000000008da00000, 0x000000008da00000, 0x000000008db00000|  0%| F|  |TAMS 0x000000008da00000| PB 0x000000008da00000| Untracked 
| 219|0x000000008db00000, 0x000000008db00000, 0x000000008dc00000|  0%| F|  |TAMS 0x000000008db00000| PB 0x000000008db00000| Untracked 
| 220|0x000000008dc00000, 0x000000008dc00000, 0x000000008dd00000|  0%| F|  |TAMS 0x000000008dc00000| PB 0x000000008dc00000| Untracked 
| 221|0x000000008dd00000, 0x000000008dd00000, 0x000000008de00000|  0%| F|  |TAMS 0x000000008dd00000| PB 0x000000008dd00000| Untracked 
| 222|0x000000008de00000, 0x000000008de00000, 0x000000008df00000|  0%| F|  |TAMS 0x000000008de00000| PB 0x000000008de00000| Untracked 
| 223|0x000000008df00000, 0x000000008df00000, 0x000000008e000000|  0%| F|  |TAMS 0x000000008df00000| PB 0x000000008df00000| Untracked 
| 224|0x000000008e000000, 0x000000008e000000, 0x000000008e100000|  0%| F|  |TAMS 0x000000008e000000| PB 0x000000008e000000| Untracked 
| 225|0x000000008e100000, 0x000000008e100000, 0x000000008e200000|  0%| F|  |TAMS 0x000000008e100000| PB 0x000000008e100000| Untracked 
| 226|0x000000008e200000, 0x000000008e200000, 0x000000008e300000|  0%| F|  |TAMS 0x000000008e200000| PB 0x000000008e200000| Untracked 
| 227|0x000000008e300000, 0x000000008e300000, 0x000000008e400000|  0%| F|  |TAMS 0x000000008e300000| PB 0x000000008e300000| Untracked 
| 228|0x000000008e400000, 0x000000008e400000, 0x000000008e500000|  0%| F|  |TAMS 0x000000008e400000| PB 0x000000008e400000| Untracked 
| 229|0x000000008e500000, 0x000000008e500000, 0x000000008e600000|  0%| F|  |TAMS 0x000000008e500000| PB 0x000000008e500000| Untracked 
| 230|0x000000008e600000, 0x000000008e600000, 0x000000008e700000|  0%| F|  |TAMS 0x000000008e600000| PB 0x000000008e600000| Untracked 
| 231|0x000000008e700000, 0x000000008e700000, 0x000000008e800000|  0%| F|  |TAMS 0x000000008e700000| PB 0x000000008e700000| Untracked 
| 232|0x000000008e800000, 0x000000008e800000, 0x000000008e900000|  0%| F|  |TAMS 0x000000008e800000| PB 0x000000008e800000| Untracked 
| 233|0x000000008e900000, 0x000000008e900000, 0x000000008ea00000|  0%| F|  |TAMS 0x000000008e900000| PB 0x000000008e900000| Untracked 
| 234|0x000000008ea00000, 0x000000008ea00000, 0x000000008eb00000|  0%| F|  |TAMS 0x000000008ea00000| PB 0x000000008ea00000| Untracked 
| 235|0x000000008eb00000, 0x000000008eb00000, 0x000000008ec00000|  0%| F|  |TAMS 0x000000008eb00000| PB 0x000000008eb00000| Untracked 
| 236|0x000000008ec00000, 0x000000008ec00000, 0x000000008ed00000|  0%| F|  |TAMS 0x000000008ec00000| PB 0x000000008ec00000| Untracked 
| 237|0x000000008ed00000, 0x000000008ed00000, 0x000000008ee00000|  0%| F|  |TAMS 0x000000008ed00000| PB 0x000000008ed00000| Untracked 
| 238|0x000000008ee00000, 0x000000008ee00000, 0x000000008ef00000|  0%| F|  |TAMS 0x000000008ee00000| PB 0x000000008ee00000| Untracked 
| 239|0x000000008ef00000, 0x000000008ef00000, 0x000000008f000000|  0%| F|  |TAMS 0x000000008ef00000| PB 0x000000008ef00000| Untracked 
| 240|0x000000008f000000, 0x000000008f000000, 0x000000008f100000|  0%| F|  |TAMS 0x000000008f000000| PB 0x000000008f000000| Untracked 
| 241|0x000000008f100000, 0x000000008f100000, 0x000000008f200000|  0%| F|  |TAMS 0x000000008f100000| PB 0x000000008f100000| Untracked 
| 242|0x000000008f200000, 0x000000008f200000, 0x000000008f300000|  0%| F|  |TAMS 0x000000008f200000| PB 0x000000008f200000| Untracked 
| 243|0x000000008f300000, 0x000000008f300000, 0x000000008f400000|  0%| F|  |TAMS 0x000000008f300000| PB 0x000000008f300000| Untracked 
| 244|0x000000008f400000, 0x000000008f480000, 0x000000008f500000| 50%| E|  |TAMS 0x000000008f400000| PB 0x000000008f400000| Complete 
| 245|0x000000008f500000, 0x000000008f600000, 0x000000008f600000|100%| E|CS|TAMS 0x000000008f500000| PB 0x000000008f500000| Complete 
| 246|0x000000008f600000, 0x000000008f700000, 0x000000008f700000|100%| E|CS|TAMS 0x000000008f600000| PB 0x000000008f600000| Complete 
| 247|0x000000008f700000, 0x000000008f800000, 0x000000008f800000|100%| E|CS|TAMS 0x000000008f700000| PB 0x000000008f700000| Complete 
| 248|0x000000008f800000, 0x000000008f900000, 0x000000008f900000|100%| E|CS|TAMS 0x000000008f800000| PB 0x000000008f800000| Complete 
| 249|0x000000008f900000, 0x000000008fa00000, 0x000000008fa00000|100%| E|CS|TAMS 0x000000008f900000| PB 0x000000008f900000| Complete 
| 250|0x000000008fa00000, 0x000000008fb00000, 0x000000008fb00000|100%| E|CS|TAMS 0x000000008fa00000| PB 0x000000008fa00000| Complete 
| 251|0x000000008fb00000, 0x000000008fc00000, 0x000000008fc00000|100%| E|CS|TAMS 0x000000008fb00000| PB 0x000000008fb00000| Complete 
| 252|0x000000008fc00000, 0x000000008fd00000, 0x000000008fd00000|100%| E|CS|TAMS 0x000000008fc00000| PB 0x000000008fc00000| Complete 
| 253|0x000000008fd00000, 0x000000008fe00000, 0x000000008fe00000|100%| E|CS|TAMS 0x000000008fd00000| PB 0x000000008fd00000| Complete 
| 254|0x000000008fe00000, 0x000000008ff00000, 0x000000008ff00000|100%| E|CS|TAMS 0x000000008fe00000| PB 0x000000008fe00000| Complete 
| 255|0x000000008ff00000, 0x0000000090000000, 0x0000000090000000|100%| E|CS|TAMS 0x000000008ff00000| PB 0x000000008ff00000| Complete 
| 256|0x0000000090000000, 0x0000000090100000, 0x0000000090100000|100%| E|CS|TAMS 0x0000000090000000| PB 0x0000000090000000| Complete 
|2040|0x00000000ff800000, 0x00000000ff900000, 0x00000000ff900000|100%| O|  |TAMS 0x00000000ff800000| PB 0x00000000ff800000| Untracked 
|2041|0x00000000ff900000, 0x00000000ffa00000, 0x00000000ffa00000|100%| O|  |TAMS 0x00000000ff900000| PB 0x00000000ff900000| Untracked 
|2042|0x00000000ffa00000, 0x00000000ffb00000, 0x00000000ffb00000|100%| E|CS|TAMS 0x00000000ffa00000| PB 0x00000000ffa00000| Complete 
|2043|0x00000000ffb00000, 0x00000000ffc00000, 0x00000000ffc00000|100%| E|CS|TAMS 0x00000000ffb00000| PB 0x00000000ffb00000| Complete 
|2044|0x00000000ffc00000, 0x00000000ffd00000, 0x00000000ffd00000|100%| O|  |TAMS 0x00000000ffc00000| PB 0x00000000ffc00000| Untracked 
|2045|0x00000000ffd00000, 0x00000000ffe00000, 0x00000000ffe00000|100%| E|CS|TAMS 0x00000000ffd00000| PB 0x00000000ffd00000| Complete 
|2046|0x00000000ffe00000, 0x00000000fff00000, 0x00000000fff00000|100%| O|  |TAMS 0x00000000ffe00000| PB 0x00000000ffe00000| Untracked 
|2047|0x00000000fff00000, 0x0000000100000000, 0x0000000100000000|100%| E|CS|TAMS 0x00000000fff00000| PB 0x00000000fff00000| Complete 

Card table byte_map: [0x00000232e1230000,0x00000232e1630000] _byte_map_base: 0x00000232e0e30000

Marking Bits: (CMBitMap*) 0x00000232cca6e700
 Bits: [0x00000232e1630000, 0x00000232e3630000)

Polling page: 0x00000232ccb00000

Metaspace:

Usage:
  Non-class:     99.07 MB used.
      Class:     15.61 MB used.
       Both:    114.67 MB used.

Virtual space:
  Non-class space:      128.00 MB reserved,     100.19 MB ( 78%) committed,  2 nodes.
      Class space:        1.00 GB reserved,      16.69 MB (  2%) committed,  1 nodes.
             Both:        1.12 GB reserved,     116.88 MB ( 10%) committed. 

Chunk freelists:
   Non-Class:  11.22 MB
       Class:  15.20 MB
        Both:  26.42 MB

MaxMetaspaceSize: unlimited
CompressedClassSpaceSize: 1.00 GB
Initial GC threshold: 21.00 MB
Current GC threshold: 194.81 MB
CDS: off
 - commit_granule_bytes: 65536.
 - commit_granule_words: 8192.
 - virtual_space_node_default_size: 8388608.
 - enlarge_chunks_in_place: 1.
 - use_allocation_guard: 0.


Internal statistics:

num_allocs_failed_limit: 6.
num_arena_births: 4366.
num_arena_deaths: 0.
num_vsnodes_births: 3.
num_vsnodes_deaths: 0.
num_space_committed: 1869.
num_space_uncommitted: 0.
num_chunks_returned_to_freelist: 6.
num_chunks_taken_from_freelist: 9403.
num_chunk_merges: 6.
num_chunk_splits: 6192.
num_chunks_enlarged: 3911.
num_inconsistent_stats: 0.

CodeHeap 'non-profiled nmethods': size=120000Kb used=6719Kb max_used=6755Kb free=113280Kb
 bounds [0x00000232d9900000, 0x00000232d9fa0000, 0x00000232e0e30000]
CodeHeap 'profiled nmethods': size=120000Kb used=19260Kb max_used=19564Kb free=100740Kb
 bounds [0x00000232d1e30000, 0x00000232d3150000, 0x00000232d9360000]
CodeHeap 'non-nmethods': size=5760Kb used=3169Kb max_used=3218Kb free=2590Kb
 bounds [0x00000232d9360000, 0x00000232d9690000, 0x00000232d9900000]
 total_blobs=11393 nmethods=10387 adapters=909
 compilation: enabled
              stopped_count=0, restarted_count=0
 full_count=0

Compilation events (20 events):
Event: 118.226 Thread 0x00000232ea06e1c0 nmethod 12329 0x00000232d9cee790 code [0x00000232d9cee920, 0x00000232d9cee9e8]
Event: 118.226 Thread 0x00000232ea06e1c0 12330       1       java.lang.management.DefaultPlatformMBeanProvider$1::mbeanInterfaceNames (5 bytes)
Event: 118.226 Thread 0x00000232ea06e1c0 nmethod 12330 0x00000232d9cee410 code [0x00000232d9cee5a0, 0x00000232d9cee668]
Event: 118.833 Thread 0x00000232ea06e1c0 12331       3       jdk.internal.misc.Unsafe::freeMemory (18 bytes)
Event: 118.833 Thread 0x00000232ea06e1c0 nmethod 12331 0x00000232d29abd10 code [0x00000232d29abee0, 0x00000232d29ac1c0]
Event: 119.054 Thread 0x00000232ea06e1c0 12332       3       sun.nio.fs.NativeBuffer::free (10 bytes)
Event: 119.054 Thread 0x00000232ea06e1c0 nmethod 12332 0x00000232d26c3110 code [0x00000232d26c3300, 0x00000232d26c36e0]
Event: 119.054 Thread 0x00000232ea06e1c0 12333       3       sun.nio.fs.NativeBuffer$Deallocator::run (11 bytes)
Event: 119.055 Thread 0x00000232ea06e1c0 nmethod 12333 0x00000232d20c0990 code [0x00000232d20c0b60, 0x00000232d20c0e80]
Event: 119.213 Thread 0x00000232ea06e1c0 12334       1       java.lang.management.DefaultPlatformMBeanProvider$2::mbeanInterfaceNames (5 bytes)
Event: 119.213 Thread 0x00000232ea06e1c0 nmethod 12334 0x00000232d9c1e890 code [0x00000232d9c1ea20, 0x00000232d9c1eae8]
Event: 119.213 Thread 0x00000232ea06e1c0 12335       1       java.lang.management.DefaultPlatformMBeanProvider$9::mbeanInterfaceNames (5 bytes)
Event: 119.213 Thread 0x00000232ea06e1c0 nmethod 12335 0x00000232d9c1e390 code [0x00000232d9c1e520, 0x00000232d9c1e5e8]
Event: 119.213 Thread 0x00000232ea06e1c0 12336       1       com.sun.management.internal.PlatformMBeanProviderImpl$5::mbeanInterfaceNames (5 bytes)
Event: 119.213 Thread 0x00000232ea06e1c0 nmethod 12336 0x00000232d9b1d490 code [0x00000232d9b1d620, 0x00000232d9b1d6e8]
Event: 119.213 Thread 0x00000232ea06e1c0 12337       1       com.sun.management.internal.PlatformMBeanProviderImpl$1::mbeanInterfaceNames (5 bytes)
Event: 119.213 Thread 0x00000232ea06e1c0 nmethod 12337 0x00000232d9b1d190 code [0x00000232d9b1d320, 0x00000232d9b1d3e8]
Event: 119.762 Thread 0x00000232ea068210 12338   !   4       org.gradle.launcher.daemon.server.exec.DaemonConnectionBackedEventConsumer$ForwardEvents::getNextEvent (27 bytes)
Event: 119.777 Thread 0x00000232ea068210 nmethod 12338 0x00000232d9d68990 code [0x00000232d9d68c20, 0x00000232d9d69868]
Event: 121.549 Thread 0x00000232ea068210 12339   !   4       java.nio.file.Files::walkFileTree (297 bytes)

GC Heap History (20 events):
Event: 71.995 GC heap before
{Heap before GC invocations=37 (full 0):
 garbage-first heap   total 224256K, used 171087K [0x0000000080000000, 0x0000000100000000)
  region size 1024K, 40 young (40960K), 4 survivors (4096K)
 Metaspace       used 88214K, committed 90176K, reserved 1179648K
  class space    used 11958K, committed 12928K, reserved 1048576K
}
Event: 72.003 GC heap after
{Heap after GC invocations=38 (full 0):
 garbage-first heap   total 224256K, used 133217K [0x0000000080000000, 0x0000000100000000)
  region size 1024K, 5 young (5120K), 5 survivors (5120K)
 Metaspace       used 88214K, committed 90176K, reserved 1179648K
  class space    used 11958K, committed 12928K, reserved 1048576K
}
Event: 76.092 GC heap before
{Heap before GC invocations=38 (full 0):
 garbage-first heap   total 224256K, used 191585K [0x0000000080000000, 0x0000000100000000)
  region size 1024K, 63 young (64512K), 5 survivors (5120K)
 Metaspace       used 93830K, committed 95872K, reserved 1179648K
  class space    used 12677K, committed 13696K, reserved 1048576K
}
Event: 76.105 GC heap after
{Heap after GC invocations=39 (full 0):
 garbage-first heap   total 224256K, used 135606K [0x0000000080000000, 0x0000000100000000)
  region size 1024K, 7 young (7168K), 7 survivors (7168K)
 Metaspace       used 93830K, committed 95872K, reserved 1179648K
  class space    used 12677K, committed 13696K, reserved 1048576K
}
Event: 76.127 GC heap before
{Heap before GC invocations=39 (full 0):
 garbage-first heap   total 224256K, used 135606K [0x0000000080000000, 0x0000000100000000)
  region size 1024K, 8 young (8192K), 7 survivors (7168K)
 Metaspace       used 93878K, committed 95936K, reserved 1179648K
  class space    used 12683K, committed 13696K, reserved 1048576K
}
Event: 76.134 GC heap after
{Heap after GC invocations=40 (full 0):
 garbage-first heap   total 224256K, used 135836K [0x0000000080000000, 0x0000000100000000)
  region size 1024K, 4 young (4096K), 4 survivors (4096K)
 Metaspace       used 93878K, committed 95936K, reserved 1179648K
  class space    used 12683K, committed 13696K, reserved 1048576K
}
Event: 78.114 GC heap before
{Heap before GC invocations=41 (full 0):
 garbage-first heap   total 234496K, used 201372K [0x0000000080000000, 0x0000000100000000)
  region size 1024K, 65 young (66560K), 4 survivors (4096K)
 Metaspace       used 98245K, committed 100352K, reserved 1179648K
  class space    used 13318K, committed 14336K, reserved 1048576K
}
Event: 78.121 GC heap after
{Heap after GC invocations=42 (full 0):
 garbage-first heap   total 234496K, used 141509K [0x0000000080000000, 0x0000000100000000)
  region size 1024K, 6 young (6144K), 6 survivors (6144K)
 Metaspace       used 98245K, committed 100352K, reserved 1179648K
  class space    used 13318K, committed 14336K, reserved 1048576K
}
Event: 79.184 GC heap before
{Heap before GC invocations=42 (full 0):
 garbage-first heap   total 234496K, used 208069K [0x0000000080000000, 0x0000000100000000)
  region size 1024K, 71 young (72704K), 6 survivors (6144K)
 Metaspace       used 101512K, committed 103616K, reserved 1179648K
  class space    used 13756K, committed 14784K, reserved 1048576K
}
Event: 79.199 GC heap after
{Heap after GC invocations=43 (full 0):
 garbage-first heap   total 234496K, used 147219K [0x0000000080000000, 0x0000000100000000)
  region size 1024K, 9 young (9216K), 9 survivors (9216K)
 Metaspace       used 101512K, committed 103616K, reserved 1179648K
  class space    used 13756K, committed 14784K, reserved 1048576K
}
Event: 79.455 GC heap before
{Heap before GC invocations=43 (full 0):
 garbage-first heap   total 234496K, used 155411K [0x0000000080000000, 0x0000000100000000)
  region size 1024K, 18 young (18432K), 9 survivors (9216K)
 Metaspace       used 102082K, committed 104256K, reserved 1179648K
  class space    used 13833K, committed 14912K, reserved 1048576K
}
Event: 79.465 GC heap after
{Heap after GC invocations=44 (full 0):
 garbage-first heap   total 234496K, used 148093K [0x0000000080000000, 0x0000000100000000)
  region size 1024K, 2 young (2048K), 2 survivors (2048K)
 Metaspace       used 102082K, committed 104256K, reserved 1179648K
  class space    used 13833K, committed 14912K, reserved 1048576K
}
Event: 82.995 GC heap before
{Heap before GC invocations=45 (full 0):
 garbage-first heap   total 250880K, used 214653K [0x0000000080000000, 0x0000000100000000)
  region size 1024K, 66 young (67584K), 2 survivors (2048K)
 Metaspace       used 107037K, committed 109184K, reserved 1179648K
  class space    used 14674K, committed 15744K, reserved 1048576K
}
Event: 83.002 GC heap after
{Heap after GC invocations=46 (full 0):
 garbage-first heap   total 250880K, used 149206K [0x0000000080000000, 0x0000000100000000)
  region size 1024K, 3 young (3072K), 3 survivors (3072K)
 Metaspace       used 107037K, committed 109184K, reserved 1179648K
  class space    used 14674K, committed 15744K, reserved 1048576K
}
Event: 105.798 GC heap before
{Heap before GC invocations=46 (full 0):
 garbage-first heap   total 250880K, used 233174K [0x0000000080000000, 0x0000000100000000)
  region size 1024K, 79 young (80896K), 3 survivors (3072K)
 Metaspace       used 114215K, committed 116416K, reserved 1179648K
  class space    used 15519K, committed 16576K, reserved 1048576K
}
Event: 106.015 GC heap after
{Heap after GC invocations=47 (full 0):
 garbage-first heap   total 250880K, used 156604K [0x0000000080000000, 0x0000000100000000)
  region size 1024K, 9 young (9216K), 9 survivors (9216K)
 Metaspace       used 114215K, committed 116416K, reserved 1179648K
  class space    used 15519K, committed 16576K, reserved 1048576K
}
Event: 114.041 GC heap before
{Heap before GC invocations=47 (full 0):
 garbage-first heap   total 250880K, used 226236K [0x0000000080000000, 0x0000000100000000)
  region size 1024K, 78 young (79872K), 9 survivors (9216K)
 Metaspace       used 117425K, committed 119680K, reserved 1179648K
  class space    used 15980K, committed 17088K, reserved 1048576K
}
Event: 114.066 GC heap after
{Heap after GC invocations=48 (full 0):
 garbage-first heap   total 250880K, used 162765K [0x0000000080000000, 0x0000000100000000)
  region size 1024K, 6 young (6144K), 6 survivors (6144K)
 Metaspace       used 117425K, committed 119680K, reserved 1179648K
  class space    used 15980K, committed 17088K, reserved 1048576K
}
Event: 121.107 GC heap before
{Heap before GC invocations=49 (full 0):
 garbage-first heap   total 271360K, used 230349K [0x0000000080000000, 0x0000000100000000)
  region size 1024K, 72 young (73728K), 6 survivors (6144K)
 Metaspace       used 117425K, committed 119680K, reserved 1179648K
  class space    used 15980K, committed 17088K, reserved 1048576K
}
Event: 121.123 GC heap after
{Heap after GC invocations=50 (full 0):
 garbage-first heap   total 271360K, used 165482K [0x0000000080000000, 0x0000000100000000)
  region size 1024K, 6 young (6144K), 6 survivors (6144K)
 Metaspace       used 117425K, committed 119680K, reserved 1179648K
  class space    used 15980K, committed 17088K, reserved 1048576K
}

Dll operation events (3 events):
Event: 0.010 Loaded shared library D:\android\jbr\bin\java.dll
Event: 0.016 Loaded shared library D:\android\jbr\bin\zip.dll
Event: 0.662 Loaded shared library D:\android\jbr\bin\verify.dll

Deoptimization events (20 events):
Event: 111.441 Thread 0x00000232ebc7f4c0 DEOPT PACKING pc=0x00000232d998ebb0 sp=0x0000003d691f5d30
Event: 111.442 Thread 0x00000232ebc7f4c0 DEOPT UNPACKING pc=0x00000232d93b7da2 sp=0x0000003d691f5ca8 mode 2
Event: 112.389 Thread 0x00000232ebc7f4c0 DEOPT PACKING pc=0x00000232d314ab82 sp=0x0000003d691f5d50
Event: 112.389 Thread 0x00000232ebc7f4c0 DEOPT UNPACKING pc=0x00000232d93b88e2 sp=0x0000003d691f5218 mode 0
Event: 113.637 Thread 0x00000232ebc7f4c0 Uncommon trap: trap_request=0xffffffbe fr.pc=0x00000232d9f8dbf0 relative=0x0000000000001ad0
Event: 113.637 Thread 0x00000232ebc7f4c0 Uncommon trap: reason=profile_predicate action=maybe_recompile pc=0x00000232d9f8dbf0 method=com.google.common.collect.MapMakerInternalMap$Segment.expand()V @ 56 c2
Event: 113.637 Thread 0x00000232ebc7f4c0 DEOPT PACKING pc=0x00000232d9f8dbf0 sp=0x0000003d691f62d0
Event: 113.637 Thread 0x00000232ebc7f4c0 DEOPT UNPACKING pc=0x00000232d93b7da2 sp=0x0000003d691f6278 mode 2
Event: 113.637 Thread 0x00000232ebc7f4c0 Uncommon trap: trap_request=0xffffffbe fr.pc=0x00000232d9f8dbf0 relative=0x0000000000001ad0
Event: 113.637 Thread 0x00000232ebc7f4c0 Uncommon trap: reason=profile_predicate action=maybe_recompile pc=0x00000232d9f8dbf0 method=com.google.common.collect.MapMakerInternalMap$Segment.expand()V @ 56 c2
Event: 113.637 Thread 0x00000232ebc7f4c0 DEOPT PACKING pc=0x00000232d9f8dbf0 sp=0x0000003d691f62d0
Event: 113.638 Thread 0x00000232ebc7f4c0 DEOPT UNPACKING pc=0x00000232d93b7da2 sp=0x0000003d691f6278 mode 2
Event: 113.639 Thread 0x00000232ebc7f4c0 Uncommon trap: trap_request=0xffffffbe fr.pc=0x00000232d9f8dbf0 relative=0x0000000000001ad0
Event: 113.639 Thread 0x00000232ebc7f4c0 Uncommon trap: reason=profile_predicate action=maybe_recompile pc=0x00000232d9f8dbf0 method=com.google.common.collect.MapMakerInternalMap$Segment.expand()V @ 56 c2
Event: 113.639 Thread 0x00000232ebc7f4c0 DEOPT PACKING pc=0x00000232d9f8dbf0 sp=0x0000003d691f62d0
Event: 113.639 Thread 0x00000232ebc7f4c0 DEOPT UNPACKING pc=0x00000232d93b7da2 sp=0x0000003d691f6278 mode 2
Event: 113.714 Thread 0x00000232ebc7f4c0 Uncommon trap: trap_request=0xffffffbe fr.pc=0x00000232d9f8dbf0 relative=0x0000000000001ad0
Event: 113.714 Thread 0x00000232ebc7f4c0 Uncommon trap: reason=profile_predicate action=maybe_recompile pc=0x00000232d9f8dbf0 method=com.google.common.collect.MapMakerInternalMap$Segment.expand()V @ 56 c2
Event: 113.714 Thread 0x00000232ebc7f4c0 DEOPT PACKING pc=0x00000232d9f8dbf0 sp=0x0000003d691f62d0
Event: 113.714 Thread 0x00000232ebc7f4c0 DEOPT UNPACKING pc=0x00000232d93b7da2 sp=0x0000003d691f6278 mode 2

Classes loaded (20 events):
Event: 101.909 Loading class java/util/TreeMap$NavigableSubMap done
Event: 101.910 Loading class java/util/TreeMap$AscendingSubMap done
Event: 101.913 Loading class java/util/TreeMap$NavigableSubMap$SubMapKeyIterator
Event: 101.913 Loading class java/util/TreeMap$NavigableSubMap$SubMapIterator
Event: 101.918 Loading class java/util/TreeMap$NavigableSubMap$SubMapIterator done
Event: 101.918 Loading class java/util/TreeMap$NavigableSubMap$SubMapKeyIterator done
Event: 104.183 Loading class java/util/stream/ReduceOps$5
Event: 104.183 Loading class java/util/stream/ReduceOps$5 done
Event: 104.183 Loading class java/util/stream/ReduceOps$CountingSink$OfRef
Event: 104.183 Loading class java/util/stream/ReduceOps$CountingSink
Event: 104.183 Loading class java/util/stream/ReduceOps$CountingSink done
Event: 104.183 Loading class java/util/stream/ReduceOps$CountingSink$OfRef done
Event: 108.115 Loading class java/util/TreeMap$KeySpliterator
Event: 108.116 Loading class java/util/TreeMap$TreeMapSpliterator
Event: 108.116 Loading class java/util/TreeMap$TreeMapSpliterator done
Event: 108.116 Loading class java/util/TreeMap$KeySpliterator done
Event: 109.310 Loading class java/io/PushbackInputStream
Event: 109.311 Loading class java/io/PushbackInputStream done
Event: 109.906 Loading class java/util/AbstractList$ListItr
Event: 109.907 Loading class java/util/AbstractList$ListItr done

Classes unloaded (0 events):
No events

Classes redefined (0 events):
No events

Internal exceptions (20 events):
Event: 101.898 Thread 0x00000232f5561f70 Implicit null exception at 0x00000232d9c62f8b to 0x00000232d9c63050
Event: 101.899 Thread 0x00000232f5561f70 Implicit null exception at 0x00000232d9e7c26e to 0x00000232d9e7c938
Event: 101.919 Thread 0x00000232ebc7f4c0 Exception <a 'java/lang/NoSuchMethodError'{0x000000008a9c0568}: 'void java.lang.invoke.DirectMethodHandle$Holder.invokeSpecial(java.lang.Object, java.lang.Object, java.lang.Object, java.lang.Object, java.lang.Object, java.lang.Object, java.lang.Object, java.lang.Object, java.lang.Object)'> (0x000000008a9c0568) 
thrown [s\src\hotspot\share\interpreter\linkResolver.cpp, line 784]
Event: 102.835 Thread 0x00000232ebd8f980 Exception <a 'java/lang/NoSuchMethodError'{0x000000008a6083f0}: static Lorg/gradle/tooling/internal/provider/PhasedBuildActionResult;.<clinit>()V> (0x000000008a6083f0) 
thrown [s\src\hotspot\share\prims\jni.cpp, line 1144]
Event: 102.836 Thread 0x00000232ebd8f980 Exception <a 'java/lang/NoSuchMethodError'{0x000000008a6123d0}: static Lorg/gradle/tooling/internal/provider/serialization/SerializedPayload;.<clinit>()V> (0x000000008a6123d0) 
thrown [s\src\hotspot\share\prims\jni.cpp, line 1144]
Event: 102.836 Thread 0x00000232ebd8f980 Exception <a 'java/lang/NoSuchMethodError'{0x000000008a616138}: static [B.<clinit>()V> (0x000000008a616138) 
thrown [s\src\hotspot\share\prims\jni.cpp, line 1144]
Event: 104.183 Thread 0x00000232ebc7f4c0 Implicit null exception at 0x00000232d9b56bf9 to 0x00000232d9b56c24
Event: 106.299 Thread 0x00000232f55653f0 Exception <a 'java/lang/NoSuchMethodError'{0x00000000ffd3ccb8}: 'java.lang.Object java.lang.invoke.DirectMethodHandle$Holder.newInvokeSpecial(java.lang.Object, java.lang.Object, int, java.lang.Object, java.lang.Object)'> (0x00000000ffd3ccb8) 
thrown [s\src\hotspot\share\interpreter\linkResolver.cpp, line 784]
Event: 107.958 Thread 0x00000232f55653f0 Exception <a 'java/lang/NoSuchMethodError'{0x000000008ec7b040}: 'java.lang.Object java.lang.invoke.DirectMethodHandle$Holder.invokeVirtual(java.lang.Object, java.lang.Object, java.lang.Object, java.lang.Object, java.lang.Object, java.lang.Object, java.lang.Object, java.lang.Object, java.lang.Object, java.lang.Object, java.lang.Object, java.lang.Object, java.lang.Object, java.lang.Object, java.lang.Object, java.lang.Object, java.lang.Object, java.lang.Object, java.lang.Object)'> (0x000000008ec7b040) 
thrown
Event: 108.273 Thread 0x00000232ebd8f980 Exception <a 'java/lang/NoSuchMethodError'{0x000000008eb759f0}: static Lorg/gradle/internal/build/event/types/DefaultTaskStartedProgressEvent;.<clinit>()V> (0x000000008eb759f0) 
thrown [s\src\hotspot\share\prims\jni.cpp, line 1144]
Event: 108.274 Thread 0x00000232ebd8f980 Exception <a 'java/lang/NoSuchMethodError'{0x000000008eb80c68}: static Lorg/gradle/internal/build/event/types/DefaultTaskDescriptor;.<clinit>()V> (0x000000008eb80c68) 
thrown [s\src\hotspot\share\prims\jni.cpp, line 1144]
Event: 108.366 Thread 0x00000232ebd8f980 Exception <a 'java/lang/NoSuchMethodError'{0x000000008ebc2118}: static Lorg/gradle/internal/build/event/types/DefaultTaskFinishedProgressEvent;.<clinit>()V> (0x000000008ebc2118) 
thrown [s\src\hotspot\share\prims\jni.cpp, line 1144]
Event: 108.367 Thread 0x00000232ebd8f980 Exception <a 'java/lang/NoSuchMethodError'{0x000000008ebf6540}: static Lorg/gradle/internal/build/event/types/DefaultTaskSuccessResult;.<clinit>()V> (0x000000008ebf6540) 
thrown [s\src\hotspot\share\prims\jni.cpp, line 1144]
Event: 108.367 Thread 0x00000232ebd8f980 Exception <a 'java/lang/NoSuchMethodError'{0x000000008ebf7c88}: static Lorg/gradle/internal/build/event/types/AbstractTaskResult;.<clinit>()V> (0x000000008ebf7c88) 
thrown [s\src\hotspot\share\prims\jni.cpp, line 1144]
Event: 108.791 Thread 0x00000232f555e460 Implicit null exception at 0x00000232d9a17a07 to 0x00000232d9a17ad4
Event: 108.926 Thread 0x00000232eb2aba90 Exception <a 'java/lang/NoSuchMethodError'{0x000000008e772e08}: static Ljava/lang/Object;.<clinit>()V> (0x000000008e772e08) 
thrown [s\src\hotspot\share\prims\jni.cpp, line 1144]
Event: 108.968 Thread 0x00000232eb2aba90 Exception <a 'java/lang/NoSuchMethodError'{0x000000008e77e420}: static Lorg/jetbrains/kotlin/gradle/plugin/statistics/MetricContainer;.<clinit>()V> (0x000000008e77e420) 
thrown [s\src\hotspot\share\prims\jni.cpp, line 1144]
Event: 109.575 Thread 0x00000232f555e460 Exception <a 'java/lang/NoSuchMethodError'{0x000000008e3a67b8}: 'void java.lang.invoke.DirectMethodHandle$Holder.invokeStaticInit(java.lang.Object)'> (0x000000008e3a67b8) 
thrown [s\src\hotspot\share\interpreter\linkResolver.cpp, line 784]
Event: 109.577 Thread 0x00000232f555e460 Exception <a 'java/lang/NoSuchMethodError'{0x000000008e3b8048}: 'void java.lang.invoke.DirectMethodHandle$Holder.invokeStatic(java.lang.Object, int)'> (0x000000008e3b8048) 
thrown [s\src\hotspot\share\interpreter\linkResolver.cpp, line 784]
Event: 109.577 Thread 0x00000232f555e460 Exception <a 'java/lang/NoSuchMethodError'{0x000000008e3bb408}: 'void java.lang.invoke.DirectMethodHandle$Holder.invokeStaticInit(java.lang.Object, int)'> (0x000000008e3bb408) 
thrown [s\src\hotspot\share\interpreter\linkResolver.cpp, line 784]

ZGC Phase Switch (0 events):
No events

VM Operations (20 events):
Event: 110.973 Executing VM operation: HandshakeAllThreads (Deoptimize)
Event: 110.973 Executing VM operation: HandshakeAllThreads (Deoptimize) done
Event: 111.973 Executing VM operation: Cleanup
Event: 111.974 Executing VM operation: Cleanup done
Event: 112.980 Executing VM operation: Cleanup
Event: 112.980 Executing VM operation: Cleanup done
Event: 113.983 Executing VM operation: Cleanup
Event: 113.984 Executing VM operation: Cleanup done
Event: 114.041 Executing VM operation: G1CollectForAllocation (G1 Evacuation Pause)
Event: 114.066 Executing VM operation: G1CollectForAllocation (G1 Evacuation Pause) done
Event: 114.312 Executing VM operation: G1PauseRemark
Event: 114.332 Executing VM operation: G1PauseRemark done
Event: 114.405 Executing VM operation: G1PauseCleanup
Event: 114.405 Executing VM operation: G1PauseCleanup done
Event: 120.249 Executing VM operation: HandshakeAllThreads (HandshakeForDeflation)
Event: 120.249 Executing VM operation: HandshakeAllThreads (HandshakeForDeflation) done
Event: 120.249 Executing VM operation: RendezvousGCThreads
Event: 120.249 Executing VM operation: RendezvousGCThreads done
Event: 121.107 Executing VM operation: G1CollectForAllocation (G1 Evacuation Pause)
Event: 121.123 Executing VM operation: G1CollectForAllocation (G1 Evacuation Pause) done

Memory protections (0 events):
No events

Nmethod flushes (20 events):
Event: 114.328 Thread 0x00000232e5b23280 flushing  nmethod 0x00000232d2613390
Event: 114.328 Thread 0x00000232e5b23280 flushing  nmethod 0x00000232d26c3110
Event: 114.328 Thread 0x00000232e5b23280 flushing  nmethod 0x00000232d26d2690
Event: 114.328 Thread 0x00000232e5b23280 flushing  nmethod 0x00000232d2701a90
Event: 114.328 Thread 0x00000232e5b23280 flushing  nmethod 0x00000232d2703810
Event: 114.328 Thread 0x00000232e5b23280 flushing  nmethod 0x00000232d27d2210
Event: 114.328 Thread 0x00000232e5b23280 flushing  nmethod 0x00000232d280bf90
Event: 114.328 Thread 0x00000232e5b23280 flushing  nmethod 0x00000232d2959510
Event: 114.328 Thread 0x00000232e5b23280 flushing  nmethod 0x00000232d29abd10
Event: 114.328 Thread 0x00000232e5b23280 flushing  nmethod 0x00000232d29d1f10
Event: 114.328 Thread 0x00000232e5b23280 flushing  nmethod 0x00000232d29d3990
Event: 114.328 Thread 0x00000232e5b23280 flushing  nmethod 0x00000232d29d3f10
Event: 114.328 Thread 0x00000232e5b23280 flushing  nmethod 0x00000232d29e1f90
Event: 114.328 Thread 0x00000232e5b23280 flushing  nmethod 0x00000232d2a7f210
Event: 114.328 Thread 0x00000232e5b23280 flushing  nmethod 0x00000232d2afe290
Event: 114.328 Thread 0x00000232e5b23280 flushing  nmethod 0x00000232d2afe810
Event: 114.328 Thread 0x00000232e5b23280 flushing  nmethod 0x00000232d2b05210
Event: 114.328 Thread 0x00000232e5b23280 flushing  nmethod 0x00000232d2ccae10
Event: 114.328 Thread 0x00000232e5b23280 flushing  nmethod 0x00000232d2d2da10
Event: 114.328 Thread 0x00000232e5b23280 flushing  nmethod 0x00000232d2e80f90

Events (20 events):
Event: 71.172 Thread 0x00000232ef5dc900 Thread exited: 0x00000232ef5dc900
Event: 72.516 Thread 0x00000232ea06e1c0 Thread added: 0x00000232eed0d660
Event: 73.297 Thread 0x00000232eed0d660 Thread exited: 0x00000232eed0d660
Event: 75.544 Thread 0x00000232ea068210 Thread added: 0x00000232ef81bd10
Event: 76.272 Thread 0x00000232ebc7f4c0 Thread added: 0x00000232eb2aba90
Event: 76.365 Thread 0x00000232ef81bd10 Thread exited: 0x00000232ef81bd10
Event: 78.481 Thread 0x00000232ea06e1c0 Thread added: 0x00000232ee13bb20
Event: 78.829 Thread 0x00000232ee13bb20 Thread exited: 0x00000232ee13bb20
Event: 82.057 Thread 0x00000232ea06e1c0 Thread added: 0x00000232efb3a3b0
Event: 82.331 Thread 0x00000232efb3a3b0 Thread exited: 0x00000232efb3a3b0
Event: 95.909 Thread 0x00000232ebc7f4c0 Thread added: 0x00000232f5562600
Event: 101.871 Thread 0x00000232ebc7f4c0 Thread added: 0x00000232f5561f70
Event: 102.759 Thread 0x00000232f5561f70 Thread exited: 0x00000232f5561f70
Event: 106.148 Thread 0x00000232ebc7f4c0 Thread added: 0x00000232f55653f0
Event: 106.303 Thread 0x00000232f55653f0 Thread added: 0x00000232f5562c90
Event: 106.303 Thread 0x00000232f55653f0 Thread added: 0x00000232f55618e0
Event: 106.303 Thread 0x00000232f55653f0 Thread added: 0x00000232f5561f70
Event: 106.920 Thread 0x00000232f55653f0 Thread added: 0x00000232f555f810
Event: 108.650 Thread 0x00000232ebc7f4c0 Thread added: 0x00000232f555e460
Event: 111.058 Thread 0x00000232ebc7f4c0 Thread added: 0x00000232f5560530


Dynamic libraries:
0x00007ff65a4d0000 - 0x00007ff65a4da000 	D:\android\jbr\bin\java.exe
0x00007ffef73d0000 - 0x00007ffef75e7000 	C:\Windows\SYSTEM32\ntdll.dll
0x00007ffef5ce0000 - 0x00007ffef5da4000 	C:\Windows\System32\KERNEL32.DLL
0x00007ffef4960000 - 0x00007ffef4d30000 	C:\Windows\System32\KERNELBASE.dll
0x00007ffef4e10000 - 0x00007ffef4f21000 	C:\Windows\System32\ucrtbase.dll
0x00007ffef04f0000 - 0x00007ffef0508000 	D:\android\jbr\bin\jli.dll
0x00007ffef0450000 - 0x00007ffef046b000 	D:\android\jbr\bin\VCRUNTIME140.dll
0x00007ffef5f10000 - 0x00007ffef60c1000 	C:\Windows\System32\USER32.dll
0x00007ffef4de0000 - 0x00007ffef4e06000 	C:\Windows\System32\win32u.dll
0x00007ffef62c0000 - 0x00007ffef62e9000 	C:\Windows\System32\GDI32.dll
0x00007ffef4f30000 - 0x00007ffef5053000 	C:\Windows\System32\gdi32full.dll
0x00007ffef44d0000 - 0x00007ffef456a000 	C:\Windows\System32\msvcp_win.dll
0x00007ffedc020000 - 0x00007ffedc2bc000 	C:\Windows\WinSxS\amd64_microsoft.windows.common-controls_6595b64144ccf1df_6.0.22621.5840_none_2710ea077384a4fe\COMCTL32.dll
0x00007ffef60d0000 - 0x00007ffef6177000 	C:\Windows\System32\msvcrt.dll
0x00007ffef6820000 - 0x00007ffef6851000 	C:\Windows\System32\IMM32.DLL
0x00007ffef0440000 - 0x00007ffef044c000 	D:\android\jbr\bin\vcruntime140_1.dll
0x00007ffebac10000 - 0x00007ffebac9d000 	D:\android\jbr\bin\msvcp140.dll
0x00007ffe9ffc0000 - 0x00007ffea0c4e000 	D:\android\jbr\bin\server\jvm.dll
0x00007ffef6200000 - 0x00007ffef62b1000 	C:\Windows\System32\ADVAPI32.dll
0x00007ffef6860000 - 0x00007ffef6908000 	C:\Windows\System32\sechost.dll
0x00007ffef4db0000 - 0x00007ffef4dd8000 	C:\Windows\System32\bcrypt.dll
0x00007ffef6d90000 - 0x00007ffef6ea8000 	C:\Windows\System32\RPCRT4.dll
0x00007ffef6910000 - 0x00007ffef6981000 	C:\Windows\System32\WS2_32.dll
0x00007ffeed740000 - 0x00007ffeed774000 	C:\Windows\SYSTEM32\WINMM.dll
0x00007ffeed730000 - 0x00007ffeed73a000 	C:\Windows\SYSTEM32\VERSION.dll
0x00007ffef3d70000 - 0x00007ffef3dbd000 	C:\Windows\SYSTEM32\POWRPROF.dll
0x00007ffef3d50000 - 0x00007ffef3d63000 	C:\Windows\SYSTEM32\UMPDC.dll
0x00007ffef34a0000 - 0x00007ffef34b8000 	C:\Windows\SYSTEM32\kernel.appcore.dll
0x00007ffee5550000 - 0x00007ffee555a000 	D:\android\jbr\bin\jimage.dll
0x00007ffef1d70000 - 0x00007ffef1fa3000 	C:\Windows\SYSTEM32\DBGHELP.DLL
0x00007ffef6400000 - 0x00007ffef6791000 	C:\Windows\System32\combase.dll
0x00007ffef6c90000 - 0x00007ffef6d68000 	C:\Windows\System32\OLEAUT32.dll
0x00007ffed7130000 - 0x00007ffed7162000 	C:\Windows\SYSTEM32\dbgcore.DLL
0x00007ffef4570000 - 0x00007ffef45eb000 	C:\Windows\System32\bcryptPrimitives.dll
0x00007ffef04e0000 - 0x00007ffef04ee000 	D:\android\jbr\bin\instrument.dll
0x00007ffeddc20000 - 0x00007ffeddc40000 	D:\android\jbr\bin\java.dll
0x00007ffed4f70000 - 0x00007ffed4f88000 	D:\android\jbr\bin\zip.dll
0x00007ffef5340000 - 0x00007ffef5be1000 	C:\Windows\System32\SHELL32.dll
0x00007ffef46b0000 - 0x00007ffef47ef000 	C:\Windows\System32\wintypes.dll
0x00007ffef2360000 - 0x00007ffef2c7a000 	C:\Windows\SYSTEM32\windows.storage.dll
0x00007ffef62f0000 - 0x00007ffef63fa000 	C:\Windows\System32\SHCORE.dll
0x00007ffef5c70000 - 0x00007ffef5cd9000 	C:\Windows\System32\shlwapi.dll
0x00007ffef4400000 - 0x00007ffef4425000 	C:\Windows\SYSTEM32\profapi.dll
0x00007ffedf210000 - 0x00007ffedf220000 	D:\android\jbr\bin\net.dll
0x00007ffeeede0000 - 0x00007ffeeef0c000 	C:\Windows\SYSTEM32\WINHTTP.dll
0x00007ffef3980000 - 0x00007ffef39e9000 	C:\Windows\system32\mswsock.dll
0x00007ffed48c0000 - 0x00007ffed48d6000 	D:\android\jbr\bin\nio.dll
0x00007ffed9140000 - 0x00007ffed9150000 	D:\android\jbr\bin\verify.dll
0x00007ffec9ea0000 - 0x00007ffec9ec7000 	C:\Users\MY DUYEN\.gradle\native\1def1411415f61bf3af743bc5b6707747c0891f09f0c88961ee8f79bc544acac\windows-amd64\native-platform.dll
0x00007ffeb0480000 - 0x00007ffeb04f8000 	C:\Users\MY DUYEN\.gradle\native\0.2.7\x86_64-windows-gnu\gradle-fileevents.dll
0x00007ffedd7f0000 - 0x00007ffedd7f9000 	D:\android\jbr\bin\management.dll
0x00007ffedc010000 - 0x00007ffedc01b000 	D:\android\jbr\bin\management_ext.dll
0x00007ffef6990000 - 0x00007ffef6998000 	C:\Windows\System32\PSAPI.DLL
0x00007ffef2ee0000 - 0x00007ffef2f0d000 	C:\Windows\SYSTEM32\IPHLPAPI.DLL
0x00007ffef67a0000 - 0x00007ffef67a9000 	C:\Windows\System32\NSI.dll
0x00007ffedda30000 - 0x00007ffedda39000 	D:\android\jbr\bin\extnet.dll
0x00007ffef3bd0000 - 0x00007ffef3beb000 	C:\Windows\SYSTEM32\CRYPTSP.dll
0x00007ffef3400000 - 0x00007ffef3437000 	C:\Windows\system32\rsaenh.dll
0x00007ffef3a70000 - 0x00007ffef3a98000 	C:\Windows\SYSTEM32\USERENV.dll
0x00007ffef3bf0000 - 0x00007ffef3bfc000 	C:\Windows\SYSTEM32\CRYPTBASE.dll
0x00007ffeddc10000 - 0x00007ffeddc18000 	C:\Windows\system32\wshunix.dll

dbghelp: loaded successfully - version: 4.0.5 - missing functions: none
symbol engine: initialized successfully - sym options: 0x614 - pdb path: .;D:\android\jbr\bin;C:\Windows\SYSTEM32;C:\Windows\WinSxS\amd64_microsoft.windows.common-controls_6595b64144ccf1df_6.0.22621.5840_none_2710ea077384a4fe;D:\android\jbr\bin\server;C:\Users\MY DUYEN\.gradle\native\1def1411415f61bf3af743bc5b6707747c0891f09f0c88961ee8f79bc544acac\windows-amd64;C:\Users\MY DUYEN\.gradle\native\0.2.7\x86_64-windows-gnu

VM Arguments:
jvm_args: --add-opens=java.base/java.lang=ALL-UNNAMED --add-opens=java.base/java.lang.invoke=ALL-UNNAMED --add-opens=java.base/java.util=ALL-UNNAMED --add-opens=java.prefs/java.util.prefs=ALL-UNNAMED --add-exports=jdk.compiler/com.sun.tools.javac.api=ALL-UNNAMED --add-exports=jdk.compiler/com.sun.tools.javac.util=ALL-UNNAMED --add-opens=java.base/java.util=ALL-UNNAMED --add-opens=java.prefs/java.util.prefs=ALL-UNNAMED --add-opens=java.base/java.nio.charset=ALL-UNNAMED --add-opens=java.base/java.net=ALL-UNNAMED --add-opens=java.base/java.util.concurrent.atomic=ALL-UNNAMED --add-opens=java.xml/javax.xml.namespace=ALL-UNNAMED -Xmx2048m -Dfile.encoding=UTF-8 -Duser.country=US -Duser.language=en -Duser.variant -javaagent:C:\Users\MY DUYEN\.gradle\wrapper\dists\gradle-8.13-bin\5xuhj0ry160q40clulazy9h7d\gradle-8.13\lib\agents\gradle-instrumentation-agent-8.13.jar 
java_command: org.gradle.launcher.daemon.bootstrap.GradleDaemon 8.13
java_class_path (initial): C:\Users\MY DUYEN\.gradle\wrapper\dists\gradle-8.13-bin\5xuhj0ry160q40clulazy9h7d\gradle-8.13\lib\gradle-daemon-main-8.13.jar
Launcher Type: SUN_STANDARD

[Global flags]
     intx CICompilerCount                          = 3                                         {product} {ergonomic}
     uint ConcGCThreads                            = 1                                         {product} {ergonomic}
     uint G1ConcRefinementThreads                  = 4                                         {product} {ergonomic}
   size_t G1HeapRegionSize                         = 1048576                                   {product} {ergonomic}
    uintx GCDrainStackTargetSize                   = 64                                        {product} {ergonomic}
   size_t InitialHeapSize                          = 130023424                                 {product} {ergonomic}
   size_t MarkStackSize                            = 4194304                                   {product} {ergonomic}
   size_t MaxHeapSize                              = 2147483648                                {product} {command line}
   size_t MaxNewSize                               = 1287651328                                {product} {ergonomic}
   size_t MinHeapDeltaBytes                        = 1048576                                   {product} {ergonomic}
   size_t MinHeapSize                              = 8388608                                   {product} {ergonomic}
    uintx NonNMethodCodeHeapSize                   = 5832780                                {pd product} {ergonomic}
    uintx NonProfiledCodeHeapSize                  = 122912730                              {pd product} {ergonomic}
    uintx ProfiledCodeHeapSize                     = 122912730                              {pd product} {ergonomic}
    uintx ReservedCodeCacheSize                    = 251658240                              {pd product} {ergonomic}
     bool SegmentedCodeCache                       = true                                      {product} {ergonomic}
   size_t SoftMaxHeapSize                          = 2147483648                             {manageable} {ergonomic}
     bool UseCompressedOops                        = true                           {product lp64_product} {ergonomic}
     bool UseG1GC                                  = true                                      {product} {ergonomic}
     bool UseLargePagesIndividualAllocation        = false                                  {pd product} {ergonomic}

Logging:
Log output configuration:
 #0: stdout all=warning uptime,level,tags foldmultilines=false
 #1: stderr all=off uptime,level,tags foldmultilines=false

Environment Variables:
PATH=C:\Windows\system32;C:\Windows;C:\Windows\System32\Wbem;C:\Windows\System32\WindowsPowerShell\v1.0\;C:\Windows\System32\OpenSSH\;C:\Program Files\Microsoft SQL Server\150\Tools\Binn\;C:\Program Files (x86)\Windows Kits\10\Windows Performance Toolkit\;C:\Program Files (x86)\Git\cmd;C:\Program Files\GitHub CLI\;C:\Program Files\Docker\Docker\resources\bin;C:\Program Files (x86)\Eclipse\Sumo\bin\;C:\Program Files (x86)\Eclipse\Sumo\tools\;D:\Git\cmd;D:\Downloads\flutter_windows_3.35.5-stable\flutter\bin;C:\Users\MY DUYEN\Downloads\python-3.13.2-amd64.exe;C:\Users\MY DUYEN\AppData\Local\Programs\Python\Python313\;C:\Users\MY DUYEN\AppData\Local\Programs\Python\Launcher\;C:\Users\MY DUYEN\AppData\Local\Microsoft\WindowsApps;C:\Users\MY DUYEN\AppData\Local\Programs\Microsoft VS Code\bin;C:\sumo\bin;
USERNAME=MY DUYEN
OS=Windows_NT
PROCESSOR_IDENTIFIER=Intel64 Family 6 Model 140 Stepping 1, GenuineIntel
TMP=C:\Users\MYDUYE~1\AppData\Local\Temp
TEMP=C:\Users\MYDUYE~1\AppData\Local\Temp




Periodic native trim disabled

JNI global refs:
JNI global refs: 26, weak refs: 0

JNI global refs memory usage: 835, weak refs: 201

Process memory usage:
Resident Set Size: 313036K (3% of 8075976K total physical memory with 790104K free physical memory)

OOME stack traces (most recent first):
Classloader memory used:
Loader org.gradle.internal.classloader.VisitableURLClassLoader                         : 42718K
Loader org.gradle.internal.classloader.VisitableURLClassLoader$InstrumentingVisitableURLClassLoader: 30469K
Loader bootstrap                                                                       : 28185K
Loader org.gradle.initialization.MixInLegacyTypesClassLoader                           : 12686K
Loader org.gradle.internal.classloader.VisitableURLClassLoader                         : 2007K
Loader jdk.internal.loader.ClassLoaders$PlatformClassLoader                            : 511K
Loader jdk.internal.reflect.DelegatingClassLoader                                      : 474K
Loader jdk.internal.loader.ClassLoaders$AppClassLoader                                 : 235K
Loader org.gradle.groovy.scripts.internal.DefaultScriptCompilationHandler$ScriptClassLoader: 91552B
Loader org.codehaus.groovy.runtime.callsite.CallSiteClassLoader                        : 49752B


[error occurred during error reporting (Classloader stats), id 0xe0000001, Out of Memory Error (s\src\hotspot\share\memory\arena.cpp:168)]
---------------  S Y S T E M  ---------------

OS:
 Windows 11 , 64 bit Build 22621 (10.0.22621.5415)
OS uptime: 0 days 2:59 hours
Hyper-V role detected

CPU: total 4 (initial active 4) (2 cores per cpu, 2 threads per core) family 6 model 140 stepping 1 microcode 0xa4, cx8, cmov, fxsr, ht, mmx, 3dnowpref, sse, sse2, sse3, ssse3, sse4.1, sse4.2, popcnt, lzcnt, tsc, tscinvbit, avx, avx2, aes, erms, clmul, bmi1, bmi2, adx, avx512f, avx512dq, avx512cd, avx512bw, avx512vl, sha, fma, vzeroupper, avx512_vpopcntdq, avx512_vpclmulqdq, avx512_vaes, avx512_vnni, clflush, clflushopt, clwb, avx512_vbmi2, avx512_vbmi, hv, rdtscp, rdpid, fsrm, gfni, avx512_bitalg, f16c, cet_ibt, cet_ss, avx512_ifma
Processor Information for the first 4 processors :
  Max Mhz: 2995, Current Mhz: 2995, Mhz Limit: 2995

Memory: 4k page, system-wide physical 7886M (756M free)
TotalPageFile size 18574M (AvailPageFile size 1M)
current process WorkingSet (physical memory assigned to process): 318M, peak: 400M
current process commit charge ("private bytes"): 570M, peak: 577M

vm_info: OpenJDK 64-Bit Server VM (21.0.7+-13880790-b1038.58) for windows-amd64 JRE (21.0.7+-13880790-b1038.58), built on 2025-08-04T20:56:21Z by "builder" with MS VC++ 16.10 / 16.11 (VS2019)

END.
